<?xml version="1.0" encoding="utf-8"?>
<test-run id="2" testcasecount="8" result="Passed" total="8" passed="8" failed="0" inconclusive="0" skipped="0" asserts="0" engine-version="3.5.0.0" clr-version="4.0.30319.42000" start-time="2026-08-23 23:13:51Z" end-time="2026-08-23 23:13:52Z" duration="0.8126606">
  <test-suite type="TestSuite" id="1000" name="level5" fullname="level5" runstate="Runnable" testcasecount="541" result="Passed" start-time="2026-08-23 23:13:51Z" end-time="2026-08-23 23:13:52Z" duration="0.812661" total="8" passed="8" failed="0" inconclusive="0" skipped="0" asserts="0">
    <properties>
      <property name="platform" value="EditMode" />
    </properties>
    <test-suite type="Assembly" id="1597" name="Assembly-CSharp-Editor.dll" fullname="C:/Users/Patrick/Documents/github/level5/Library/ScriptAssemblies/Assembly-CSharp-Editor.dll" runstate="Runnable" testcasecount="541" result="Passed" start-time="2026-08-23 23:13:51Z" end-time="2026-08-23 23:13:52Z" duration="0.803487" total="8" passed="8" failed="0" inconclusive="0" skipped="0" asserts="0">
      <properties>
        <property name="_PID" value="49764" />
        <property name="_APPDOMAIN" value="Unity Child Domain" />
        <property name="platform" value="EditMode" />
        <property name="EditorOnly" value="True" />
      </properties>
      <test-suite type="TestFixture" id="1148" name="Level5DocumentationExporterTests" fullname="Level5DocumentationExporterTests" classname="Level5DocumentationExporterTests" runstate="Runnable" testcasecount="8" result="Passed" start-time="2026-08-23 23:13:51Z" end-time="2026-08-23 23:13:52Z" duration="0.797060" total="8" passed="8" failed="0" inconclusive="0" skipped="0" asserts="0">
        <properties />
        <test-case id="1150" name="HierarchyPathDisambiguatesDuplicateSiblingNamesAndEscapesDelimiters" fullname="Level5DocumentationExporterTests.HierarchyPathDisambiguatesDuplicateSiblingNamesAndEscapesDelimiters" methodname="HierarchyPathDisambiguatesDuplicateSiblingNamesAndEscapesDelimiters" classname="Level5DocumentationExporterTests" runstate="Runnable" seed="970380198" result="Passed" start-time="2026-08-23 23:13:51Z" end-time="2026-08-23 23:13:51Z" duration="0.016827" asserts="0">
          <properties>
            <property name="retryIteration" value="0" />
            <property name="repeatIteration" value="0" />
          </properties>
        </test-case>
        <test-case id="1155" name="NormalizeLineEndingsProducesDeterministicUtf8LfOutput" fullname="Level5DocumentationExporterTests.NormalizeLineEndingsProducesDeterministicUtf8LfOutput" methodname="NormalizeLineEndingsProducesDeterministicUtf8LfOutput" classname="Level5DocumentationExporterTests" runstate="Runnable" seed="1893797327" result="Passed" start-time="2026-08-23 23:13:51Z" end-time="2026-08-23 23:13:51Z" duration="0.000508" asserts="0">
          <properties>
            <property name="retryIteration" value="0" />
            <property name="repeatIteration" value="0" />
          </properties>
        </test-case>
        <test-case id="1156" name="OrdinaryPersistentAssetsKeepConciseAssetPathReferences" fullname="Level5DocumentationExporterTests.OrdinaryPersistentAssetsKeepConciseAssetPathReferences" methodname="OrdinaryPersistentAssetsKeepConciseAssetPathReferences" classname="Level5DocumentationExporterTests" runstate="Runnable" seed="20625618" result="Passed" start-time="2026-08-23 23:13:51Z" end-time="2026-08-23 23:13:51Z" duration="0.268292" asserts="0">
          <properties>
            <property name="retryIteration" value="0" />
            <property name="repeatIteration" value="0" />
          </properties>
          <output><![CDATA[No script asset for DocumentationExporterTestAsset. Check that the definition is in a file of the same name and that it compiles properly.
]]></output>
        </test-case>
        <test-case id="1151" name="PrefabInternalReferencesPreserveChildAndDuplicateComponentIdentity" fullname="Level5DocumentationExporterTests.PrefabInternalReferencesPreserveChildAndDuplicateComponentIdentity" methodname="PrefabInternalReferencesPreserveChildAndDuplicateComponentIdentity" classname="Level5DocumentationExporterTests" runstate="Runnable" seed="1786679110" result="Passed" start-time="2026-08-23 23:13:51Z" end-time="2026-08-23 23:13:51Z" duration="0.249092" asserts="0">
          <properties>
            <property name="retryIteration" value="0" />
            <property name="repeatIteration" value="0" />
          </properties>
        </test-case>
        <test-case id="1153" name="RequiredRootsIncludeCpuSelectionCatalog" fullname="Level5DocumentationExporterTests.RequiredRootsIncludeCpuSelectionCatalog" methodname="RequiredRootsIncludeCpuSelectionCatalog" classname="Level5DocumentationExporterTests" runstate="Runnable" seed="1590962826" result="Passed" start-time="2026-08-23 23:13:51Z" end-time="2026-08-23 23:13:51Z" duration="0.000858" asserts="0">
          <properties>
            <property name="retryIteration" value="0" />
            <property name="repeatIteration" value="0" />
          </properties>
        </test-case>
        <test-case id="1154" name="RequiredRootsIncludeFallbackSupportCatalog" fullname="Level5DocumentationExporterTests.RequiredRootsIncludeFallbackSupportCatalog" methodname="RequiredRootsIncludeFallbackSupportCatalog" classname="Level5DocumentationExporterTests" runstate="Runnable" seed="1780247102" result="Passed" start-time="2026-08-23 23:13:51Z" end-time="2026-08-23 23:13:51Z" duration="0.000180" asserts="0">
          <properties>
            <property name="retryIteration" value="0" />
            <property name="repeatIteration" value="0" />
          </properties>
        </test-case>
        <test-case id="1149" name="SchemaVersionReflectsStableIdentityContract" fullname="Level5DocumentationExporterTests.SchemaVersionReflectsStableIdentityContract" methodname="SchemaVersionReflectsStableIdentityContract" classname="Level5DocumentationExporterTests" runstate="Runnable" seed="123421415" result="Passed" start-time="2026-08-23 23:13:51Z" end-time="2026-08-23 23:13:51Z" duration="0.000133" asserts="0">
          <properties>
            <property name="retryIteration" value="0" />
            <property name="repeatIteration" value="0" />
          </properties>
        </test-case>
        <test-case id="1152" name="TargetedPrefabExportPreservesAllDuplicateComponents" fullname="Level5DocumentationExporterTests.TargetedPrefabExportPreservesAllDuplicateComponents" methodname="TargetedPrefabExportPreservesAllDuplicateComponents" classname="Level5DocumentationExporterTests" runstate="Runnable" seed="1586160817" result="Passed" start-time="2026-08-23 23:13:51Z" end-time="2026-08-23 23:13:52Z" duration="0.248493" asserts="0">
          <properties>
            <property name="retryIteration" value="0" />
            <property name="repeatIteration" value="0" />
          </properties>
          <output><![CDATA[Saving results to: C:/Users/Patrick/AppData/LocalLow/level5/level5\TestResults.xml
]]></output>
        </test-case>
      </test-suite>
    </test-suite>
  </test-suite>
</test-run>