<?xml version="1.0" encoding="utf-8"?>
<test-run id="2" testcasecount="541" result="Passed" total="541" passed="541" failed="0" inconclusive="0" skipped="0" asserts="0" engine-version="3.5.0.0" clr-version="4.0.30319.42000" start-time="2026-08-23 23:31:28Z" end-time="2026-08-23 23:31:34Z" duration="5.3165461">
  <test-suite type="TestSuite" id="1000" name="level5" fullname="level5" runstate="Runnable" testcasecount="541" result="Passed" start-time="2026-08-23 23:31:28Z" end-time="2026-08-23 23:31:34Z" duration="5.316546" total="541" passed="541" failed="0" inconclusive="0" skipped="0" asserts="0">
    <properties>
      <property name="platform" value="EditMode" />
    </properties>
    <test-suite type="Assembly" id="1597" name="Assembly-CSharp-Editor.dll" fullname="C:/Users/Patrick/Documents/github/level5/Library/ScriptAssemblies/Assembly-CSharp-Editor.dll" runstate="Runnable" testcasecount="541" result="Passed" start-time="2026-08-23 23:31:28Z" end-time="2026-08-23 23:31:34Z" duration="5.300088" total="541" passed="541" failed="0" inconclusive="0" skipped="0" asserts="0">
      <properties>
        <property name="_PID" value="58640" />
        <property name="_APPDOMAIN" value="Unity Child Domain" />
        <property name="platform" value="EditMode" />
        <property name="EditorOnly" value="True" />
      </properties>
      <test-suite type="TestFixture" id="1001" name="Level5ActorHealthTests" fullname="Level5ActorHealthTests" classname="Level5ActorHealthTests" runstate="Runnable" testcasecount="10" result="Passed" start-time="2026-08-23 23:31:28Z" end-time="2026-08-23 23:31:28Z" duration="0.030591" total="10" passed="10" failed="0" inconclusive="0" skipped="0" asserts="0">
        <properties />
        <test-case id="1011" name="DamageableContractReportsTheSameNumbers" fullname="Level5ActorHealthTests.DamageableContractReportsTheSameNumbers" methodname="DamageableContractReportsTheSameNumbers" classname="Level5ActorHealthTests" runstate="Runnable" seed="912537678" result="Passed" start-time="2026-08-23 23:31:28Z" end-time="2026-08-23 23:31:28Z" duration="0.015063" asserts="0">
          <properties>
            <property name="retryIteration" value="0" />
            <property name="repeatIteration" value="0" />
          </properties>
        </test-case>
        <test-case id="1005" name="DamageAndHealingAreIgnoredOnceDead" fullname="Level5ActorHealthTests.DamageAndHealingAreIgnoredOnceDead" methodname="DamageAndHealingAreIgnoredOnceDead" classname="Level5ActorHealthTests" runstate="Runnable" seed="720517174" result="Passed" start-time="2026-08-23 23:31:28Z" end-time="2026-08-23 23:31:28Z" duration="0.001036" asserts="0">
          <properties>
            <property name="retryIteration" value="0" />
            <property name="repeatIteration" value="0" />
          </properties>
        </test-case>
        <test-case id="1004" name="DamageIsClampedAtZeroAndLatchesDeath" fullname="Level5ActorHealthTests.DamageIsClampedAtZeroAndLatchesDeath" methodname="DamageIsClampedAtZeroAndLatchesDeath" classname="Level5ActorHealthTests" runstate="Runnable" seed="1361283716" result="Passed" start-time="2026-08-23 23:31:28Z" end-time="2026-08-23 23:31:28Z" duration="0.000388" asserts="0">
          <properties>
            <property name="retryIteration" value="0" />
            <property name="repeatIteration" value="0" />
          </properties>
        </test-case>
        <test-case id="1008" name="DiedIsRaisedExactlyOnce" fullname="Level5ActorHealthTests.DiedIsRaisedExactlyOnce" methodname="DiedIsRaisedExactlyOnce" classname="Level5ActorHealthTests" runstate="Runnable" seed="1564143852" result="Passed" start-time="2026-08-23 23:31:28Z" end-time="2026-08-23 23:31:28Z" duration="0.000452" asserts="0">
          <properties>
            <property name="retryIteration" value="0" />
            <property name="repeatIteration" value="0" />
          </properties>
        </test-case>
        <test-case id="1003" name="HardcoreAddsAQuarterOfMaxHealth" fullname="Level5ActorHealthTests.HardcoreAddsAQuarterOfMaxHealth" methodname="HardcoreAddsAQuarterOfMaxHealth" classname="Level5ActorHealthTests" runstate="Runnable" seed="210500914" result="Passed" start-time="2026-08-23 23:31:28Z" end-time="2026-08-23 23:31:28Z" duration="0.000319" asserts="0">
          <properties>
            <property name="retryIteration" value="0" />
            <property name="repeatIteration" value="0" />
          </properties>
        </test-case>
        <test-case id="1006" name="HealingIsClampedToMaxHealth" fullname="Level5ActorHealthTests.HealingIsClampedToMaxHealth" methodname="HealingIsClampedToMaxHealth" classname="Level5ActorHealthTests" runstate="Runnable" seed="708143856" result="Passed" start-time="2026-08-23 23:31:28Z" end-time="2026-08-23 23:31:28Z" duration="0.000251" asserts="0">
          <properties>
            <property name="retryIteration" value="0" />
            <property name="repeatIteration" value="0" />
          </properties>
        </test-case>
        <test-case id="1009" name="HealthChangedIsNotRaisedForAnUnchangedValue" fullname="Level5ActorHealthTests.HealthChangedIsNotRaisedForAnUnchangedValue" methodname="HealthChangedIsNotRaisedForAnUnchangedValue" classname="Level5ActorHealthTests" runstate="Runnable" seed="600284729" result="Passed" start-time="2026-08-23 23:31:28Z" end-time="2026-08-23 23:31:28Z" duration="0.000379" asserts="0">
          <properties>
            <property name="retryIteration" value="0" />
            <property name="repeatIteration" value="0" />
          </properties>
        </test-case>
        <test-case id="1007" name="NonPositiveAmountsAreNoOps" fullname="Level5ActorHealthTests.NonPositiveAmountsAreNoOps" methodname="NonPositiveAmountsAreNoOps" classname="Level5ActorHealthTests" runstate="Runnable" seed="1308311272" result="Passed" start-time="2026-08-23 23:31:28Z" end-time="2026-08-23 23:31:28Z" duration="0.000281" asserts="0">
          <properties>
            <property name="retryIteration" value="0" />
            <property name="repeatIteration" value="0" />
          </properties>
        </test-case>
        <test-case id="1002" name="ResetStartsAtFullHealthAndAlive" fullname="Level5ActorHealthTests.ResetStartsAtFullHealthAndAlive" methodname="ResetStartsAtFullHealthAndAlive" classname="Level5ActorHealthTests" runstate="Runnable" seed="421967750" result="Passed" start-time="2026-08-23 23:31:28Z" end-time="2026-08-23 23:31:28Z" duration="0.000259" asserts="0">
          <properties>
            <property name="retryIteration" value="0" />
            <property name="repeatIteration" value="0" />
          </properties>
        </test-case>
        <test-case id="1010" name="SettingIsDeadDirectlyZeroesHealth" fullname="Level5ActorHealthTests.SettingIsDeadDirectlyZeroesHealth" methodname="SettingIsDeadDirectlyZeroesHealth" classname="Level5ActorHealthTests" runstate="Runnable" seed="572956307" result="Passed" start-time="2026-08-23 23:31:28Z" end-time="2026-08-23 23:31:28Z" duration="0.000243" asserts="0">
          <properties>
            <property name="retryIteration" value="0" />
            <property name="repeatIteration" value="0" />
          </properties>
        </test-case>
      </test-suite>
      <test-suite type="TestFixture" id="1012" name="Level5AuthoredMatchDataTests" fullname="Level5AuthoredMatchDataTests" classname="Level5AuthoredMatchDataTests" runstate="Runnable" testcasecount="7" result="Passed" start-time="2026-08-23 23:31:28Z" end-time="2026-08-23 23:31:29Z" duration="0.083029" total="7" passed="7" failed="0" inconclusive="0" skipped="0" asserts="0">
        <properties />
        <test-case id="1016" name="AuthoredLevelIdsAreUnique" fullname="Level5AuthoredMatchDataTests.AuthoredLevelIdsAreUnique" methodname="AuthoredLevelIdsAreUnique" classname="Level5AuthoredMatchDataTests" runstate="Runnable" seed="1007123797" result="Passed" start-time="2026-08-23 23:31:28Z" end-time="2026-08-23 23:31:28Z" duration="0.065233" asserts="0">
          <properties>
            <property name="retryIteration" value="0" />
            <property name="repeatIteration" value="0" />
          </properties>
        </test-case>
        <test-case id="1015" name="AuthoredModeIdsAreUniqueAndKnown" fullname="Level5AuthoredMatchDataTests.AuthoredModeIdsAreUniqueAndKnown" methodname="AuthoredModeIdsAreUniqueAndKnown" classname="Level5AuthoredMatchDataTests" runstate="Runnable" seed="1352314645" result="Passed" start-time="2026-08-23 23:31:28Z" end-time="2026-08-23 23:31:28Z" duration="0.003580" asserts="0">
          <properties>
            <property name="retryIteration" value="0" />
            <property name="repeatIteration" value="0" />
          </properties>
        </test-case>
        <test-case id="1017" name="EveryAuthoredLevelRoundTripsThroughArenaCapabilities" fullname="Level5AuthoredMatchDataTests.EveryAuthoredLevelRoundTripsThroughArenaCapabilities" methodname="EveryAuthoredLevelRoundTripsThroughArenaCapabilities" classname="Level5AuthoredMatchDataTests" runstate="Runnable" seed="1362517935" result="Passed" start-time="2026-08-23 23:31:28Z" end-time="2026-08-23 23:31:28Z" duration="0.001234" asserts="0">
          <properties>
            <property name="retryIteration" value="0" />
            <property name="repeatIteration" value="0" />
          </properties>
        </test-case>
        <test-case id="1018" name="EveryAuthoredModeCanBePlayedSomewhere" fullname="Level5AuthoredMatchDataTests.EveryAuthoredModeCanBePlayedSomewhere" methodname="EveryAuthoredModeCanBePlayedSomewhere" classname="Level5AuthoredMatchDataTests" runstate="Runnable" seed="675404236" result="Passed" start-time="2026-08-23 23:31:28Z" end-time="2026-08-23 23:31:29Z" duration="0.003936" asserts="0">
          <properties>
            <property name="retryIteration" value="0" />
            <property name="repeatIteration" value="0" />
          </properties>
        </test-case>
        <test-case id="1013" name="EveryAuthoredModeRoundTripsThroughTheRuleDimensions" fullname="Level5AuthoredMatchDataTests.EveryAuthoredModeRoundTripsThroughTheRuleDimensions" methodname="EveryAuthoredModeRoundTripsThroughTheRuleDimensions" classname="Level5AuthoredMatchDataTests" runstate="Runnable" seed="1999744789" result="Passed" start-time="2026-08-23 23:31:29Z" end-time="2026-08-23 23:31:29Z" duration="0.002558" asserts="0">
          <properties>
            <property name="retryIteration" value="0" />
            <property name="repeatIteration" value="0" />
          </properties>
        </test-case>
        <test-case id="1014" name="NoAuthoredModeSaysSomethingTheRuleDimensionsCannotHold" fullname="Level5AuthoredMatchDataTests.NoAuthoredModeSaysSomethingTheRuleDimensionsCannotHold" methodname="NoAuthoredModeSaysSomethingTheRuleDimensionsCannotHold" classname="Level5AuthoredMatchDataTests" runstate="Runnable" seed="1558667456" result="Passed" start-time="2026-08-23 23:31:29Z" end-time="2026-08-23 23:31:29Z" duration="0.001365" asserts="0">
          <properties>
            <property name="retryIteration" value="0" />
            <property name="repeatIteration" value="0" />
          </properties>
        </test-case>
        <test-case id="1019" name="TheCampaignStartLevelCanHostTheCampaignMode" fullname="Level5AuthoredMatchDataTests.TheCampaignStartLevelCanHostTheCampaignMode" methodname="TheCampaignStartLevelCanHostTheCampaignMode" classname="Level5AuthoredMatchDataTests" runstate="Runnable" seed="2109227033" result="Passed" start-time="2026-08-23 23:31:29Z" end-time="2026-08-23 23:31:29Z" duration="0.003110" asserts="0">
          <properties>
            <property name="retryIteration" value="0" />
            <property name="repeatIteration" value="0" />
          </properties>
        </test-case>
      </test-suite>
      <test-suite type="TestFixture" id="1020" name="Level5AutonomousActorTests" fullname="Level5AutonomousActorTests" classname="Level5AutonomousActorTests" runstate="Runnable" testcasecount="12" result="Passed" start-time="2026-08-23 23:31:29Z" end-time="2026-08-23 23:31:29Z" duration="0.170074" total="12" passed="12" failed="0" inconclusive="0" skipped="0" asserts="0">
        <properties />
        <test-case id="1027" name="ABodyGuardNeverGoesBlindInsideItsOwnInterceptionRange" fullname="Level5AutonomousActorTests.ABodyGuardNeverGoesBlindInsideItsOwnInterceptionRange" methodname="ABodyGuardNeverGoesBlindInsideItsOwnInterceptionRange" classname="Level5AutonomousActorTests" runstate="Runnable" seed="251815447" result="Passed" start-time="2026-08-23 23:31:29Z" end-time="2026-08-23 23:31:29Z" duration="0.000470" asserts="0">
          <properties>
            <property name="retryIteration" value="0" />
            <property name="repeatIteration" value="0" />
          </properties>
        </test-case>
        <test-case id="1025" name="ABodyGuardOnlySightsEnemiesWithinItsOwnReach" fullname="Level5AutonomousActorTests.ABodyGuardOnlySightsEnemiesWithinItsOwnReach" methodname="ABodyGuardOnlySightsEnemiesWithinItsOwnReach" classname="Level5AutonomousActorTests" runstate="Runnable" seed="1796146003" result="Passed" start-time="2026-08-23 23:31:29Z" end-time="2026-08-23 23:31:29Z" duration="0.000857" asserts="0">
          <properties>
            <property name="retryIteration" value="0" />
            <property name="repeatIteration" value="0" />
          </properties>
        </test-case>
        <test-case id="1026" name="ABodyGuardSightsWhenAnyQueuedEnemyIsInReachAndNotWhenTheQueueIsEmpty" fullname="Level5AutonomousActorTests.ABodyGuardSightsWhenAnyQueuedEnemyIsInReachAndNotWhenTheQueueIsEmpty" methodname="ABodyGuardSightsWhenAnyQueuedEnemyIsInReachAndNotWhenTheQueueIsEmpty" classname="Level5AutonomousActorTests" runstate="Runnable" seed="380673250" result="Passed" start-time="2026-08-23 23:31:29Z" end-time="2026-08-23 23:31:29Z" duration="0.000316" asserts="0">
          <properties>
            <property name="retryIteration" value="0" />
            <property name="repeatIteration" value="0" />
          </properties>
        </test-case>
        <test-case id="1031" name="ActionableRangeHonoursAnAuthoredSightWiderThanTheInterceptionLeash" fullname="Level5AutonomousActorTests.ActionableRangeHonoursAnAuthoredSightWiderThanTheInterceptionLeash" methodname="ActionableRangeHonoursAnAuthoredSightWiderThanTheInterceptionLeash" classname="Level5AutonomousActorTests" runstate="Runnable" seed="1833320172" result="Passed" start-time="2026-08-23 23:31:29Z" end-time="2026-08-23 23:31:29Z" duration="0.000157" asserts="0">
          <properties>
            <property name="retryIteration" value="0" />
            <property name="repeatIteration" value="0" />
          </properties>
        </test-case>
        <test-case id="1029" name="ActionableRangeTreatsSightAndInterceptionConsistentlyAtTheSameDistance" fullname="Level5AutonomousActorTests.ActionableRangeTreatsSightAndInterceptionConsistentlyAtTheSameDistance" methodname="ActionableRangeTreatsSightAndInterceptionConsistentlyAtTheSameDistance" classname="Level5AutonomousActorTests" runstate="Runnable" seed="126148113" result="Passed" start-time="2026-08-23 23:31:29Z" end-time="2026-08-23 23:31:29Z" duration="0.000122" asserts="0">
          <properties>
            <property name="retryIteration" value="0" />
            <property name="repeatIteration" value="0" />
          </properties>
        </test-case>
        <test-case id="1030" name="ActionableRangeTreatsTheInterceptionEnvelopeAndGuardSightAsIndependentPaths" fullname="Level5AutonomousActorTests.ActionableRangeTreatsTheInterceptionEnvelopeAndGuardSightAsIndependentPaths" methodname="ActionableRangeTreatsTheInterceptionEnvelopeAndGuardSightAsIndependentPaths" classname="Level5AutonomousActorTests" runstate="Runnable" seed="670404132" result="Passed" start-time="2026-08-23 23:31:29Z" end-time="2026-08-23 23:31:29Z" duration="0.000124" asserts="0">
          <properties>
            <property name="retryIteration" value="0" />
            <property name="repeatIteration" value="0" />
          </properties>
        </test-case>
        <test-case id="1028" name="ADestroyedEnemyIsNotSightedAndAZeroReachSightsNothing" fullname="Level5AutonomousActorTests.ADestroyedEnemyIsNotSightedAndAZeroReachSightsNothing" methodname="ADestroyedEnemyIsNotSightedAndAZeroReachSightsNothing" classname="Level5AutonomousActorTests" runstate="Runnable" seed="185635668" result="Passed" start-time="2026-08-23 23:31:29Z" end-time="2026-08-23 23:31:29Z" duration="0.000197" asserts="0">
          <properties>
            <property name="retryIteration" value="0" />
            <property name="repeatIteration" value="0" />
          </properties>
        </test-case>
        <test-case id="1021" name="EachHumanSlotResolvesItsOwnCharacter" fullname="Level5AutonomousActorTests.EachHumanSlotResolvesItsOwnCharacter" methodname="EachHumanSlotResolvesItsOwnCharacter" classname="Level5AutonomousActorTests" runstate="Runnable" seed="491794917" result="Passed" start-time="2026-08-23 23:31:29Z" end-time="2026-08-23 23:31:29Z" duration="0.000585" asserts="0">
          <properties>
            <property name="retryIteration" value="0" />
            <property name="repeatIteration" value="0" />
          </properties>
        </test-case>
        <test-case id="1024" name="EnemyCapsMatchTheValuesTheyReplaced" fullname="Level5AutonomousActorTests.EnemyCapsMatchTheValuesTheyReplaced" methodname="EnemyCapsMatchTheValuesTheyReplaced" classname="Level5AutonomousActorTests" runstate="Runnable" seed="1057132087" result="Passed" start-time="2026-08-23 23:31:29Z" end-time="2026-08-23 23:31:29Z" duration="0.000602" asserts="0">
          <properties>
            <property name="retryIteration" value="0" />
            <property name="repeatIteration" value="0" />
          </properties>
        </test-case>
        <test-case id="1022" name="HumanSlotWithoutACharacterFallsBackToThePrimaryId" fullname="Level5AutonomousActorTests.HumanSlotWithoutACharacterFallsBackToThePrimaryId" methodname="HumanSlotWithoutACharacterFallsBackToThePrimaryId" classname="Level5AutonomousActorTests" runstate="Runnable" seed="895992926" result="Passed" start-time="2026-08-23 23:31:29Z" end-time="2026-08-23 23:31:29Z" duration="0.001726" asserts="0">
          <properties>
            <property name="retryIteration" value="0" />
            <property name="repeatIteration" value="0" />
          </properties>
        </test-case>
        <test-case id="1023" name="QueueCapacityIsNeverBelowTheSpawnCap" fullname="Level5AutonomousActorTests.QueueCapacityIsNeverBelowTheSpawnCap" methodname="QueueCapacityIsNeverBelowTheSpawnCap" classname="Level5AutonomousActorTests" runstate="Runnable" seed="460925072" result="Passed" start-time="2026-08-23 23:31:29Z" end-time="2026-08-23 23:31:29Z" duration="0.002644" asserts="0">
          <properties>
            <property name="retryIteration" value="0" />
            <property name="repeatIteration" value="0" />
          </properties>
        </test-case>
        <test-case id="1032" name="TheLockdownDefenderOutrunsEveryAuthoredPlayerSpeed" fullname="Level5AutonomousActorTests.TheLockdownDefenderOutrunsEveryAuthoredPlayerSpeed" methodname="TheLockdownDefenderOutrunsEveryAuthoredPlayerSpeed" classname="Level5AutonomousActorTests" runstate="Runnable" seed="964544578" result="Passed" start-time="2026-08-23 23:31:29Z" end-time="2026-08-23 23:31:29Z" duration="0.159585" asserts="0">
          <properties>
            <property name="retryIteration" value="0" />
            <property name="repeatIteration" value="0" />
          </properties>
        </test-case>
      </test-suite>
      <test-suite type="TestFixture" id="1033" name="Level5BasketballShotPipelineTests" fullname="Level5BasketballShotPipelineTests" classname="Level5BasketballShotPipelineTests" runstate="Runnable" testcasecount="7" result="Passed" start-time="2026-08-23 23:31:29Z" end-time="2026-08-23 23:31:29Z" duration="0.025383" total="7" passed="7" failed="0" inconclusive="0" skipped="0" asserts="0">
        <properties />
        <test-case id="1040" name="ADegenerateShooterProducesAZeroVelocityShotRatherThanNaN" fullname="Level5BasketballShotPipelineTests.ADegenerateShooterProducesAZeroVelocityShotRatherThanNaN" methodname="ADegenerateShooterProducesAZeroVelocityShotRatherThanNaN" classname="Level5BasketballShotPipelineTests" runstate="Runnable" seed="995760793" result="Passed" start-time="2026-08-23 23:31:29Z" end-time="2026-08-23 23:31:29Z" duration="0.003556" asserts="0">
          <properties>
            <property name="retryIteration" value="0" />
            <property name="repeatIteration" value="0" />
          </properties>
        </test-case>
        <test-case id="1034" name="CertainLuckAndInRangeShotIsAlwaysASwishWithNoModifiers" fullname="Level5BasketballShotPipelineTests.CertainLuckAndInRangeShotIsAlwaysASwishWithNoModifiers" methodname="CertainLuckAndInRangeShotIsAlwaysASwishWithNoModifiers" classname="Level5BasketballShotPipelineTests" runstate="Runnable" seed="566058515" result="Passed" start-time="2026-08-23 23:31:29Z" end-time="2026-08-23 23:31:29Z" duration="0.001053" asserts="0">
          <properties>
            <property name="retryIteration" value="0" />
            <property name="repeatIteration" value="0" />
          </properties>
        </test-case>
        <test-case id="1035" name="HighSliderWithCertainCleanReleaseAndInRangeShotIsAlsoASwish" fullname="Level5BasketballShotPipelineTests.HighSliderWithCertainCleanReleaseAndInRangeShotIsAlsoASwish" methodname="HighSliderWithCertainCleanReleaseAndInRangeShotIsAlsoASwish" classname="Level5BasketballShotPipelineTests" runstate="Runnable" seed="372233505" result="Passed" start-time="2026-08-23 23:31:29Z" end-time="2026-08-23 23:31:29Z" duration="0.000533" asserts="0">
          <properties>
            <property name="retryIteration" value="0" />
            <property name="repeatIteration" value="0" />
          </properties>
        </test-case>
        <test-case id="1036" name="LowSliderWithNoCleanRollsProducesANonSwishLaunchWithForwardVelocity" fullname="Level5BasketballShotPipelineTests.LowSliderWithNoCleanRollsProducesANonSwishLaunchWithForwardVelocity" methodname="LowSliderWithNoCleanRollsProducesANonSwishLaunchWithForwardVelocity" classname="Level5BasketballShotPipelineTests" runstate="Runnable" seed="89231761" result="Passed" start-time="2026-08-23 23:31:29Z" end-time="2026-08-23 23:31:29Z" duration="0.001324" asserts="0">
          <properties>
            <property name="retryIteration" value="0" />
            <property name="repeatIteration" value="0" />
          </properties>
        </test-case>
        <test-case id="1039" name="MissingBasketBallStateLogsAndFallsBackToNoShotKind" fullname="Level5BasketballShotPipelineTests.MissingBasketBallStateLogsAndFallsBackToNoShotKind" methodname="MissingBasketBallStateLogsAndFallsBackToNoShotKind" classname="Level5BasketballShotPipelineTests" runstate="Runnable" seed="840331884" result="Passed" start-time="2026-08-23 23:31:29Z" end-time="2026-08-23 23:31:29Z" duration="0.003008" asserts="0">
          <properties>
            <property name="retryIteration" value="0" />
            <property name="repeatIteration" value="0" />
          </properties>
          <output><![CDATA[BasketballShotPipeline.KindFromPointFlags: no BasketBallState - resolving to ShotKind.None.
]]></output>
        </test-case>
        <test-case id="1038" name="MissingCharacterProfileLogsAndFallsBackToAnInertShooter" fullname="Level5BasketballShotPipelineTests.MissingCharacterProfileLogsAndFallsBackToAnInertShooter" methodname="MissingCharacterProfileLogsAndFallsBackToAnInertShooter" classname="Level5BasketballShotPipelineTests" runstate="Runnable" seed="374645288" result="Passed" start-time="2026-08-23 23:31:29Z" end-time="2026-08-23 23:31:29Z" duration="0.000796" asserts="0">
          <properties>
            <property name="retryIteration" value="0" />
            <property name="repeatIteration" value="0" />
          </properties>
          <output><![CDATA[ShooterAttributesMapper.From: no CharacterProfile - shooting with a zeroed shot pipeline.
]]></output>
        </test-case>
        <test-case id="1037" name="UpdateScoreTextReportsCountsAndPercentagesFromTheSameGameStatsInstance" fullname="Level5BasketballShotPipelineTests.UpdateScoreTextReportsCountsAndPercentagesFromTheSameGameStatsInstance" methodname="UpdateScoreTextReportsCountsAndPercentagesFromTheSameGameStatsInstance" classname="Level5BasketballShotPipelineTests" runstate="Runnable" seed="1117996111" result="Passed" start-time="2026-08-23 23:31:29Z" end-time="2026-08-23 23:31:29Z" duration="0.012689" asserts="0">
          <properties>
            <property name="retryIteration" value="0" />
            <property name="repeatIteration" value="0" />
          </properties>
        </test-case>
      </test-suite>
      <test-suite type="TestFixture" id="1041" name="Level5CombatMathTests" fullname="Level5CombatMathTests" classname="Level5CombatMathTests" runstate="Runnable" testcasecount="32" result="Passed" start-time="2026-08-23 23:31:29Z" end-time="2026-08-23 23:31:29Z" duration="0.016254" total="32" passed="32" failed="0" inconclusive="0" skipped="0" asserts="0">
        <properties />
        <test-case id="1062" name="ACustomTimerWinsWhenTheModeSetsOne" fullname="Level5CombatMathTests.ACustomTimerWinsWhenTheModeSetsOne" methodname="ACustomTimerWinsWhenTheModeSetsOne" classname="Level5CombatMathTests" runstate="Runnable" seed="912229545" result="Passed" start-time="2026-08-23 23:31:29Z" end-time="2026-08-23 23:31:29Z" duration="0.000381" asserts="0">
          <properties>
            <property name="retryIteration" value="0" />
            <property name="repeatIteration" value="0" />
          </properties>
        </test-case>
        <test-case id="1052" name="AMatchWithNoSniperGetsNoHiddenBonus" fullname="Level5CombatMathTests.AMatchWithNoSniperGetsNoHiddenBonus" methodname="AMatchWithNoSniperGetsNoHiddenBonus" classname="Level5CombatMathTests" runstate="Runnable" seed="519730020" result="Passed" start-time="2026-08-23 23:31:29Z" end-time="2026-08-23 23:31:29Z" duration="0.000198" asserts="0">
          <properties>
            <property name="retryIteration" value="0" />
            <property name="repeatIteration" value="0" />
          </properties>
        </test-case>
        <test-case id="1066" name="AnEmptyResultSetStillHasOnePage" fullname="Level5CombatMathTests.AnEmptyResultSetStillHasOnePage" methodname="AnEmptyResultSetStillHasOnePage" classname="Level5CombatMathTests" runstate="Runnable" seed="849188017" result="Passed" start-time="2026-08-23 23:31:29Z" end-time="2026-08-23 23:31:29Z" duration="0.000420" asserts="0">
          <properties>
            <property name="retryIteration" value="0" />
            <property name="repeatIteration" value="0" />
          </properties>
        </test-case>
        <test-case id="1070" name="AnOutOfRangePageIsBroughtBackIntoRange" fullname="Level5CombatMathTests.AnOutOfRangePageIsBroughtBackIntoRange" methodname="AnOutOfRangePageIsBroughtBackIntoRange" classname="Level5CombatMathTests" runstate="Runnable" seed="2134816555" result="Passed" start-time="2026-08-23 23:31:29Z" end-time="2026-08-23 23:31:29Z" duration="0.000277" asserts="0">
          <properties>
            <property name="retryIteration" value="0" />
            <property name="repeatIteration" value="0" />
          </properties>
        </test-case>
        <test-case id="1065" name="AQueuedTouchInputIsConsumedExactlyOnce" fullname="Level5CombatMathTests.AQueuedTouchInputIsConsumedExactlyOnce" methodname="AQueuedTouchInputIsConsumedExactlyOnce" classname="Level5CombatMathTests" runstate="Runnable" seed="833544834" result="Passed" start-time="2026-08-23 23:31:29Z" end-time="2026-08-23 23:31:29Z" duration="0.000158" asserts="0">
          <properties>
            <property name="retryIteration" value="0" />
            <property name="repeatIteration" value="0" />
          </properties>
        </test-case>
        <test-case id="1053" name="ArcadeModeAwardsNothingRegardlessOfPerformance" fullname="Level5CombatMathTests.ArcadeModeAwardsNothingRegardlessOfPerformance" methodname="ArcadeModeAwardsNothingRegardlessOfPerformance" classname="Level5CombatMathTests" runstate="Runnable" seed="386952028" result="Passed" start-time="2026-08-23 23:31:29Z" end-time="2026-08-23 23:31:29Z" duration="0.000149" asserts="0">
          <properties>
            <property name="retryIteration" value="0" />
            <property name="repeatIteration" value="0" />
          </properties>
        </test-case>
        <test-case id="1049" name="BeingHitByEverySniperShotAwardsNothing" fullname="Level5CombatMathTests.BeingHitByEverySniperShotAwardsNothing" methodname="BeingHitByEverySniperShotAwardsNothing" classname="Level5CombatMathTests" runstate="Runnable" seed="1358743926" result="Passed" start-time="2026-08-23 23:31:29Z" end-time="2026-08-23 23:31:29Z" duration="0.000112" asserts="0">
          <properties>
            <property name="retryIteration" value="0" />
            <property name="repeatIteration" value="0" />
          </properties>
        </test-case>
        <test-case id="1046" name="ChanceOutsideZeroToOneHundredIsClampedByTheEndpoints" fullname="Level5CombatMathTests.ChanceOutsideZeroToOneHundredIsClampedByTheEndpoints" methodname="ChanceOutsideZeroToOneHundredIsClampedByTheEndpoints" classname="Level5CombatMathTests" runstate="Runnable" seed="1921619517" result="Passed" start-time="2026-08-23 23:31:29Z" end-time="2026-08-23 23:31:29Z" duration="0.000127" asserts="0">
          <properties>
            <property name="retryIteration" value="0" />
            <property name="repeatIteration" value="0" />
          </properties>
        </test-case>
        <test-case id="1064" name="ClearDropsEveryQueuedAndHeldTouchInput" fullname="Level5CombatMathTests.ClearDropsEveryQueuedAndHeldTouchInput" methodname="ClearDropsEveryQueuedAndHeldTouchInput" classname="Level5CombatMathTests" runstate="Runnable" seed="754813556" result="Passed" start-time="2026-08-23 23:31:29Z" end-time="2026-08-23 23:31:29Z" duration="0.000249" asserts="0">
          <properties>
            <property name="retryIteration" value="0" />
            <property name="repeatIteration" value="0" />
          </properties>
        </test-case>
        <test-case id="1054" name="EasyDifficultyHalvesTheAwardAndHardRaisesIt" fullname="Level5CombatMathTests.EasyDifficultyHalvesTheAwardAndHardRaisesIt" methodname="EasyDifficultyHalvesTheAwardAndHardRaisesIt" classname="Level5CombatMathTests" runstate="Runnable" seed="16815828" result="Passed" start-time="2026-08-23 23:31:29Z" end-time="2026-08-23 23:31:29Z" duration="0.000195" asserts="0">
          <properties>
            <property name="retryIteration" value="0" />
            <property name="repeatIteration" value="0" />
          </properties>
        </test-case>
        <test-case id="1055" name="EnemyKillsOnlyCountWhenEnemiesAreEnabled" fullname="Level5CombatMathTests.EnemyKillsOnlyCountWhenEnemiesAreEnabled" methodname="EnemyKillsOnlyCountWhenEnemiesAreEnabled" classname="Level5CombatMathTests" runstate="Runnable" seed="1190999674" result="Passed" start-time="2026-08-23 23:31:29Z" end-time="2026-08-23 23:31:29Z" duration="0.000161" asserts="0">
          <properties>
            <property name="retryIteration" value="0" />
            <property name="repeatIteration" value="0" />
          </properties>
        </test-case>
        <test-case id="1050" name="EvasionBonusScalesWithTheShareOfShotsDodged" fullname="Level5CombatMathTests.EvasionBonusScalesWithTheShareOfShotsDodged" methodname="EvasionBonusScalesWithTheShareOfShotsDodged" classname="Level5CombatMathTests" runstate="Runnable" seed="980071555" result="Passed" start-time="2026-08-23 23:31:29Z" end-time="2026-08-23 23:31:29Z" duration="0.000159" asserts="0">
          <properties>
            <property name="retryIteration" value="0" />
            <property name="repeatIteration" value="0" />
          </properties>
        </test-case>
        <test-case id="1060" name="ExperienceToNextLevelCountsDownAndNeverReadsZero" fullname="Level5CombatMathTests.ExperienceToNextLevelCountsDownAndNeverReadsZero" methodname="ExperienceToNextLevelCountsDownAndNeverReadsZero" classname="Level5CombatMathTests" runstate="Runnable" seed="1746515931" result="Passed" start-time="2026-08-23 23:31:29Z" end-time="2026-08-23 23:31:29Z" duration="0.000198" asserts="0">
          <properties>
            <property name="retryIteration" value="0" />
            <property name="repeatIteration" value="0" />
          </properties>
        </test-case>
        <test-case id="1073" name="ExperienceToNextLevelNeverExceedsOneLevel" fullname="Level5CombatMathTests.ExperienceToNextLevelNeverExceedsOneLevel" methodname="ExperienceToNextLevelNeverExceedsOneLevel" classname="Level5CombatMathTests" runstate="Runnable" seed="167396271" result="Passed" start-time="2026-08-23 23:31:29Z" end-time="2026-08-23 23:31:29Z" duration="0.000697" asserts="0">
          <properties>
            <property name="retryIteration" value="0" />
            <property name="repeatIteration" value="0" />
          </properties>
        </test-case>
        <test-case id="1059" name="FloatAndIntCurvesAgree" fullname="Level5CombatMathTests.FloatAndIntCurvesAgree" methodname="FloatAndIntCurvesAgree" classname="Level5CombatMathTests" runstate="Runnable" seed="34308994" result="Passed" start-time="2026-08-23 23:31:29Z" end-time="2026-08-23 23:31:29Z" duration="0.000330" asserts="0">
          <properties>
            <property name="retryIteration" value="0" />
            <property name="repeatIteration" value="0" />
          </properties>
        </test-case>
        <test-case id="1043" name="FullChanceAlwaysSucceeds" fullname="Level5CombatMathTests.FullChanceAlwaysSucceeds" methodname="FullChanceAlwaysSucceeds" classname="Level5CombatMathTests" runstate="Runnable" seed="1535563009" result="Passed" start-time="2026-08-23 23:31:29Z" end-time="2026-08-23 23:31:29Z" duration="0.000164" asserts="0">
          <properties>
            <property name="retryIteration" value="0" />
            <property name="repeatIteration" value="0" />
          </properties>
        </test-case>
        <test-case id="1057" name="LevelIsExperienceDividedByTheCurveConstant" fullname="Level5CombatMathTests.LevelIsExperienceDividedByTheCurveConstant" methodname="LevelIsExperienceDividedByTheCurveConstant" classname="Level5CombatMathTests" runstate="Runnable" seed="452074353" result="Passed" start-time="2026-08-23 23:31:29Z" end-time="2026-08-23 23:31:29Z" duration="0.000194" asserts="0">
          <properties>
            <property name="retryIteration" value="0" />
            <property name="repeatIteration" value="0" />
          </properties>
        </test-case>
        <test-case id="1056" name="ModeMultipliersCompound" fullname="Level5CombatMathTests.ModeMultipliersCompound" methodname="ModeMultipliersCompound" classname="Level5CombatMathTests" runstate="Runnable" seed="1728900954" result="Passed" start-time="2026-08-23 23:31:29Z" end-time="2026-08-23 23:31:29Z" duration="0.000227" asserts="0">
          <properties>
            <property name="retryIteration" value="0" />
            <property name="repeatIteration" value="0" />
          </properties>
        </test-case>
        <test-case id="1061" name="ModesWithoutACustomTimerUseTheDefaultMatchLength" fullname="Level5CombatMathTests.ModesWithoutACustomTimerUseTheDefaultMatchLength" methodname="ModesWithoutACustomTimerUseTheDefaultMatchLength" classname="Level5CombatMathTests" runstate="Runnable" seed="1794960464" result="Passed" start-time="2026-08-23 23:31:29Z" end-time="2026-08-23 23:31:29Z" duration="0.000164" asserts="0">
          <properties>
            <property name="retryIteration" value="0" />
            <property name="repeatIteration" value="0" />
          </properties>
        </test-case>
        <test-case id="1051" name="MoreHitsThanShotsIsClampedRatherThanGoingNegative" fullname="Level5CombatMathTests.MoreHitsThanShotsIsClampedRatherThanGoingNegative" methodname="MoreHitsThanShotsIsClampedRatherThanGoingNegative" classname="Level5CombatMathTests" runstate="Runnable" seed="241671749" result="Passed" start-time="2026-08-23 23:31:29Z" end-time="2026-08-23 23:31:29Z" duration="0.000111" asserts="0">
          <properties>
            <property name="retryIteration" value="0" />
            <property name="repeatIteration" value="0" />
          </properties>
        </test-case>
        <test-case id="1058" name="NegativeExperienceNeverProducesANegativeLevel" fullname="Level5CombatMathTests.NegativeExperienceNeverProducesANegativeLevel" methodname="NegativeExperienceNeverProducesANegativeLevel" classname="Level5CombatMathTests" runstate="Runnable" seed="107868185" result="Passed" start-time="2026-08-23 23:31:29Z" end-time="2026-08-23 23:31:29Z" duration="0.000156" asserts="0">
          <properties>
            <property name="retryIteration" value="0" />
            <property name="repeatIteration" value="0" />
          </properties>
        </test-case>
        <test-case id="1044" name="NinetyNinePercentIsNotCertain" fullname="Level5CombatMathTests.NinetyNinePercentIsNotCertain" methodname="NinetyNinePercentIsNotCertain" classname="Level5CombatMathTests" runstate="Runnable" seed="1240768007" result="Passed" start-time="2026-08-23 23:31:29Z" end-time="2026-08-23 23:31:29Z" duration="0.000125" asserts="0">
          <properties>
            <property name="retryIteration" value="0" />
            <property name="repeatIteration" value="0" />
          </properties>
        </test-case>
        <test-case id="1047" name="NoSniperFireAwardsNoEvasionBonus" fullname="Level5CombatMathTests.NoSniperFireAwardsNoEvasionBonus" methodname="NoSniperFireAwardsNoEvasionBonus" classname="Level5CombatMathTests" runstate="Runnable" seed="679402853" result="Passed" start-time="2026-08-23 23:31:29Z" end-time="2026-08-23 23:31:29Z" duration="0.000100" asserts="0">
          <properties>
            <property name="retryIteration" value="0" />
            <property name="repeatIteration" value="0" />
          </properties>
        </test-case>
        <test-case id="1071" name="OffsetIsNeverNegative" fullname="Level5CombatMathTests.OffsetIsNeverNegative" methodname="OffsetIsNeverNegative" classname="Level5CombatMathTests" runstate="Runnable" seed="63729968" result="Passed" start-time="2026-08-23 23:31:29Z" end-time="2026-08-23 23:31:29Z" duration="0.000174" asserts="0">
          <properties>
            <property name="retryIteration" value="0" />
            <property name="repeatIteration" value="0" />
          </properties>
        </test-case>
        <test-case id="1067" name="PageCountRoundsUpAndDoesNotAddAnEmptyPageOnAnExactFit" fullname="Level5CombatMathTests.PageCountRoundsUpAndDoesNotAddAnEmptyPageOnAnExactFit" methodname="PageCountRoundsUpAndDoesNotAddAnEmptyPageOnAnExactFit" classname="Level5CombatMathTests" runstate="Runnable" seed="1570193682" result="Passed" start-time="2026-08-23 23:31:29Z" end-time="2026-08-23 23:31:29Z" duration="0.000193" asserts="0">
          <properties>
            <property name="retryIteration" value="0" />
            <property name="repeatIteration" value="0" />
          </properties>
        </test-case>
        <test-case id="1068" name="PagingLeftWithNoResultsStaysOnAValidPage" fullname="Level5CombatMathTests.PagingLeftWithNoResultsStaysOnAValidPage" methodname="PagingLeftWithNoResultsStaysOnAValidPage" classname="Level5CombatMathTests" runstate="Runnable" seed="2116253759" result="Passed" start-time="2026-08-23 23:31:29Z" end-time="2026-08-23 23:31:29Z" duration="0.000127" asserts="0">
          <properties>
            <property name="retryIteration" value="0" />
            <property name="repeatIteration" value="0" />
          </properties>
        </test-case>
        <test-case id="1069" name="PagingWrapsAtBothEnds" fullname="Level5CombatMathTests.PagingWrapsAtBothEnds" methodname="PagingWrapsAtBothEnds" classname="Level5CombatMathTests" runstate="Runnable" seed="539347429" result="Passed" start-time="2026-08-23 23:31:29Z" end-time="2026-08-23 23:31:29Z" duration="0.000165" asserts="0">
          <properties>
            <property name="retryIteration" value="0" />
            <property name="repeatIteration" value="0" />
          </properties>
        </test-case>
        <test-case id="1048" name="PerfectEvasionAwardsTheFullBonus" fullname="Level5CombatMathTests.PerfectEvasionAwardsTheFullBonus" methodname="PerfectEvasionAwardsTheFullBonus" classname="Level5CombatMathTests" runstate="Runnable" seed="1511237591" result="Passed" start-time="2026-08-23 23:31:29Z" end-time="2026-08-23 23:31:29Z" duration="0.000098" asserts="0">
          <properties>
            <property name="retryIteration" value="0" />
            <property name="repeatIteration" value="0" />
          </properties>
        </test-case>
        <test-case id="1072" name="RequiredSceneObjectNamesAreNonEmptyAndUnique" fullname="Level5CombatMathTests.RequiredSceneObjectNamesAreNonEmptyAndUnique" methodname="RequiredSceneObjectNamesAreNonEmptyAndUnique" classname="Level5CombatMathTests" runstate="Runnable" seed="1717556017" result="Passed" start-time="2026-08-23 23:31:29Z" end-time="2026-08-23 23:31:29Z" duration="0.000675" asserts="0">
          <properties>
            <property name="retryIteration" value="0" />
            <property name="repeatIteration" value="0" />
          </properties>
        </test-case>
        <test-case id="1045" name="RollIsComparedAgainstItsOwnPercentage" fullname="Level5CombatMathTests.RollIsComparedAgainstItsOwnPercentage" methodname="RollIsComparedAgainstItsOwnPercentage" classname="Level5CombatMathTests" runstate="Runnable" seed="1389813619" result="Passed" start-time="2026-08-23 23:31:29Z" end-time="2026-08-23 23:31:29Z" duration="0.000158" asserts="0">
          <properties>
            <property name="retryIteration" value="0" />
            <property name="repeatIteration" value="0" />
          </properties>
        </test-case>
        <test-case id="1063" name="TheMatchClockNeverStartsAtZero" fullname="Level5CombatMathTests.TheMatchClockNeverStartsAtZero" methodname="TheMatchClockNeverStartsAtZero" classname="Level5CombatMathTests" runstate="Runnable" seed="299426282" result="Passed" start-time="2026-08-23 23:31:29Z" end-time="2026-08-23 23:31:29Z" duration="0.000175" asserts="0">
          <properties>
            <property name="retryIteration" value="0" />
            <property name="repeatIteration" value="0" />
          </properties>
        </test-case>
        <test-case id="1042" name="ZeroChanceNeverSucceeds" fullname="Level5CombatMathTests.ZeroChanceNeverSucceeds" methodname="ZeroChanceNeverSucceeds" classname="Level5CombatMathTests" runstate="Runnable" seed="2053225706" result="Passed" start-time="2026-08-23 23:31:29Z" end-time="2026-08-23 23:31:29Z" duration="0.000147" asserts="0">
          <properties>
            <property name="retryIteration" value="0" />
            <property name="repeatIteration" value="0" />
          </properties>
        </test-case>
      </test-suite>
      <test-suite type="TestFixture" id="1074" name="Level5CombatTargetSelectorTests" fullname="Level5CombatTargetSelectorTests" classname="Level5CombatTargetSelectorTests" runstate="Runnable" testcasecount="21" result="Passed" start-time="2026-08-23 23:31:29Z" end-time="2026-08-23 23:31:29Z" duration="0.013361" total="21" passed="21" failed="0" inconclusive="0" skipped="0" asserts="0">
        <properties />
        <test-case id="1082" name="ACandidateThatIsGenuinelyBetterOverridesStickiness" fullname="Level5CombatTargetSelectorTests.ACandidateThatIsGenuinelyBetterOverridesStickiness" methodname="ACandidateThatIsGenuinelyBetterOverridesStickiness" classname="Level5CombatTargetSelectorTests" runstate="Runnable" seed="1006888508" result="Passed" start-time="2026-08-23 23:31:29Z" end-time="2026-08-23 23:31:29Z" duration="0.002114" asserts="0">
          <properties>
            <property name="retryIteration" value="0" />
            <property name="repeatIteration" value="0" />
          </properties>
        </test-case>
        <test-case id="1094" name="ActionablePoolOverloadFallsBackToTheFullPoolWhenNothingIsActionable" fullname="Level5CombatTargetSelectorTests.ActionablePoolOverloadFallsBackToTheFullPoolWhenNothingIsActionable" methodname="ActionablePoolOverloadFallsBackToTheFullPoolWhenNothingIsActionable" classname="Level5CombatTargetSelectorTests" runstate="Runnable" seed="1823203936" result="Passed" start-time="2026-08-23 23:31:29Z" end-time="2026-08-23 23:31:29Z" duration="0.001346" asserts="0">
          <properties>
            <property name="retryIteration" value="0" />
            <property name="repeatIteration" value="0" />
          </properties>
        </test-case>
        <test-case id="1089" name="ActionablePoolOverloadPrefersAnActionableCandidateOverADistantReservedOne" fullname="Level5CombatTargetSelectorTests.ActionablePoolOverloadPrefersAnActionableCandidateOverADistantReservedOne" methodname="ActionablePoolOverloadPrefersAnActionableCandidateOverADistantReservedOne" classname="Level5CombatTargetSelectorTests" runstate="Runnable" seed="248863544" result="Passed" start-time="2026-08-23 23:31:29Z" end-time="2026-08-23 23:31:29Z" duration="0.000534" asserts="0">
          <properties>
            <property name="retryIteration" value="0" />
            <property name="repeatIteration" value="0" />
          </properties>
        </test-case>
        <test-case id="1095" name="ActionablePoolOverloadReportsNoActionableThreatWhenNoCandidatesExistAtAll" fullname="Level5CombatTargetSelectorTests.ActionablePoolOverloadReportsNoActionableThreatWhenNoCandidatesExistAtAll" methodname="ActionablePoolOverloadReportsNoActionableThreatWhenNoCandidatesExistAtAll" classname="Level5CombatTargetSelectorTests" runstate="Runnable" seed="1662903724" result="Passed" start-time="2026-08-23 23:31:29Z" end-time="2026-08-23 23:31:29Z" duration="0.000236" asserts="0">
          <properties>
            <property name="retryIteration" value="0" />
            <property name="repeatIteration" value="0" />
          </properties>
        </test-case>
        <test-case id="1088" name="BodyguardCurrentThreatIsHeldAgainstANearEqualRival" fullname="Level5CombatTargetSelectorTests.BodyguardCurrentThreatIsHeldAgainstANearEqualRival" methodname="BodyguardCurrentThreatIsHeldAgainstANearEqualRival" classname="Level5CombatTargetSelectorTests" runstate="Runnable" seed="1822733915" result="Passed" start-time="2026-08-23 23:31:29Z" end-time="2026-08-23 23:31:29Z" duration="0.000407" asserts="0">
          <properties>
            <property name="retryIteration" value="0" />
            <property name="repeatIteration" value="0" />
          </properties>
        </test-case>
        <test-case id="1083" name="BodyguardThreatSelectorRejectsNullAndDeadAndInactive" fullname="Level5CombatTargetSelectorTests.BodyguardThreatSelectorRejectsNullAndDeadAndInactive" methodname="BodyguardThreatSelectorRejectsNullAndDeadAndInactive" classname="Level5CombatTargetSelectorTests" runstate="Runnable" seed="1091790297" result="Passed" start-time="2026-08-23 23:31:29Z" end-time="2026-08-23 23:31:29Z" duration="0.000365" asserts="0">
          <properties>
            <property name="retryIteration" value="0" />
            <property name="repeatIteration" value="0" />
          </properties>
        </test-case>
        <test-case id="1081" name="CurrentTargetIsHeldAgainstANearEqualRival" fullname="Level5CombatTargetSelectorTests.CurrentTargetIsHeldAgainstANearEqualRival" methodname="CurrentTargetIsHeldAgainstANearEqualRival" classname="Level5CombatTargetSelectorTests" runstate="Runnable" seed="1001356376" result="Passed" start-time="2026-08-23 23:31:29Z" end-time="2026-08-23 23:31:29Z" duration="0.000368" asserts="0">
          <properties>
            <property name="retryIteration" value="0" />
            <property name="repeatIteration" value="0" />
          </properties>
        </test-case>
        <test-case id="1077" name="DeadCandidatesAreRejected" fullname="Level5CombatTargetSelectorTests.DeadCandidatesAreRejected" methodname="DeadCandidatesAreRejected" classname="Level5CombatTargetSelectorTests" runstate="Runnable" seed="8255620" result="Passed" start-time="2026-08-23 23:31:29Z" end-time="2026-08-23 23:31:29Z" duration="0.000293" asserts="0">
          <properties>
            <property name="retryIteration" value="0" />
            <property name="repeatIteration" value="0" />
          </properties>
        </test-case>
        <test-case id="1079" name="DestroyedCandidateIsRejectedNotThrown" fullname="Level5CombatTargetSelectorTests.DestroyedCandidateIsRejectedNotThrown" methodname="DestroyedCandidateIsRejectedNotThrown" classname="Level5CombatTargetSelectorTests" runstate="Runnable" seed="1454315299" result="Passed" start-time="2026-08-23 23:31:29Z" end-time="2026-08-23 23:31:29Z" duration="0.001337" asserts="0">
          <properties>
            <property name="retryIteration" value="0" />
            <property name="repeatIteration" value="0" />
          </properties>
        </test-case>
        <test-case id="1086" name="FirstAddedCandidateIsNotAutomaticallyChosen" fullname="Level5CombatTargetSelectorTests.FirstAddedCandidateIsNotAutomaticallyChosen" methodname="FirstAddedCandidateIsNotAutomaticallyChosen" classname="Level5CombatTargetSelectorTests" runstate="Runnable" seed="1272798724" result="Passed" start-time="2026-08-23 23:31:29Z" end-time="2026-08-23 23:31:29Z" duration="0.000559" asserts="0">
          <properties>
            <property name="retryIteration" value="0" />
            <property name="repeatIteration" value="0" />
          </properties>
        </test-case>
        <test-case id="1085" name="ImminentThreatOutranksAFarAwayReservation" fullname="Level5CombatTargetSelectorTests.ImminentThreatOutranksAFarAwayReservation" methodname="ImminentThreatOutranksAFarAwayReservation" classname="Level5CombatTargetSelectorTests" runstate="Runnable" seed="1045967530" result="Passed" start-time="2026-08-23 23:31:29Z" end-time="2026-08-23 23:31:29Z" duration="0.000434" asserts="0">
          <properties>
            <property name="retryIteration" value="0" />
            <property name="repeatIteration" value="0" />
          </properties>
        </test-case>
        <test-case id="1078" name="InactiveCandidatesAreRejected" fullname="Level5CombatTargetSelectorTests.InactiveCandidatesAreRejected" methodname="InactiveCandidatesAreRejected" classname="Level5CombatTargetSelectorTests" runstate="Runnable" seed="467472058" result="Passed" start-time="2026-08-23 23:31:29Z" end-time="2026-08-23 23:31:29Z" duration="0.000299" asserts="0">
          <properties>
            <property name="retryIteration" value="0" />
            <property name="repeatIteration" value="0" />
          </properties>
        </test-case>
        <test-case id="1092" name="IsImminentThreatIsFalseForAnUnreservedCandidateEvenWhenAdjacent" fullname="Level5CombatTargetSelectorTests.IsImminentThreatIsFalseForAnUnreservedCandidateEvenWhenAdjacent" methodname="IsImminentThreatIsFalseForAnUnreservedCandidateEvenWhenAdjacent" classname="Level5CombatTargetSelectorTests" runstate="Runnable" seed="242949073" result="Passed" start-time="2026-08-23 23:31:29Z" end-time="2026-08-23 23:31:29Z" duration="0.000349" asserts="0">
          <properties>
            <property name="retryIteration" value="0" />
            <property name="repeatIteration" value="0" />
          </properties>
        </test-case>
        <test-case id="1091" name="IsImminentThreatIsFalseForAReservedCandidateOutsideImminentThreatRange" fullname="Level5CombatTargetSelectorTests.IsImminentThreatIsFalseForAReservedCandidateOutsideImminentThreatRange" methodname="IsImminentThreatIsFalseForAReservedCandidateOutsideImminentThreatRange" classname="Level5CombatTargetSelectorTests" runstate="Runnable" seed="1635989782" result="Passed" start-time="2026-08-23 23:31:29Z" end-time="2026-08-23 23:31:29Z" duration="0.000263" asserts="0">
          <properties>
            <property name="retryIteration" value="0" />
            <property name="repeatIteration" value="0" />
          </properties>
        </test-case>
        <test-case id="1090" name="IsImminentThreatIsTrueForAReservedCandidateWithinImminentThreatRange" fullname="Level5CombatTargetSelectorTests.IsImminentThreatIsTrueForAReservedCandidateWithinImminentThreatRange" methodname="IsImminentThreatIsTrueForAReservedCandidateWithinImminentThreatRange" classname="Level5CombatTargetSelectorTests" runstate="Runnable" seed="2044668170" result="Passed" start-time="2026-08-23 23:31:29Z" end-time="2026-08-23 23:31:29Z" duration="0.000248" asserts="0">
          <properties>
            <property name="retryIteration" value="0" />
            <property name="repeatIteration" value="0" />
          </properties>
        </test-case>
        <test-case id="1093" name="IsImminentThreatRejectsNullDeadAndInactiveCandidates" fullname="Level5CombatTargetSelectorTests.IsImminentThreatRejectsNullDeadAndInactiveCandidates" methodname="IsImminentThreatRejectsNullDeadAndInactiveCandidates" classname="Level5CombatTargetSelectorTests" runstate="Runnable" seed="974977100" result="Passed" start-time="2026-08-23 23:31:29Z" end-time="2026-08-23 23:31:29Z" duration="0.000309" asserts="0">
          <properties>
            <property name="retryIteration" value="0" />
            <property name="repeatIteration" value="0" />
          </properties>
        </test-case>
        <test-case id="1080" name="NearestValidCandidateWins" fullname="Level5CombatTargetSelectorTests.NearestValidCandidateWins" methodname="NearestValidCandidateWins" classname="Level5CombatTargetSelectorTests" runstate="Runnable" seed="2014656646" result="Passed" start-time="2026-08-23 23:31:29Z" end-time="2026-08-23 23:31:29Z" duration="0.000405" asserts="0">
          <properties>
            <property name="retryIteration" value="0" />
            <property name="repeatIteration" value="0" />
          </properties>
        </test-case>
        <test-case id="1087" name="NoValidThreatYieldsNoTarget" fullname="Level5CombatTargetSelectorTests.NoValidThreatYieldsNoTarget" methodname="NoValidThreatYieldsNoTarget" classname="Level5CombatTargetSelectorTests" runstate="Runnable" seed="1443613369" result="Passed" start-time="2026-08-23 23:31:29Z" end-time="2026-08-23 23:31:29Z" duration="0.000195" asserts="0">
          <properties>
            <property name="retryIteration" value="0" />
            <property name="repeatIteration" value="0" />
          </properties>
        </test-case>
        <test-case id="1075" name="NullCandidateListYieldsNoTarget" fullname="Level5CombatTargetSelectorTests.NullCandidateListYieldsNoTarget" methodname="NullCandidateListYieldsNoTarget" classname="Level5CombatTargetSelectorTests" runstate="Runnable" seed="1277742813" result="Passed" start-time="2026-08-23 23:31:29Z" end-time="2026-08-23 23:31:29Z" duration="0.000132" asserts="0">
          <properties>
            <property name="retryIteration" value="0" />
            <property name="repeatIteration" value="0" />
          </properties>
        </test-case>
        <test-case id="1076" name="NullEntriesInTheListAreSkipped" fullname="Level5CombatTargetSelectorTests.NullEntriesInTheListAreSkipped" methodname="NullEntriesInTheListAreSkipped" classname="Level5CombatTargetSelectorTests" runstate="Runnable" seed="1615215351" result="Passed" start-time="2026-08-23 23:31:29Z" end-time="2026-08-23 23:31:29Z" duration="0.000184" asserts="0">
          <properties>
            <property name="retryIteration" value="0" />
            <property name="repeatIteration" value="0" />
          </properties>
        </test-case>
        <test-case id="1084" name="ReservedThreatOutranksAMerelyNearbyOne" fullname="Level5CombatTargetSelectorTests.ReservedThreatOutranksAMerelyNearbyOne" methodname="ReservedThreatOutranksAMerelyNearbyOne" classname="Level5CombatTargetSelectorTests" runstate="Runnable" seed="533996937" result="Passed" start-time="2026-08-23 23:31:29Z" end-time="2026-08-23 23:31:29Z" duration="0.000408" asserts="0">
          <properties>
            <property name="retryIteration" value="0" />
            <property name="repeatIteration" value="0" />
          </properties>
        </test-case>
      </test-suite>
      <test-suite type="TestFixture" id="1096" name="Level5CoreTests" fullname="Level5CoreTests" classname="Level5CoreTests" runstate="Runnable" testcasecount="17" result="Passed" start-time="2026-08-23 23:31:29Z" end-time="2026-08-23 23:31:29Z" duration="0.024652" total="17" passed="17" failed="0" inconclusive="0" skipped="0" asserts="0">
        <properties />
        <test-case id="1114" name="AnIdentityWithoutATokenIsNotASession" fullname="Level5CoreTests.AnIdentityWithoutATokenIsNotASession" methodname="AnIdentityWithoutATokenIsNotASession" classname="Level5CoreTests" runstate="Runnable" seed="1248563880" result="Passed" start-time="2026-08-23 23:31:29Z" end-time="2026-08-23 23:31:29Z" duration="0.000487" asserts="0">
          <properties>
            <property name="retryIteration" value="0" />
            <property name="repeatIteration" value="0" />
          </properties>
        </test-case>
        <test-case id="1111" name="AtomicFilePreservesPreviousVersionAsBackup" fullname="Level5CoreTests.AtomicFilePreservesPreviousVersionAsBackup" methodname="AtomicFilePreservesPreviousVersionAsBackup" classname="Level5CoreTests" runstate="Runnable" seed="1700350481" result="Passed" start-time="2026-08-23 23:31:29Z" end-time="2026-08-23 23:31:29Z" duration="0.012036" asserts="0">
          <properties>
            <property name="retryIteration" value="0" />
            <property name="repeatIteration" value="0" />
          </properties>
        </test-case>
        <test-case id="1112" name="AtomicFileUsesValidBackupWhenPrimaryIsMalformed" fullname="Level5CoreTests.AtomicFileUsesValidBackupWhenPrimaryIsMalformed" methodname="AtomicFileUsesValidBackupWhenPrimaryIsMalformed" classname="Level5CoreTests" runstate="Runnable" seed="43672846" result="Passed" start-time="2026-08-23 23:31:29Z" end-time="2026-08-23 23:31:29Z" duration="0.006195" asserts="0">
          <properties>
            <property name="retryIteration" value="0" />
            <property name="repeatIteration" value="0" />
          </properties>
        </test-case>
        <test-suite type="ParameterizedMethod" id="1110" name="CampaignDecisionUsesOutcomeBeforeFinalLevel" fullname="Level5CoreTests.CampaignDecisionUsesOutcomeBeforeFinalLevel" classname="Level5CoreTests" runstate="Runnable" testcasecount="8" result="Passed" start-time="2026-08-23 23:31:29Z" end-time="2026-08-23 23:31:29Z" duration="0.002215" total="8" passed="8" failed="0" inconclusive="0" skipped="0" asserts="0">
          <properties />
          <test-case id="1102" name="CampaignDecisionUsesOutcomeBeforeFinalLevel(False,False,False,2,Advance)" fullname="Level5CoreTests.CampaignDecisionUsesOutcomeBeforeFinalLevel(False,False,False,2,Advance)" methodname="CampaignDecisionUsesOutcomeBeforeFinalLevel" classname="Level5CoreTests" runstate="Runnable" seed="1120668243" result="Passed" start-time="2026-08-23 23:31:29Z" end-time="2026-08-23 23:31:29Z" duration="0.000532" asserts="0">
            <properties>
              <property name="retryIteration" value="0" />
              <property name="repeatIteration" value="0" />
            </properties>
          </test-case>
          <test-case id="1103" name="CampaignDecisionUsesOutcomeBeforeFinalLevel(True,False,False,2,Complete)" fullname="Level5CoreTests.CampaignDecisionUsesOutcomeBeforeFinalLevel(True,False,False,2,Complete)" methodname="CampaignDecisionUsesOutcomeBeforeFinalLevel" classname="Level5CoreTests" runstate="Runnable" seed="1632844672" result="Passed" start-time="2026-08-23 23:31:29Z" end-time="2026-08-23 23:31:29Z" duration="0.000132" asserts="0">
            <properties>
              <property name="retryIteration" value="0" />
              <property name="repeatIteration" value="0" />
            </properties>
          </test-case>
          <test-case id="1104" name="CampaignDecisionUsesOutcomeBeforeFinalLevel(True,True,False,1,Retry)" fullname="Level5CoreTests.CampaignDecisionUsesOutcomeBeforeFinalLevel(True,True,False,1,Retry)" methodname="CampaignDecisionUsesOutcomeBeforeFinalLevel" classname="Level5CoreTests" runstate="Runnable" seed="850325750" result="Passed" start-time="2026-08-23 23:31:29Z" end-time="2026-08-23 23:31:29Z" duration="0.000099" asserts="0">
            <properties>
              <property name="retryIteration" value="0" />
              <property name="repeatIteration" value="0" />
            </properties>
          </test-case>
          <test-case id="1105" name="CampaignDecisionUsesOutcomeBeforeFinalLevel(True,True,False,0,EndRun)" fullname="Level5CoreTests.CampaignDecisionUsesOutcomeBeforeFinalLevel(True,True,False,0,EndRun)" methodname="CampaignDecisionUsesOutcomeBeforeFinalLevel" classname="Level5CoreTests" runstate="Runnable" seed="33824088" result="Passed" start-time="2026-08-23 23:31:29Z" end-time="2026-08-23 23:31:29Z" duration="0.000096" asserts="0">
            <properties>
              <property name="retryIteration" value="0" />
              <property name="repeatIteration" value="0" />
            </properties>
          </test-case>
          <test-case id="1106" name="CampaignDecisionUsesOutcomeBeforeFinalLevel(False,True,False,1,Retry)" fullname="Level5CoreTests.CampaignDecisionUsesOutcomeBeforeFinalLevel(False,True,False,1,Retry)" methodname="CampaignDecisionUsesOutcomeBeforeFinalLevel" classname="Level5CoreTests" runstate="Runnable" seed="1640484550" result="Passed" start-time="2026-08-23 23:31:29Z" end-time="2026-08-23 23:31:29Z" duration="0.000092" asserts="0">
            <properties>
              <property name="retryIteration" value="0" />
              <property name="repeatIteration" value="0" />
            </properties>
          </test-case>
          <test-case id="1107" name="CampaignDecisionUsesOutcomeBeforeFinalLevel(False,True,False,0,EndRun)" fullname="Level5CoreTests.CampaignDecisionUsesOutcomeBeforeFinalLevel(False,True,False,0,EndRun)" methodname="CampaignDecisionUsesOutcomeBeforeFinalLevel" classname="Level5CoreTests" runstate="Runnable" seed="1821051232" result="Passed" start-time="2026-08-23 23:31:29Z" end-time="2026-08-23 23:31:29Z" duration="0.000096" asserts="0">
            <properties>
              <property name="retryIteration" value="0" />
              <property name="repeatIteration" value="0" />
            </properties>
          </test-case>
          <test-case id="1108" name="CampaignDecisionUsesOutcomeBeforeFinalLevel(False,False,True,0,Retry)" fullname="Level5CoreTests.CampaignDecisionUsesOutcomeBeforeFinalLevel(False,False,True,0,Retry)" methodname="CampaignDecisionUsesOutcomeBeforeFinalLevel" classname="Level5CoreTests" runstate="Runnable" seed="1284203435" result="Passed" start-time="2026-08-23 23:31:29Z" end-time="2026-08-23 23:31:29Z" duration="0.000090" asserts="0">
            <properties>
              <property name="retryIteration" value="0" />
              <property name="repeatIteration" value="0" />
            </properties>
          </test-case>
          <test-case id="1109" name="CampaignDecisionUsesOutcomeBeforeFinalLevel(True,True,True,0,Retry)" fullname="Level5CoreTests.CampaignDecisionUsesOutcomeBeforeFinalLevel(True,True,True,0,Retry)" methodname="CampaignDecisionUsesOutcomeBeforeFinalLevel" classname="Level5CoreTests" runstate="Runnable" seed="501903002" result="Passed" start-time="2026-08-23 23:31:29Z" end-time="2026-08-23 23:31:29Z" duration="0.000094" asserts="0">
            <properties>
              <property name="retryIteration" value="0" />
              <property name="repeatIteration" value="0" />
            </properties>
          </test-case>
        </test-suite>
        <test-case id="1113" name="ClearingTheSessionAlsoClearsTheAuthenticationFlag" fullname="Level5CoreTests.ClearingTheSessionAlsoClearsTheAuthenticationFlag" methodname="ClearingTheSessionAlsoClearsTheAuthenticationFlag" classname="Level5CoreTests" runstate="Runnable" seed="1133462646" result="Passed" start-time="2026-08-23 23:31:29Z" end-time="2026-08-23 23:31:29Z" duration="0.000302" asserts="0">
          <properties>
            <property name="retryIteration" value="0" />
            <property name="repeatIteration" value="0" />
          </properties>
        </test-case>
        <test-case id="1098" name="CompactedCpuRosterAssignsCpuRolesByRosterPosition" fullname="Level5CoreTests.CompactedCpuRosterAssignsCpuRolesByRosterPosition" methodname="CompactedCpuRosterAssignsCpuRolesByRosterPosition" classname="Level5CoreTests" runstate="Runnable" seed="1805567454" result="Passed" start-time="2026-08-23 23:31:29Z" end-time="2026-08-23 23:31:29Z" duration="0.000286" asserts="0">
          <properties>
            <property name="retryIteration" value="0" />
            <property name="repeatIteration" value="0" />
          </properties>
        </test-case>
        <test-case id="1097" name="HumanInputSlotsIgnoreCpuPlayers" fullname="Level5CoreTests.HumanInputSlotsIgnoreCpuPlayers" methodname="HumanInputSlotsIgnoreCpuPlayers" classname="Level5CoreTests" runstate="Runnable" seed="53101739" result="Passed" start-time="2026-08-23 23:31:29Z" end-time="2026-08-23 23:31:29Z" duration="0.000257" asserts="0">
          <properties>
            <property name="retryIteration" value="0" />
            <property name="repeatIteration" value="0" />
          </properties>
        </test-case>
        <test-case id="1099" name="LockdownRosterCountsItsImplicitCpu" fullname="Level5CoreTests.LockdownRosterCountsItsImplicitCpu" methodname="LockdownRosterCountsItsImplicitCpu" classname="Level5CoreTests" runstate="Runnable" seed="1255456958" result="Passed" start-time="2026-08-23 23:31:29Z" end-time="2026-08-23 23:31:29Z" duration="0.000176" asserts="0">
          <properties>
            <property name="retryIteration" value="0" />
            <property name="repeatIteration" value="0" />
          </properties>
        </test-case>
        <test-case id="1101" name="MatchSessionRotatesResultIdForEachGameplayLoad" fullname="Level5CoreTests.MatchSessionRotatesResultIdForEachGameplayLoad" methodname="MatchSessionRotatesResultIdForEachGameplayLoad" classname="Level5CoreTests" runstate="Runnable" seed="1776917983" result="Passed" start-time="2026-08-23 23:31:29Z" end-time="2026-08-23 23:31:29Z" duration="0.000361" asserts="0">
          <properties>
            <property name="retryIteration" value="0" />
            <property name="repeatIteration" value="0" />
          </properties>
        </test-case>
        <test-case id="1100" name="ResultIdsAreUniqueAndKeepTheirPrefix" fullname="Level5CoreTests.ResultIdsAreUniqueAndKeepTheirPrefix" methodname="ResultIdsAreUniqueAndKeepTheirPrefix" classname="Level5CoreTests" runstate="Runnable" seed="1676911280" result="Passed" start-time="2026-08-23 23:31:29Z" end-time="2026-08-23 23:31:29Z" duration="0.000360" asserts="0">
          <properties>
            <property name="retryIteration" value="0" />
            <property name="repeatIteration" value="0" />
          </properties>
        </test-case>
      </test-suite>
      <test-suite type="TestFixture" id="1115" name="Level5CpuShotSelectionTests" fullname="Level5CpuShotSelectionTests" classname="Level5CpuShotSelectionTests" runstate="Runnable" testcasecount="29" result="Passed" start-time="2026-08-23 23:31:29Z" end-time="2026-08-23 23:31:29Z" duration="0.153758" total="29" passed="29" failed="0" inconclusive="0" skipped="0" asserts="0">
        <properties />
        <test-case id="1139" name="ALevelWithoutASevenPointLineIsNeverEligible" fullname="Level5CpuShotSelectionTests.ALevelWithoutASevenPointLineIsNeverEligible" methodname="ALevelWithoutASevenPointLineIsNeverEligible" classname="Level5CpuShotSelectionTests" runstate="Runnable" seed="1075346744" result="Passed" start-time="2026-08-23 23:31:29Z" end-time="2026-08-23 23:31:29Z" duration="0.000492" asserts="0">
          <properties>
            <property name="retryIteration" value="0" />
            <property name="repeatIteration" value="0" />
          </properties>
        </test-case>
        <test-case id="1145" name="ANullParticipantListProducesZeroRatherThanThrowing" fullname="Level5CpuShotSelectionTests.ANullParticipantListProducesZeroRatherThanThrowing" methodname="ANullParticipantListProducesZeroRatherThanThrowing" classname="Level5CpuShotSelectionTests" runstate="Runnable" seed="1657858816" result="Passed" start-time="2026-08-23 23:31:29Z" end-time="2026-08-23 23:31:29Z" duration="0.000728" asserts="0">
          <properties>
            <property name="retryIteration" value="0" />
            <property name="repeatIteration" value="0" />
          </properties>
        </test-case>
        <test-case id="1125" name="ArcadeDoesNotCollapseEveryCpuIntoTheSameShotRegardlessOfPreference" fullname="Level5CpuShotSelectionTests.ArcadeDoesNotCollapseEveryCpuIntoTheSameShotRegardlessOfPreference" methodname="ArcadeDoesNotCollapseEveryCpuIntoTheSameShotRegardlessOfPreference" classname="Level5CpuShotSelectionTests" runstate="Runnable" seed="218277559" result="Passed" start-time="2026-08-23 23:31:29Z" end-time="2026-08-23 23:31:29Z" duration="0.002518" asserts="0">
          <properties>
            <property name="retryIteration" value="0" />
            <property name="repeatIteration" value="0" />
          </properties>
        </test-case>
        <test-case id="1147" name="AuthoredCpuShootersDoNotAllCollapseIntoTheSameShotKind" fullname="Level5CpuShotSelectionTests.AuthoredCpuShootersDoNotAllCollapseIntoTheSameShotKind" methodname="AuthoredCpuShootersDoNotAllCollapseIntoTheSameShotKind" classname="Level5CpuShotSelectionTests" runstate="Runnable" seed="1815098054" result="Passed" start-time="2026-08-23 23:31:29Z" end-time="2026-08-23 23:31:29Z" duration="0.121022" asserts="0">
          <properties>
            <property name="retryIteration" value="0" />
            <property name="repeatIteration" value="0" />
          </properties>
          <output><![CDATA[Asset 'johnny_dracula_animation_controller': Transition 'idle -> inair' in state 'idle' doesn't have an Exit Time or any condition, transition will be ignored
]]></output>
        </test-case>
        <test-suite type="ParameterizedMethod" id="1131" name="BelowSixteenPointDeficitTheNormalPreferenceStands" fullname="Level5CpuShotSelectionTests.BelowSixteenPointDeficitTheNormalPreferenceStands" classname="Level5CpuShotSelectionTests" runstate="Runnable" testcasecount="4" result="Passed" start-time="2026-08-23 23:31:29Z" end-time="2026-08-23 23:31:29Z" duration="0.001904" total="4" passed="4" failed="0" inconclusive="0" skipped="0" asserts="0">
          <properties />
          <test-case id="1127" name="BelowSixteenPointDeficitTheNormalPreferenceStands(0)" fullname="Level5CpuShotSelectionTests.BelowSixteenPointDeficitTheNormalPreferenceStands(0)" methodname="BelowSixteenPointDeficitTheNormalPreferenceStands" classname="Level5CpuShotSelectionTests" runstate="Runnable" seed="713610037" result="Passed" start-time="2026-08-23 23:31:29Z" end-time="2026-08-23 23:31:29Z" duration="0.000378" asserts="0">
            <properties>
              <property name="retryIteration" value="0" />
              <property name="repeatIteration" value="0" />
            </properties>
          </test-case>
          <test-case id="1128" name="BelowSixteenPointDeficitTheNormalPreferenceStands(12)" fullname="Level5CpuShotSelectionTests.BelowSixteenPointDeficitTheNormalPreferenceStands(12)" methodname="BelowSixteenPointDeficitTheNormalPreferenceStands" classname="Level5CpuShotSelectionTests" runstate="Runnable" seed="1528326996" result="Passed" start-time="2026-08-23 23:31:29Z" end-time="2026-08-23 23:31:29Z" duration="0.000077" asserts="0">
            <properties>
              <property name="retryIteration" value="0" />
              <property name="repeatIteration" value="0" />
            </properties>
          </test-case>
          <test-case id="1129" name="BelowSixteenPointDeficitTheNormalPreferenceStands(13)" fullname="Level5CpuShotSelectionTests.BelowSixteenPointDeficitTheNormalPreferenceStands(13)" methodname="BelowSixteenPointDeficitTheNormalPreferenceStands" classname="Level5CpuShotSelectionTests" runstate="Runnable" seed="455769410" result="Passed" start-time="2026-08-23 23:31:29Z" end-time="2026-08-23 23:31:29Z" duration="0.000052" asserts="0">
            <properties>
              <property name="retryIteration" value="0" />
              <property name="repeatIteration" value="0" />
            </properties>
          </test-case>
          <test-case id="1130" name="BelowSixteenPointDeficitTheNormalPreferenceStands(15)" fullname="Level5CpuShotSelectionTests.BelowSixteenPointDeficitTheNormalPreferenceStands(15)" methodname="BelowSixteenPointDeficitTheNormalPreferenceStands" classname="Level5CpuShotSelectionTests" runstate="Runnable" seed="2107253626" result="Passed" start-time="2026-08-23 23:31:29Z" end-time="2026-08-23 23:31:29Z" duration="0.000047" asserts="0">
            <properties>
              <property name="retryIteration" value="0" />
              <property name="repeatIteration" value="0" />
            </properties>
          </test-case>
        </test-suite>
        <test-case id="1142" name="CpuLeadingComputesZeroDeficit" fullname="Level5CpuShotSelectionTests.CpuLeadingComputesZeroDeficit" methodname="CpuLeadingComputesZeroDeficit" classname="Level5CpuShotSelectionTests" runstate="Runnable" seed="1503181091" result="Passed" start-time="2026-08-23 23:31:29Z" end-time="2026-08-23 23:31:29Z" duration="0.000505" asserts="0">
          <properties>
            <property name="retryIteration" value="0" />
            <property name="repeatIteration" value="0" />
          </properties>
        </test-case>
        <test-case id="1141" name="CpuTrailingOneOpponentComputesThePositiveDeficit" fullname="Level5CpuShotSelectionTests.CpuTrailingOneOpponentComputesThePositiveDeficit" methodname="CpuTrailingOneOpponentComputesThePositiveDeficit" classname="Level5CpuShotSelectionTests" runstate="Runnable" seed="1407832488" result="Passed" start-time="2026-08-23 23:31:29Z" end-time="2026-08-23 23:31:29Z" duration="0.000369" asserts="0">
          <properties>
            <property name="retryIteration" value="0" />
            <property name="repeatIteration" value="0" />
          </properties>
        </test-case>
        <test-case id="1146" name="EachAuthoredCpuArchetypeCanStillSelectItsOwnShotKind" fullname="Level5CpuShotSelectionTests.EachAuthoredCpuArchetypeCanStillSelectItsOwnShotKind" methodname="EachAuthoredCpuArchetypeCanStillSelectItsOwnShotKind" classname="Level5CpuShotSelectionTests" runstate="Runnable" seed="598726647" result="Passed" start-time="2026-08-23 23:31:29Z" end-time="2026-08-23 23:31:29Z" duration="0.018432" asserts="0">
          <properties>
            <property name="retryIteration" value="0" />
            <property name="repeatIteration" value="0" />
          </properties>
        </test-case>
        <test-suite type="ParameterizedMethod" id="1122" name="EqualAccuraciesResolveToThePreferredThreeOrFourKind" fullname="Level5CpuShotSelectionTests.EqualAccuraciesResolveToThePreferredThreeOrFourKind" classname="Level5CpuShotSelectionTests" runstate="Runnable" testcasecount="2" result="Passed" start-time="2026-08-23 23:31:29Z" end-time="2026-08-23 23:31:29Z" duration="0.001400" total="2" passed="2" failed="0" inconclusive="0" skipped="0" asserts="0">
          <properties />
          <test-case id="1120" name="EqualAccuraciesResolveToThePreferredThreeOrFourKind(Three)" fullname="Level5CpuShotSelectionTests.EqualAccuraciesResolveToThePreferredThreeOrFourKind(Three)" methodname="EqualAccuraciesResolveToThePreferredThreeOrFourKind" classname="Level5CpuShotSelectionTests" runstate="Runnable" seed="399354955" result="Passed" start-time="2026-08-23 23:31:29Z" end-time="2026-08-23 23:31:29Z" duration="0.000313" asserts="0">
            <properties>
              <property name="retryIteration" value="0" />
              <property name="repeatIteration" value="0" />
            </properties>
          </test-case>
          <test-case id="1121" name="EqualAccuraciesResolveToThePreferredThreeOrFourKind(Four)" fullname="Level5CpuShotSelectionTests.EqualAccuraciesResolveToThePreferredThreeOrFourKind(Four)" methodname="EqualAccuraciesResolveToThePreferredThreeOrFourKind" classname="Level5CpuShotSelectionTests" runstate="Runnable" seed="296750774" result="Passed" start-time="2026-08-23 23:31:29Z" end-time="2026-08-23 23:31:29Z" duration="0.000108" asserts="0">
            <properties>
              <property name="retryIteration" value="0" />
              <property name="repeatIteration" value="0" />
            </properties>
          </test-case>
        </test-suite>
        <test-case id="1123" name="EqualAccuraciesWithSevenPreferenceChooseSevenWhenLegal" fullname="Level5CpuShotSelectionTests.EqualAccuraciesWithSevenPreferenceChooseSevenWhenLegal" methodname="EqualAccuraciesWithSevenPreferenceChooseSevenWhenLegal" classname="Level5CpuShotSelectionTests" runstate="Runnable" seed="657677931" result="Passed" start-time="2026-08-23 23:31:29Z" end-time="2026-08-23 23:31:29Z" duration="0.000173" asserts="0">
          <properties>
            <property name="retryIteration" value="0" />
            <property name="repeatIteration" value="0" />
          </properties>
        </test-case>
        <test-case id="1124" name="EqualThreeAndFourWithSevenUnavailableFallsBackToFour" fullname="Level5CpuShotSelectionTests.EqualThreeAndFourWithSevenUnavailableFallsBackToFour" methodname="EqualThreeAndFourWithSevenUnavailableFallsBackToFour" classname="Level5CpuShotSelectionTests" runstate="Runnable" seed="1602243043" result="Passed" start-time="2026-08-23 23:31:29Z" end-time="2026-08-23 23:31:29Z" duration="0.000146" asserts="0">
          <properties>
            <property name="retryIteration" value="0" />
            <property name="repeatIteration" value="0" />
          </properties>
        </test-case>
        <test-case id="1117" name="FourSpecialistChoosesFour" fullname="Level5CpuShotSelectionTests.FourSpecialistChoosesFour" methodname="FourSpecialistChoosesFour" classname="Level5CpuShotSelectionTests" runstate="Runnable" seed="1843123032" result="Passed" start-time="2026-08-23 23:31:29Z" end-time="2026-08-23 23:31:29Z" duration="0.000131" asserts="0">
          <properties>
            <property name="retryIteration" value="0" />
            <property name="repeatIteration" value="0" />
          </properties>
        </test-case>
        <test-case id="1143" name="MultipleOpponentsUseTheHighestScoreRegardlessOfRosterPosition" fullname="Level5CpuShotSelectionTests.MultipleOpponentsUseTheHighestScoreRegardlessOfRosterPosition" methodname="MultipleOpponentsUseTheHighestScoreRegardlessOfRosterPosition" classname="Level5CpuShotSelectionTests" runstate="Runnable" seed="1789255890" result="Passed" start-time="2026-08-23 23:31:29Z" end-time="2026-08-23 23:31:29Z" duration="0.000491" asserts="0">
          <properties>
            <property name="retryIteration" value="0" />
[...]
          </properties>
        </test-case>
        <test-case id="1555" name="TheHighestScoreWins" fullname="Level5VersusRulesetTests.TheHighestScoreWins" methodname="TheHighestScoreWins" classname="Level5VersusRulesetTests" runstate="Runnable" seed="974883890" result="Passed" start-time="2026-08-23 23:31:34Z" end-time="2026-08-23 23:31:34Z" duration="0.000166" asserts="0">
          <properties>
            <property name="retryIteration" value="0" />
            <property name="repeatIteration" value="0" />
          </properties>
        </test-case>
        <test-case id="1562" name="TheShippedRegistryIsSoundAndNamesRealModes" fullname="Level5VersusRulesetTests.TheShippedRegistryIsSoundAndNamesRealModes" methodname="TheShippedRegistryIsSoundAndNamesRealModes" classname="Level5VersusRulesetTests" runstate="Runnable" seed="1449920665" result="Passed" start-time="2026-08-23 23:31:34Z" end-time="2026-08-23 23:31:34Z" duration="0.000587" asserts="0">
          <properties>
            <property name="retryIteration" value="0" />
            <property name="repeatIteration" value="0" />
          </properties>
        </test-case>
        <test-case id="1557" name="TieBreaksComeFromTheRulesetAndCanRunTheOtherWay" fullname="Level5VersusRulesetTests.TieBreaksComeFromTheRulesetAndCanRunTheOtherWay" methodname="TieBreaksComeFromTheRulesetAndCanRunTheOtherWay" classname="Level5VersusRulesetTests" runstate="Runnable" seed="1138924697" result="Passed" start-time="2026-08-23 23:31:34Z" end-time="2026-08-23 23:31:34Z" duration="0.000179" asserts="0">
          <properties>
            <property name="retryIteration" value="0" />
            <property name="repeatIteration" value="0" />
          </properties>
        </test-case>
      </test-suite>
      <test-suite type="TestFixture" id="1566" name="Level5VersusSeriesTests" fullname="Level5VersusSeriesTests" classname="Level5VersusSeriesTests" runstate="Runnable" testcasecount="20" result="Passed" start-time="2026-08-23 23:31:34Z" end-time="2026-08-23 23:31:34Z" duration="0.008308" total="20" passed="20" failed="0" inconclusive="0" skipped="0" asserts="0">
        <properties />
        <test-case id="1584" name="ACompletedSeriesRefusesEveryFurtherOperation" fullname="Level5VersusSeriesTests.ACompletedSeriesRefusesEveryFurtherOperation" methodname="ACompletedSeriesRefusesEveryFurtherOperation" classname="Level5VersusSeriesTests" runstate="Runnable" seed="1280510832" result="Passed" start-time="2026-08-23 23:31:34Z" end-time="2026-08-23 23:31:34Z" duration="0.000451" asserts="0">
          <properties>
            <property name="retryIteration" value="0" />
            <property name="repeatIteration" value="0" />
          </properties>
        </test-case>
        <test-case id="1583" name="ADeclinedSeriesIsOverAndCannotBeAccepted" fullname="Level5VersusSeriesTests.ADeclinedSeriesIsOverAndCannotBeAccepted" methodname="ADeclinedSeriesIsOverAndCannotBeAccepted" classname="Level5VersusSeriesTests" runstate="Runnable" seed="828350032" result="Passed" start-time="2026-08-23 23:31:34Z" end-time="2026-08-23 23:31:34Z" duration="0.000316" asserts="0">
          <properties>
            <property name="retryIteration" value="0" />
            <property name="repeatIteration" value="0" />
          </properties>
        </test-case>
        <test-case id="1582" name="AnInvitedSeriesPlaysNothingUntilItIsAccepted" fullname="Level5VersusSeriesTests.AnInvitedSeriesPlaysNothingUntilItIsAccepted" methodname="AnInvitedSeriesPlaysNothingUntilItIsAccepted" classname="Level5VersusSeriesTests" runstate="Runnable" seed="603345462" result="Passed" start-time="2026-08-23 23:31:34Z" end-time="2026-08-23 23:31:34Z" duration="0.000253" asserts="0">
          <properties>
            <property name="retryIteration" value="0" />
            <property name="repeatIteration" value="0" />
          </properties>
        </test-case>
        <test-case id="1568" name="APlaylistMustBeExactlyAsLongAsTheFormat" fullname="Level5VersusSeriesTests.APlaylistMustBeExactlyAsLongAsTheFormat" methodname="APlaylistMustBeExactlyAsLongAsTheFormat" classname="Level5VersusSeriesTests" runstate="Runnable" seed="1445977869" result="Passed" start-time="2026-08-23 23:31:34Z" end-time="2026-08-23 23:31:34Z" duration="0.000279" asserts="0">
          <properties>
            <property name="retryIteration" value="0" />
            <property name="repeatIteration" value="0" />
          </properties>
        </test-case>
        <test-case id="1586" name="ASeriesCanPinTheFirstAttemptToOneParticipant" fullname="Level5VersusSeriesTests.ASeriesCanPinTheFirstAttemptToOneParticipant" methodname="ASeriesCanPinTheFirstAttemptToOneParticipant" classname="Level5VersusSeriesTests" runstate="Runnable" seed="618736888" result="Passed" start-time="2026-08-23 23:31:34Z" end-time="2026-08-23 23:31:34Z" duration="0.000210" asserts="0">
          <properties>
            <property name="retryIteration" value="0" />
            <property name="repeatIteration" value="0" />
          </properties>
        </test-case>
        <test-case id="1580" name="ASeriesFullOfDrawsFinishesRatherThanWaitingForAWinThatCannotCome" fullname="Level5VersusSeriesTests.ASeriesFullOfDrawsFinishesRatherThanWaitingForAWinThatCannotCome" methodname="ASeriesFullOfDrawsFinishesRatherThanWaitingForAWinThatCannotCome" classname="Level5VersusSeriesTests" runstate="Runnable" seed="1271605984" result="Passed" start-time="2026-08-23 23:31:34Z" end-time="2026-08-23 23:31:34Z" duration="0.000327" asserts="0">
          <properties>
            <property name="retryIteration" value="0" />
            <property name="repeatIteration" value="0" />
          </properties>
        </test-case>
        <test-case id="1569" name="BestOf1IsSettledByTheFirstGame" fullname="Level5VersusSeriesTests.BestOf1IsSettledByTheFirstGame" methodname="BestOf1IsSettledByTheFirstGame" classname="Level5VersusSeriesTests" runstate="Runnable" seed="43339830" result="Passed" start-time="2026-08-23 23:31:34Z" end-time="2026-08-23 23:31:34Z" duration="0.000289" asserts="0">
          <properties>
            <property name="retryIteration" value="0" />
            <property name="repeatIteration" value="0" />
          </properties>
        </test-case>
        <test-case id="1570" name="BestOf3EndsAtTwoNilAndNeverActivatesGameThree" fullname="Level5VersusSeriesTests.BestOf3EndsAtTwoNilAndNeverActivatesGameThree" methodname="BestOf3EndsAtTwoNilAndNeverActivatesGameThree" classname="Level5VersusSeriesTests" runstate="Runnable" seed="898296150" result="Passed" start-time="2026-08-23 23:31:34Z" end-time="2026-08-23 23:31:34Z" duration="0.000294" asserts="0">
          <properties>
            <property name="retryIteration" value="0" />
            <property name="repeatIteration" value="0" />
          </properties>
        </test-case>
        <test-case id="1572" name="BestOf3GoesToThreeGamesWhenItIsOneAll" fullname="Level5VersusSeriesTests.BestOf3GoesToThreeGamesWhenItIsOneAll" methodname="BestOf3GoesToThreeGamesWhenItIsOneAll" classname="Level5VersusSeriesTests" runstate="Runnable" seed="470575173" result="Passed" start-time="2026-08-23 23:31:34Z" end-time="2026-08-23 23:31:34Z" duration="0.000366" asserts="0">
          <properties>
            <property name="retryIteration" value="0" />
            <property name="repeatIteration" value="0" />
          </properties>
        </test-case>
        <test-case id="1573" name="BestOf5EndsAtThreeNil" fullname="Level5VersusSeriesTests.BestOf5EndsAtThreeNil" methodname="BestOf5EndsAtThreeNil" classname="Level5VersusSeriesTests" runstate="Runnable" seed="610830925" result="Passed" start-time="2026-08-23 23:31:34Z" end-time="2026-08-23 23:31:34Z" duration="0.000421" asserts="0">
          <properties>
            <property name="retryIteration" value="0" />
            <property name="repeatIteration" value="0" />
          </properties>
        </test-case>
        <test-case id="1574" name="BestOf5EndsAtThreeOne" fullname="Level5VersusSeriesTests.BestOf5EndsAtThreeOne" methodname="BestOf5EndsAtThreeOne" classname="Level5VersusSeriesTests" runstate="Runnable" seed="355738727" result="Passed" start-time="2026-08-23 23:31:34Z" end-time="2026-08-23 23:31:34Z" duration="0.000185" asserts="0">
          <properties>
            <property name="retryIteration" value="0" />
            <property name="repeatIteration" value="0" />
          </properties>
        </test-case>
        <test-case id="1575" name="BestOf5GoesTheDistanceAtThreeTwo" fullname="Level5VersusSeriesTests.BestOf5GoesTheDistanceAtThreeTwo" methodname="BestOf5GoesTheDistanceAtThreeTwo" classname="Level5VersusSeriesTests" runstate="Runnable" seed="69266622" result="Passed" start-time="2026-08-23 23:31:34Z" end-time="2026-08-23 23:31:34Z" duration="0.000328" asserts="0">
          <properties>
            <property name="retryIteration" value="0" />
            <property name="repeatIteration" value="0" />
          </properties>
        </test-case>
        <test-case id="1576" name="BestOf7EndsAtFourNilWithThreeGamesNeverActivated" fullname="Level5VersusSeriesTests.BestOf7EndsAtFourNilWithThreeGamesNeverActivated" methodname="BestOf7EndsAtFourNilWithThreeGamesNeverActivated" classname="Level5VersusSeriesTests" runstate="Runnable" seed="945761485" result="Passed" start-time="2026-08-23 23:31:34Z" end-time="2026-08-23 23:31:34Z" duration="0.000286" asserts="0">
          <properties>
            <property name="retryIteration" value="0" />
            <property name="repeatIteration" value="0" />
          </properties>
        </test-case>
        <test-case id="1577" name="BestOf7EndsAtFourOne" fullname="Level5VersusSeriesTests.BestOf7EndsAtFourOne" methodname="BestOf7EndsAtFourOne" classname="Level5VersusSeriesTests" runstate="Runnable" seed="1030230941" result="Passed" start-time="2026-08-23 23:31:34Z" end-time="2026-08-23 23:31:34Z" duration="0.000184" asserts="0">
          <properties>
            <property name="retryIteration" value="0" />
            <property name="repeatIteration" value="0" />
          </properties>
        </test-case>
        <test-case id="1578" name="BestOf7EndsAtFourTwo" fullname="Level5VersusSeriesTests.BestOf7EndsAtFourTwo" methodname="BestOf7EndsAtFourTwo" classname="Level5VersusSeriesTests" runstate="Runnable" seed="326008068" result="Passed" start-time="2026-08-23 23:31:34Z" end-time="2026-08-23 23:31:34Z" duration="0.000192" asserts="0">
          <properties>
            <property name="retryIteration" value="0" />
            <property name="repeatIteration" value="0" />
          </properties>
        </test-case>
        <test-case id="1571" name="NoAttemptCanBeIssuedForAGameTheSeriesNoLongerNeeds" fullname="Level5VersusSeriesTests.NoAttemptCanBeIssuedForAGameTheSeriesNoLongerNeeds" methodname="NoAttemptCanBeIssuedForAGameTheSeriesNoLongerNeeds" classname="Level5VersusSeriesTests" runstate="Runnable" seed="1812719238" result="Passed" start-time="2026-08-23 23:31:34Z" end-time="2026-08-23 23:31:34Z" duration="0.000399" asserts="0">
          <properties>
            <property name="retryIteration" value="0" />
            <property name="repeatIteration" value="0" />
          </properties>
        </test-case>
        <test-case id="1567" name="OnlyOddSeriesLengthsUpToSevenExist" fullname="Level5VersusSeriesTests.OnlyOddSeriesLengthsUpToSevenExist" methodname="OnlyOddSeriesLengthsUpToSevenExist" classname="Level5VersusSeriesTests" runstate="Runnable" seed="256288594" result="Passed" start-time="2026-08-23 23:31:34Z" end-time="2026-08-23 23:31:34Z" duration="0.000474" asserts="0">
          <properties>
            <property name="retryIteration" value="0" />
            <property name="repeatIteration" value="0" />
          </properties>
        </test-case>
        <test-case id="1585" name="TheRightToAttemptFirstAlternatesBetweenGames" fullname="Level5VersusSeriesTests.TheRightToAttemptFirstAlternatesBetweenGames" methodname="TheRightToAttemptFirstAlternatesBetweenGames" classname="Level5VersusSeriesTests" runstate="Runnable" seed="1046608198" result="Passed" start-time="2026-08-23 23:31:34Z" end-time="2026-08-23 23:31:34Z" duration="0.000236" asserts="0">
          <properties>
            <property name="retryIteration" value="0" />
            <property name="repeatIteration" value="0" />
          </properties>
        </test-case>
        <test-case id="1579" name="ThreeAllActivatesGameSevenAndItsWinnerTakesTheSeries" fullname="Level5VersusSeriesTests.ThreeAllActivatesGameSevenAndItsWinnerTakesTheSeries" methodname="ThreeAllActivatesGameSevenAndItsWinnerTakesTheSeries" classname="Level5VersusSeriesTests" runstate="Runnable" seed="1601912538" result="Passed" start-time="2026-08-23 23:31:34Z" end-time="2026-08-23 23:31:34Z" duration="0.000476" asserts="0">
          <properties>
            <property name="retryIteration" value="0" />
            <property name="repeatIteration" value="0" />
          </properties>
        </test-case>
        <test-case id="1581" name="WithDrawsInItTheSeriesGoesToWhoeverWonMoreGames" fullname="Level5VersusSeriesTests.WithDrawsInItTheSeriesGoesToWhoeverWonMoreGames" methodname="WithDrawsInItTheSeriesGoesToWhoeverWonMoreGames" classname="Level5VersusSeriesTests" runstate="Runnable" seed="1853083576" result="Passed" start-time="2026-08-23 23:31:34Z" end-time="2026-08-23 23:31:34Z" duration="0.000274" asserts="0">
          <properties>
            <property name="retryIteration" value="0" />
            <property name="repeatIteration" value="0" />
          </properties>
        </test-case>
      </test-suite>
      <test-suite type="TestFixture" id="1587" name="Level5VersusVersioningTests" fullname="Level5VersusVersioningTests" classname="Level5VersusVersioningTests" runstate="Runnable" testcasecount="9" result="Passed" start-time="2026-08-23 23:31:34Z" end-time="2026-08-23 23:31:34Z" duration="0.004239" total="9" passed="9" failed="0" inconclusive="0" skipped="0" asserts="0">
        <properties />
        <test-case id="1592" name="ABuildThatCanNoLongerScoreASeriesRefusesToIssueAnAttemptForIt" fullname="Level5VersusVersioningTests.ABuildThatCanNoLongerScoreASeriesRefusesToIssueAnAttemptForIt" methodname="ABuildThatCanNoLongerScoreASeriesRefusesToIssueAnAttemptForIt" classname="Level5VersusVersioningTests" runstate="Runnable" seed="1453210298" result="Passed" start-time="2026-08-23 23:31:34Z" end-time="2026-08-23 23:31:34Z" duration="0.000470" asserts="0">
          <properties>
            <property name="retryIteration" value="0" />
            <property name="repeatIteration" value="0" />
          </properties>
        </test-case>
        <test-case id="1588" name="AnActiveSeriesKeepsTheRulesVersionItStartedUnder" fullname="Level5VersusVersioningTests.AnActiveSeriesKeepsTheRulesVersionItStartedUnder" methodname="AnActiveSeriesKeepsTheRulesVersionItStartedUnder" classname="Level5VersusVersioningTests" runstate="Runnable" seed="715104996" result="Passed" start-time="2026-08-23 23:31:34Z" end-time="2026-08-23 23:31:34Z" duration="0.000217" asserts="0">
          <properties>
            <property name="retryIteration" value="0" />
            <property name="repeatIteration" value="0" />
          </properties>
        </test-case>
        <test-case id="1593" name="AnAgedOutSeriesCanStillBeReadEvenThoughItCannotBePlayedOn" fullname="Level5VersusVersioningTests.AnAgedOutSeriesCanStillBeReadEvenThoughItCannotBePlayedOn" methodname="AnAgedOutSeriesCanStillBeReadEvenThoughItCannotBePlayedOn" classname="Level5VersusVersioningTests" runstate="Runnable" seed="1457501614" result="Passed" start-time="2026-08-23 23:31:34Z" end-time="2026-08-23 23:31:34Z" duration="0.000469" asserts="0">
          <properties>
            <property name="retryIteration" value="0" />
            <property name="repeatIteration" value="0" />
          </properties>
        </test-case>
        <test-case id="1590" name="ARestoredSeriesResolvesOnItsOwnFrozenRulesNotOnWhateverTheBuildNowThinks" fullname="Level5VersusVersioningTests.ARestoredSeriesResolvesOnItsOwnFrozenRulesNotOnWhateverTheBuildNowThinks" methodname="ARestoredSeriesResolvesOnItsOwnFrozenRulesNotOnWhateverTheBuildNowThinks" classname="Level5VersusVersioningTests" runstate="Runnable" seed="1458157357" result="Passed" start-time="2026-08-23 23:31:34Z" end-time="2026-08-23 23:31:34Z" duration="0.000412" asserts="0">
          <properties>
            <property name="retryIteration" value="0" />
            <property name="repeatIteration" value="0" />
          </properties>
        </test-case>
        <test-case id="1591" name="AResultProducedUnderTheWrongVersionIsRejected" fullname="Level5VersusVersioningTests.AResultProducedUnderTheWrongVersionIsRejected" methodname="AResultProducedUnderTheWrongVersionIsRejected" classname="Level5VersusVersioningTests" runstate="Runnable" seed="123863815" result="Passed" start-time="2026-08-23 23:31:34Z" end-time="2026-08-23 23:31:34Z" duration="0.000302" asserts="0">
          <properties>
            <property name="retryIteration" value="0" />
            <property name="repeatIteration" value="0" />
          </properties>
        </test-case>
        <test-case id="1594" name="ASeriesNamingARulesetThisBuildNoLongerHasIsRefusedRatherThanGuessedAt" fullname="Level5VersusVersioningTests.ASeriesNamingARulesetThisBuildNoLongerHasIsRefusedRatherThanGuessedAt" methodname="ASeriesNamingARulesetThisBuildNoLongerHasIsRefusedRatherThanGuessedAt" classname="Level5VersusVersioningTests" runstate="Runnable" seed="1330763367" result="Passed" start-time="2026-08-23 23:31:34Z" end-time="2026-08-23 23:31:34Z" duration="0.000354" asserts="0">
          <properties>
            <property name="retryIteration" value="0" />
            <property name="repeatIteration" value="0" />
          </properties>
        </test-case>
        <test-case id="1595" name="TheBuildVersionAndTheRulesVersionAreSeparateNumbers" fullname="Level5VersusVersioningTests.TheBuildVersionAndTheRulesVersionAreSeparateNumbers" methodname="TheBuildVersionAndTheRulesVersionAreSeparateNumbers" classname="Level5VersusVersioningTests" runstate="Runnable" seed="1653488852" result="Passed" start-time="2026-08-23 23:31:34Z" end-time="2026-08-23 23:31:34Z" duration="0.000269" asserts="0">
          <properties>
            <property name="retryIteration" value="0" />
            <property name="repeatIteration" value="0" />
          </properties>
        </test-case>
        <test-case id="1596" name="TheSnapshotFormatCarriesItsOwnVersionSeparateFromTheRules" fullname="Level5VersusVersioningTests.TheSnapshotFormatCarriesItsOwnVersionSeparateFromTheRules" methodname="TheSnapshotFormatCarriesItsOwnVersionSeparateFromTheRules" classname="Level5VersusVersioningTests" runstate="Runnable" seed="1794236592" result="Passed" start-time="2026-08-23 23:31:34Z" end-time="2026-08-23 23:31:34Z" duration="0.000284" asserts="0">
          <properties>
            <property name="retryIteration" value="0" />
            <property name="repeatIteration" value="0" />
          </properties>
        </test-case>
        <test-case id="1589" name="UpdatingTheCatalogDoesNotTouchASeriesAlreadyUnderWay" fullname="Level5VersusVersioningTests.UpdatingTheCatalogDoesNotTouchASeriesAlreadyUnderWay" methodname="UpdatingTheCatalogDoesNotTouchASeriesAlreadyUnderWay" classname="Level5VersusVersioningTests" runstate="Runnable" seed="95165739" result="Passed" start-time="2026-08-23 23:31:34Z" end-time="2026-08-23 23:31:34Z" duration="0.000270" asserts="0">
          <properties>
            <property name="retryIteration" value="0" />
            <property name="repeatIteration" value="0" />
          </properties>
          <output><![CDATA[Saving results to: C:/Users/Patrick/AppData/LocalLow/level5/level5\TestResults.xml
]]></output>
        </test-case>
      </test-suite>
    </test-suite>
  </test-suite>
</test-run>