<?xml version="1.0" encoding="utf-8"?>
<test-run id="2" testcasecount="541" result="Passed" total="541" passed="541" failed="0" inconclusive="0" skipped="0" asserts="0" engine-version="3.5.0.0" clr-version="4.0.30319.42000" start-time="2026-08-23 23:14:29Z" end-time="2026-08-23 23:14:34Z" duration="4.967334">
  <test-suite type="TestSuite" id="1000" name="level5" fullname="level5" runstate="Runnable" testcasecount="541" result="Passed" start-time="2026-08-23 23:14:29Z" end-time="2026-08-23 23:14:34Z" duration="4.967334" total="541" passed="541" failed="0" inconclusive="0" skipped="0" asserts="0">
    <properties>
      <property name="platform" value="EditMode" />
    </properties>
    <test-suite type="Assembly" id="1597" name="Assembly-CSharp-Editor.dll" fullname="C:/Users/Patrick/Documents/github/level5/Library/ScriptAssemblies/Assembly-CSharp-Editor.dll" runstate="Runnable" testcasecount="541" result="Passed" start-time="2026-08-23 23:14:29Z" end-time="2026-08-23 23:14:34Z" duration="4.958642" total="541" passed="541" failed="0" inconclusive="0" skipped="0" asserts="0">
      <properties>
        <property name="_PID" value="52704" />
        <property name="_APPDOMAIN" value="Unity Child Domain" />
        <property name="platform" value="EditMode" />
        <property name="EditorOnly" value="True" />
      </properties>
      <test-suite type="TestFixture" id="1001" name="Level5ActorHealthTests" fullname="Level5ActorHealthTests" classname="Level5ActorHealthTests" runstate="Runnable" testcasecount="10" result="Passed" start-time="2026-08-23 23:14:29Z" end-time="2026-08-23 23:14:29Z" duration="0.029521" total="10" passed="10" failed="0" inconclusive="0" skipped="0" asserts="0">
        <properties />
        <test-case id="1011" name="DamageableContractReportsTheSameNumbers" fullname="Level5ActorHealthTests.DamageableContractReportsTheSameNumbers" methodname="DamageableContractReportsTheSameNumbers" classname="Level5ActorHealthTests" runstate="Runnable" seed="617617092" result="Passed" start-time="2026-08-23 23:14:29Z" end-time="2026-08-23 23:14:29Z" duration="0.014816" asserts="0">
          <properties>
            <property name="retryIteration" value="0" />
            <property name="repeatIteration" value="0" />
          </properties>
        </test-case>
        <test-case id="1005" name="DamageAndHealingAreIgnoredOnceDead" fullname="Level5ActorHealthTests.DamageAndHealingAreIgnoredOnceDead" methodname="DamageAndHealingAreIgnoredOnceDead" classname="Level5ActorHealthTests" runstate="Runnable" seed="1014511019" result="Passed" start-time="2026-08-23 23:14:29Z" end-time="2026-08-23 23:14:29Z" duration="0.001006" asserts="0">
          <properties>
            <property name="retryIteration" value="0" />
            <property name="repeatIteration" value="0" />
          </properties>
        </test-case>
        <test-case id="1004" name="DamageIsClampedAtZeroAndLatchesDeath" fullname="Level5ActorHealthTests.DamageIsClampedAtZeroAndLatchesDeath" methodname="DamageIsClampedAtZeroAndLatchesDeath" classname="Level5ActorHealthTests" runstate="Runnable" seed="1756551082" result="Passed" start-time="2026-08-23 23:14:29Z" end-time="2026-08-23 23:14:29Z" duration="0.000387" asserts="0">
          <properties>
            <property name="retryIteration" value="0" />
            <property name="repeatIteration" value="0" />
          </properties>
        </test-case>
        <test-case id="1008" name="DiedIsRaisedExactlyOnce" fullname="Level5ActorHealthTests.DiedIsRaisedExactlyOnce" methodname="DiedIsRaisedExactlyOnce" classname="Level5ActorHealthTests" runstate="Runnable" seed="596136021" result="Passed" start-time="2026-08-23 23:14:29Z" end-time="2026-08-23 23:14:29Z" duration="0.000386" asserts="0">
          <properties>
            <property name="retryIteration" value="0" />
            <property name="repeatIteration" value="0" />
          </properties>
        </test-case>
        <test-case id="1003" name="HardcoreAddsAQuarterOfMaxHealth" fullname="Level5ActorHealthTests.HardcoreAddsAQuarterOfMaxHealth" methodname="HardcoreAddsAQuarterOfMaxHealth" classname="Level5ActorHealthTests" runstate="Runnable" seed="999254003" result="Passed" start-time="2026-08-23 23:14:29Z" end-time="2026-08-23 23:14:29Z" duration="0.000248" asserts="0">
          <properties>
            <property name="retryIteration" value="0" />
            <property name="repeatIteration" value="0" />
          </properties>
        </test-case>
        <test-case id="1006" name="HealingIsClampedToMaxHealth" fullname="Level5ActorHealthTests.HealingIsClampedToMaxHealth" methodname="HealingIsClampedToMaxHealth" classname="Level5ActorHealthTests" runstate="Runnable" seed="1481127355" result="Passed" start-time="2026-08-23 23:14:29Z" end-time="2026-08-23 23:14:29Z" duration="0.000237" asserts="0">
          <properties>
            <property name="retryIteration" value="0" />
            <property name="repeatIteration" value="0" />
          </properties>
        </test-case>
        <test-case id="1009" name="HealthChangedIsNotRaisedForAnUnchangedValue" fullname="Level5ActorHealthTests.HealthChangedIsNotRaisedForAnUnchangedValue" methodname="HealthChangedIsNotRaisedForAnUnchangedValue" classname="Level5ActorHealthTests" runstate="Runnable" seed="712018468" result="Passed" start-time="2026-08-23 23:14:29Z" end-time="2026-08-23 23:14:29Z" duration="0.000373" asserts="0">
          <properties>
            <property name="retryIteration" value="0" />
            <property name="repeatIteration" value="0" />
          </properties>
        </test-case>
        <test-case id="1007" name="NonPositiveAmountsAreNoOps" fullname="Level5ActorHealthTests.NonPositiveAmountsAreNoOps" methodname="NonPositiveAmountsAreNoOps" classname="Level5ActorHealthTests" runstate="Runnable" seed="877380749" result="Passed" start-time="2026-08-23 23:14:29Z" end-time="2026-08-23 23:14:29Z" duration="0.000279" asserts="0">
          <properties>
            <property name="retryIteration" value="0" />
            <property name="repeatIteration" value="0" />
          </properties>
        </test-case>
        <test-case id="1002" name="ResetStartsAtFullHealthAndAlive" fullname="Level5ActorHealthTests.ResetStartsAtFullHealthAndAlive" methodname="ResetStartsAtFullHealthAndAlive" classname="Level5ActorHealthTests" runstate="Runnable" seed="296070457" result="Passed" start-time="2026-08-23 23:14:29Z" end-time="2026-08-23 23:14:29Z" duration="0.000250" asserts="0">
          <properties>
            <property name="retryIteration" value="0" />
            <property name="repeatIteration" value="0" />
          </properties>
        </test-case>
        <test-case id="1010" name="SettingIsDeadDirectlyZeroesHealth" fullname="Level5ActorHealthTests.SettingIsDeadDirectlyZeroesHealth" methodname="SettingIsDeadDirectlyZeroesHealth" classname="Level5ActorHealthTests" runstate="Runnable" seed="1115311264" result="Passed" start-time="2026-08-23 23:14:29Z" end-time="2026-08-23 23:14:29Z" duration="0.000254" asserts="0">
          <properties>
            <property name="retryIteration" value="0" />
            <property name="repeatIteration" value="0" />
          </properties>
        </test-case>
      </test-suite>
      <test-suite type="TestFixture" id="1012" name="Level5AuthoredMatchDataTests" fullname="Level5AuthoredMatchDataTests" classname="Level5AuthoredMatchDataTests" runstate="Runnable" testcasecount="7" result="Passed" start-time="2026-08-23 23:14:29Z" end-time="2026-08-23 23:14:29Z" duration="0.077801" total="7" passed="7" failed="0" inconclusive="0" skipped="0" asserts="0">
        <properties />
        <test-case id="1016" name="AuthoredLevelIdsAreUnique" fullname="Level5AuthoredMatchDataTests.AuthoredLevelIdsAreUnique" methodname="AuthoredLevelIdsAreUnique" classname="Level5AuthoredMatchDataTests" runstate="Runnable" seed="861368601" result="Passed" start-time="2026-08-23 23:14:29Z" end-time="2026-08-23 23:14:29Z" duration="0.062552" asserts="0">
          <properties>
            <property name="retryIteration" value="0" />
            <property name="repeatIteration" value="0" />
          </properties>
        </test-case>
        <test-case id="1015" name="AuthoredModeIdsAreUniqueAndKnown" fullname="Level5AuthoredMatchDataTests.AuthoredModeIdsAreUniqueAndKnown" methodname="AuthoredModeIdsAreUniqueAndKnown" classname="Level5AuthoredMatchDataTests" runstate="Runnable" seed="1488326274" result="Passed" start-time="2026-08-23 23:14:29Z" end-time="2026-08-23 23:14:29Z" duration="0.004460" asserts="0">
          <properties>
            <property name="retryIteration" value="0" />
            <property name="repeatIteration" value="0" />
          </properties>
        </test-case>
        <test-case id="1017" name="EveryAuthoredLevelRoundTripsThroughArenaCapabilities" fullname="Level5AuthoredMatchDataTests.EveryAuthoredLevelRoundTripsThroughArenaCapabilities" methodname="EveryAuthoredLevelRoundTripsThroughArenaCapabilities" classname="Level5AuthoredMatchDataTests" runstate="Runnable" seed="747001341" result="Passed" start-time="2026-08-23 23:14:29Z" end-time="2026-08-23 23:14:29Z" duration="0.001221" asserts="0">
          <properties>
            <property name="retryIteration" value="0" />
            <property name="repeatIteration" value="0" />
          </properties>
        </test-case>
        <test-case id="1018" name="EveryAuthoredModeCanBePlayedSomewhere" fullname="Level5AuthoredMatchDataTests.EveryAuthoredModeCanBePlayedSomewhere" methodname="EveryAuthoredModeCanBePlayedSomewhere" classname="Level5AuthoredMatchDataTests" runstate="Runnable" seed="457640442" result="Passed" start-time="2026-08-23 23:14:29Z" end-time="2026-08-23 23:14:29Z" duration="0.002962" asserts="0">
          <properties>
            <property name="retryIteration" value="0" />
            <property name="repeatIteration" value="0" />
          </properties>
        </test-case>
        <test-case id="1013" name="EveryAuthoredModeRoundTripsThroughTheRuleDimensions" fullname="Level5AuthoredMatchDataTests.EveryAuthoredModeRoundTripsThroughTheRuleDimensions" methodname="EveryAuthoredModeRoundTripsThroughTheRuleDimensions" classname="Level5AuthoredMatchDataTests" runstate="Runnable" seed="2000198497" result="Passed" start-time="2026-08-23 23:14:29Z" end-time="2026-08-23 23:14:29Z" duration="0.001365" asserts="0">
          <properties>
            <property name="retryIteration" value="0" />
            <property name="repeatIteration" value="0" />
          </properties>
        </test-case>
        <test-case id="1014" name="NoAuthoredModeSaysSomethingTheRuleDimensionsCannotHold" fullname="Level5AuthoredMatchDataTests.NoAuthoredModeSaysSomethingTheRuleDimensionsCannotHold" methodname="NoAuthoredModeSaysSomethingTheRuleDimensionsCannotHold" classname="Level5AuthoredMatchDataTests" runstate="Runnable" seed="1005397388" result="Passed" start-time="2026-08-23 23:14:29Z" end-time="2026-08-23 23:14:29Z" duration="0.000866" asserts="0">
          <properties>
            <property name="retryIteration" value="0" />
            <property name="repeatIteration" value="0" />
          </properties>
        </test-case>
        <test-case id="1019" name="TheCampaignStartLevelCanHostTheCampaignMode" fullname="Level5AuthoredMatchDataTests.TheCampaignStartLevelCanHostTheCampaignMode" methodname="TheCampaignStartLevelCanHostTheCampaignMode" classname="Level5AuthoredMatchDataTests" runstate="Runnable" seed="1592745854" result="Passed" start-time="2026-08-23 23:14:29Z" end-time="2026-08-23 23:14:29Z" duration="0.002755" asserts="0">
          <properties>
            <property name="retryIteration" value="0" />
            <property name="repeatIteration" value="0" />
          </properties>
        </test-case>
      </test-suite>
      <test-suite type="TestFixture" id="1020" name="Level5AutonomousActorTests" fullname="Level5AutonomousActorTests" classname="Level5AutonomousActorTests" runstate="Runnable" testcasecount="12" result="Passed" start-time="2026-08-23 23:14:29Z" end-time="2026-08-23 23:14:29Z" duration="0.146337" total="12" passed="12" failed="0" inconclusive="0" skipped="0" asserts="0">
        <properties />
        <test-case id="1027" name="ABodyGuardNeverGoesBlindInsideItsOwnInterceptionRange" fullname="Level5AutonomousActorTests.ABodyGuardNeverGoesBlindInsideItsOwnInterceptionRange" methodname="ABodyGuardNeverGoesBlindInsideItsOwnInterceptionRange" classname="Level5AutonomousActorTests" runstate="Runnable" seed="577721955" result="Passed" start-time="2026-08-23 23:14:29Z" end-time="2026-08-23 23:14:29Z" duration="0.000438" asserts="0">
          <properties>
            <property name="retryIteration" value="0" />
            <property name="repeatIteration" value="0" />
          </properties>
        </test-case>
        <test-case id="1025" name="ABodyGuardOnlySightsEnemiesWithinItsOwnReach" fullname="Level5AutonomousActorTests.ABodyGuardOnlySightsEnemiesWithinItsOwnReach" methodname="ABodyGuardOnlySightsEnemiesWithinItsOwnReach" classname="Level5AutonomousActorTests" runstate="Runnable" seed="1848704050" result="Passed" start-time="2026-08-23 23:14:29Z" end-time="2026-08-23 23:14:29Z" duration="0.001097" asserts="0">
          <properties>
            <property name="retryIteration" value="0" />
            <property name="repeatIteration" value="0" />
          </properties>
        </test-case>
        <test-case id="1026" name="ABodyGuardSightsWhenAnyQueuedEnemyIsInReachAndNotWhenTheQueueIsEmpty" fullname="Level5AutonomousActorTests.ABodyGuardSightsWhenAnyQueuedEnemyIsInReachAndNotWhenTheQueueIsEmpty" methodname="ABodyGuardSightsWhenAnyQueuedEnemyIsInReachAndNotWhenTheQueueIsEmpty" classname="Level5AutonomousActorTests" runstate="Runnable" seed="1644715619" result="Passed" start-time="2026-08-23 23:14:29Z" end-time="2026-08-23 23:14:29Z" duration="0.000291" asserts="0">
          <properties>
            <property name="retryIteration" value="0" />
            <property name="repeatIteration" value="0" />
          </properties>
        </test-case>
        <test-case id="1031" name="ActionableRangeHonoursAnAuthoredSightWiderThanTheInterceptionLeash" fullname="Level5AutonomousActorTests.ActionableRangeHonoursAnAuthoredSightWiderThanTheInterceptionLeash" methodname="ActionableRangeHonoursAnAuthoredSightWiderThanTheInterceptionLeash" classname="Level5AutonomousActorTests" runstate="Runnable" seed="10521827" result="Passed" start-time="2026-08-23 23:14:29Z" end-time="2026-08-23 23:14:29Z" duration="0.000157" asserts="0">
          <properties>
            <property name="retryIteration" value="0" />
            <property name="repeatIteration" value="0" />
          </properties>
        </test-case>
        <test-case id="1029" name="ActionableRangeTreatsSightAndInterceptionConsistentlyAtTheSameDistance" fullname="Level5AutonomousActorTests.ActionableRangeTreatsSightAndInterceptionConsistentlyAtTheSameDistance" methodname="ActionableRangeTreatsSightAndInterceptionConsistentlyAtTheSameDistance" classname="Level5AutonomousActorTests" runstate="Runnable" seed="955577429" result="Passed" start-time="2026-08-23 23:14:29Z" end-time="2026-08-23 23:14:29Z" duration="0.000111" asserts="0">
          <properties>
            <property name="retryIteration" value="0" />
            <property name="repeatIteration" value="0" />
          </properties>
        </test-case>
        <test-case id="1030" name="ActionableRangeTreatsTheInterceptionEnvelopeAndGuardSightAsIndependentPaths" fullname="Level5AutonomousActorTests.ActionableRangeTreatsTheInterceptionEnvelopeAndGuardSightAsIndependentPaths" methodname="ActionableRangeTreatsTheInterceptionEnvelopeAndGuardSightAsIndependentPaths" classname="Level5AutonomousActorTests" runstate="Runnable" seed="1556622723" result="Passed" start-time="2026-08-23 23:14:29Z" end-time="2026-08-23 23:14:29Z" duration="0.000113" asserts="0">
          <properties>
            <property name="retryIteration" value="0" />
            <property name="repeatIteration" value="0" />
          </properties>
        </test-case>
        <test-case id="1028" name="ADestroyedEnemyIsNotSightedAndAZeroReachSightsNothing" fullname="Level5AutonomousActorTests.ADestroyedEnemyIsNotSightedAndAZeroReachSightsNothing" methodname="ADestroyedEnemyIsNotSightedAndAZeroReachSightsNothing" classname="Level5AutonomousActorTests" runstate="Runnable" seed="998853689" result="Passed" start-time="2026-08-23 23:14:29Z" end-time="2026-08-23 23:14:29Z" duration="0.000179" asserts="0">
          <properties>
            <property name="retryIteration" value="0" />
            <property name="repeatIteration" value="0" />
          </properties>
        </test-case>
        <test-case id="1021" name="EachHumanSlotResolvesItsOwnCharacter" fullname="Level5AutonomousActorTests.EachHumanSlotResolvesItsOwnCharacter" methodname="EachHumanSlotResolvesItsOwnCharacter" classname="Level5AutonomousActorTests" runstate="Runnable" seed="1176921435" result="Passed" start-time="2026-08-23 23:14:29Z" end-time="2026-08-23 23:14:29Z" duration="0.000503" asserts="0">
          <properties>
            <property name="retryIteration" value="0" />
            <property name="repeatIteration" value="0" />
          </properties>
        </test-case>
        <test-case id="1024" name="EnemyCapsMatchTheValuesTheyReplaced" fullname="Level5AutonomousActorTests.EnemyCapsMatchTheValuesTheyReplaced" methodname="EnemyCapsMatchTheValuesTheyReplaced" classname="Level5AutonomousActorTests" runstate="Runnable" seed="952912130" result="Passed" start-time="2026-08-23 23:14:29Z" end-time="2026-08-23 23:14:29Z" duration="0.000535" asserts="0">
          <properties>
            <property name="retryIteration" value="0" />
            <property name="repeatIteration" value="0" />
          </properties>
        </test-case>
        <test-case id="1022" name="HumanSlotWithoutACharacterFallsBackToThePrimaryId" fullname="Level5AutonomousActorTests.HumanSlotWithoutACharacterFallsBackToThePrimaryId" methodname="HumanSlotWithoutACharacterFallsBackToThePrimaryId" classname="Level5AutonomousActorTests" runstate="Runnable" seed="933361977" result="Passed" start-time="2026-08-23 23:14:29Z" end-time="2026-08-23 23:14:29Z" duration="0.001469" asserts="0">
          <properties>
            <property name="retryIteration" value="0" />
            <property name="repeatIteration" value="0" />
          </properties>
        </test-case>
        <test-case id="1023" name="QueueCapacityIsNeverBelowTheSpawnCap" fullname="Level5AutonomousActorTests.QueueCapacityIsNeverBelowTheSpawnCap" methodname="QueueCapacityIsNeverBelowTheSpawnCap" classname="Level5AutonomousActorTests" runstate="Runnable" seed="1025584261" result="Passed" start-time="2026-08-23 23:14:29Z" end-time="2026-08-23 23:14:29Z" duration="0.002397" asserts="0">
          <properties>
            <property name="retryIteration" value="0" />
            <property name="repeatIteration" value="0" />
          </properties>
        </test-case>
        <test-case id="1032" name="TheLockdownDefenderOutrunsEveryAuthoredPlayerSpeed" fullname="Level5AutonomousActorTests.TheLockdownDefenderOutrunsEveryAuthoredPlayerSpeed" methodname="TheLockdownDefenderOutrunsEveryAuthoredPlayerSpeed" classname="Level5AutonomousActorTests" runstate="Runnable" seed="69754228" result="Passed" start-time="2026-08-23 23:14:29Z" end-time="2026-08-23 23:14:29Z" duration="0.136762" asserts="0">
          <properties>
            <property name="retryIteration" value="0" />
            <property name="repeatIteration" value="0" />
          </properties>
        </test-case>
      </test-suite>
      <test-suite type="TestFixture" id="1033" name="Level5BasketballShotPipelineTests" fullname="Level5BasketballShotPipelineTests" classname="Level5BasketballShotPipelineTests" runstate="Runnable" testcasecount="7" result="Passed" start-time="2026-08-23 23:14:29Z" end-time="2026-08-23 23:14:29Z" duration="0.022385" total="7" passed="7" failed="0" inconclusive="0" skipped="0" asserts="0">
        <properties />
        <test-case id="1040" name="ADegenerateShooterProducesAZeroVelocityShotRatherThanNaN" fullname="Level5BasketballShotPipelineTests.ADegenerateShooterProducesAZeroVelocityShotRatherThanNaN" methodname="ADegenerateShooterProducesAZeroVelocityShotRatherThanNaN" classname="Level5BasketballShotPipelineTests" runstate="Runnable" seed="1356142376" result="Passed" start-time="2026-08-23 23:14:29Z" end-time="2026-08-23 23:14:29Z" duration="0.003698" asserts="0">
          <properties>
            <property name="retryIteration" value="0" />
            <property name="repeatIteration" value="0" />
          </properties>
        </test-case>
        <test-case id="1034" name="CertainLuckAndInRangeShotIsAlwaysASwishWithNoModifiers" fullname="Level5BasketballShotPipelineTests.CertainLuckAndInRangeShotIsAlwaysASwishWithNoModifiers" methodname="CertainLuckAndInRangeShotIsAlwaysASwishWithNoModifiers" classname="Level5BasketballShotPipelineTests" runstate="Runnable" seed="1534084210" result="Passed" start-time="2026-08-23 23:14:29Z" end-time="2026-08-23 23:14:29Z" duration="0.000847" asserts="0">
          <properties>
            <property name="retryIteration" value="0" />
            <property name="repeatIteration" value="0" />
          </properties>
        </test-case>
        <test-case id="1035" name="HighSliderWithCertainCleanReleaseAndInRangeShotIsAlsoASwish" fullname="Level5BasketballShotPipelineTests.HighSliderWithCertainCleanReleaseAndInRangeShotIsAlsoASwish" methodname="HighSliderWithCertainCleanReleaseAndInRangeShotIsAlsoASwish" classname="Level5BasketballShotPipelineTests" runstate="Runnable" seed="1011817869" result="Passed" start-time="2026-08-23 23:14:29Z" end-time="2026-08-23 23:14:29Z" duration="0.000408" asserts="0">
          <properties>
            <property name="retryIteration" value="0" />
            <property name="repeatIteration" value="0" />
          </properties>
        </test-case>
        <test-case id="1036" name="LowSliderWithNoCleanRollsProducesANonSwishLaunchWithForwardVelocity" fullname="Level5BasketballShotPipelineTests.LowSliderWithNoCleanRollsProducesANonSwishLaunchWithForwardVelocity" methodname="LowSliderWithNoCleanRollsProducesANonSwishLaunchWithForwardVelocity" classname="Level5BasketballShotPipelineTests" runstate="Runnable" seed="1087938015" result="Passed" start-time="2026-08-23 23:14:29Z" end-time="2026-08-23 23:14:29Z" duration="0.000747" asserts="0">
          <properties>
            <property name="retryIteration" value="0" />
            <property name="repeatIteration" value="0" />
          </properties>
        </test-case>
        <test-case id="1039" name="MissingBasketBallStateLogsAndFallsBackToNoShotKind" fullname="Level5BasketballShotPipelineTests.MissingBasketBallStateLogsAndFallsBackToNoShotKind" methodname="MissingBasketBallStateLogsAndFallsBackToNoShotKind" classname="Level5BasketballShotPipelineTests" runstate="Runnable" seed="173955722" result="Passed" start-time="2026-08-23 23:14:29Z" end-time="2026-08-23 23:14:29Z" duration="0.002689" asserts="0">
          <properties>
            <property name="retryIteration" value="0" />
            <property name="repeatIteration" value="0" />
          </properties>
          <output><![CDATA[BasketballShotPipeline.KindFromPointFlags: no BasketBallState - resolving to ShotKind.None.
]]></output>
        </test-case>
        <test-case id="1038" name="MissingCharacterProfileLogsAndFallsBackToAnInertShooter" fullname="Level5BasketballShotPipelineTests.MissingCharacterProfileLogsAndFallsBackToAnInertShooter" methodname="MissingCharacterProfileLogsAndFallsBackToAnInertShooter" classname="Level5BasketballShotPipelineTests" runstate="Runnable" seed="1680645736" result="Passed" start-time="2026-08-23 23:14:29Z" end-time="2026-08-23 23:14:29Z" duration="0.000690" asserts="0">
          <properties>
            <property name="retryIteration" value="0" />
            <property name="repeatIteration" value="0" />
          </properties>
          <output><![CDATA[ShooterAttributesMapper.From: no CharacterProfile - shooting with a zeroed shot pipeline.
]]></output>
        </test-case>
        <test-case id="1037" name="UpdateScoreTextReportsCountsAndPercentagesFromTheSameGameStatsInstance" fullname="Level5BasketballShotPipelineTests.UpdateScoreTextReportsCountsAndPercentagesFromTheSameGameStatsInstance" methodname="UpdateScoreTextReportsCountsAndPercentagesFromTheSameGameStatsInstance" classname="Level5BasketballShotPipelineTests" runstate="Runnable" seed="1769264072" result="Passed" start-time="2026-08-23 23:14:29Z" end-time="2026-08-23 23:14:29Z" duration="0.011342" asserts="0">
          <properties>
            <property name="retryIteration" value="0" />
            <property name="repeatIteration" value="0" />
          </properties>
        </test-case>
      </test-suite>
      <test-suite type="TestFixture" id="1041" name="Level5CombatMathTests" fullname="Level5CombatMathTests" classname="Level5CombatMathTests" runstate="Runnable" testcasecount="32" result="Passed" start-time="2026-08-23 23:14:29Z" end-time="2026-08-23 23:14:29Z" duration="0.015289" total="32" passed="32" failed="0" inconclusive="0" skipped="0" asserts="0">
        <properties />
        <test-case id="1062" name="ACustomTimerWinsWhenTheModeSetsOne" fullname="Level5CombatMathTests.ACustomTimerWinsWhenTheModeSetsOne" methodname="ACustomTimerWinsWhenTheModeSetsOne" classname="Level5CombatMathTests" runstate="Runnable" seed="1647710278" result="Passed" start-time="2026-08-23 23:14:29Z" end-time="2026-08-23 23:14:29Z" duration="0.000314" asserts="0">
          <properties>
            <property name="retryIteration" value="0" />
            <property name="repeatIteration" value="0" />
          </properties>
        </test-case>
        <test-case id="1052" name="AMatchWithNoSniperGetsNoHiddenBonus" fullname="Level5CombatMathTests.AMatchWithNoSniperGetsNoHiddenBonus" methodname="AMatchWithNoSniperGetsNoHiddenBonus" classname="Level5CombatMathTests" runstate="Runnable" seed="1642824279" result="Passed" start-time="2026-08-23 23:14:29Z" end-time="2026-08-23 23:14:29Z" duration="0.000176" asserts="0">
          <properties>
            <property name="retryIteration" value="0" />
            <property name="repeatIteration" value="0" />
          </properties>
        </test-case>
        <test-case id="1066" name="AnEmptyResultSetStillHasOnePage" fullname="Level5CombatMathTests.AnEmptyResultSetStillHasOnePage" methodname="AnEmptyResultSetStillHasOnePage" classname="Level5CombatMathTests" runstate="Runnable" seed="1311608850" result="Passed" start-time="2026-08-23 23:14:29Z" end-time="2026-08-23 23:14:29Z" duration="0.000400" asserts="0">
          <properties>
            <property name="retryIteration" value="0" />
            <property name="repeatIteration" value="0" />
          </properties>
        </test-case>
        <test-case id="1070" name="AnOutOfRangePageIsBroughtBackIntoRange" fullname="Level5CombatMathTests.AnOutOfRangePageIsBroughtBackIntoRange" methodname="AnOutOfRangePageIsBroughtBackIntoRange" classname="Level5CombatMathTests" runstate="Runnable" seed="1480101802" result="Passed" start-time="2026-08-23 23:14:29Z" end-time="2026-08-23 23:14:29Z" duration="0.000277" asserts="0">
          <properties>
            <property name="retryIteration" value="0" />
            <property name="repeatIteration" value="0" />
          </properties>
        </test-case>
        <test-case id="1065" name="AQueuedTouchInputIsConsumedExactlyOnce" fullname="Level5CombatMathTests.AQueuedTouchInputIsConsumedExactlyOnce" methodname="AQueuedTouchInputIsConsumedExactlyOnce" classname="Level5CombatMathTests" runstate="Runnable" seed="1652007667" result="Passed" start-time="2026-08-23 23:14:29Z" end-time="2026-08-23 23:14:29Z" duration="0.000151" asserts="0">
          <properties>
            <property name="retryIteration" value="0" />
            <property name="repeatIteration" value="0" />
          </properties>
        </test-case>
        <test-case id="1053" name="ArcadeModeAwardsNothingRegardlessOfPerformance" fullname="Level5CombatMathTests.ArcadeModeAwardsNothingRegardlessOfPerformance" methodname="ArcadeModeAwardsNothingRegardlessOfPerformance" classname="Level5CombatMathTests" runstate="Runnable" seed="1958491897" result="Passed" start-time="2026-08-23 23:14:29Z" end-time="2026-08-23 23:14:29Z" duration="0.000143" asserts="0">
          <properties>
            <property name="retryIteration" value="0" />
            <property name="repeatIteration" value="0" />
          </properties>
        </test-case>
        <test-case id="1049" name="BeingHitByEverySniperShotAwardsNothing" fullname="Level5CombatMathTests.BeingHitByEverySniperShotAwardsNothing" methodname="BeingHitByEverySniperShotAwardsNothing" classname="Level5CombatMathTests" runstate="Runnable" seed="653739471" result="Passed" start-time="2026-08-23 23:14:29Z" end-time="2026-08-23 23:14:29Z" duration="0.000114" asserts="0">
          <properties>
            <property name="retryIteration" value="0" />
            <property name="repeatIteration" value="0" />
          </properties>
        </test-case>
        <test-case id="1046" name="ChanceOutsideZeroToOneHundredIsClampedByTheEndpoints" fullname="Level5CombatMathTests.ChanceOutsideZeroToOneHundredIsClampedByTheEndpoints" methodname="ChanceOutsideZeroToOneHundredIsClampedByTheEndpoints" classname="Level5CombatMathTests" runstate="Runnable" seed="1625838198" result="Passed" start-time="2026-08-23 23:14:29Z" end-time="2026-08-23 23:14:29Z" duration="0.000140" asserts="0">
          <properties>
            <property name="retryIteration" value="0" />
            <property name="repeatIteration" value="0" />
          </properties>
        </test-case>
        <test-case id="1064" name="ClearDropsEveryQueuedAndHeldTouchInput" fullname="Level5CombatMathTests.ClearDropsEveryQueuedAndHeldTouchInput" methodname="ClearDropsEveryQueuedAndHeldTouchInput" classname="Level5CombatMathTests" runstate="Runnable" seed="11276502" result="Passed" start-time="2026-08-23 23:14:29Z" end-time="2026-08-23 23:14:29Z" duration="0.000245" asserts="0">
          <properties>
            <property name="retryIteration" value="0" />
            <property name="repeatIteration" value="0" />
          </properties>
        </test-case>
        <test-case id="1054" name="EasyDifficultyHalvesTheAwardAndHardRaisesIt" fullname="Level5CombatMathTests.EasyDifficultyHalvesTheAwardAndHardRaisesIt" methodname="EasyDifficultyHalvesTheAwardAndHardRaisesIt" classname="Level5CombatMathTests" runstate="Runnable" seed="2080907001" result="Passed" start-time="2026-08-23 23:14:29Z" end-time="2026-08-23 23:14:29Z" duration="0.000196" asserts="0">
          <properties>
            <property name="retryIteration" value="0" />
            <property name="repeatIteration" value="0" />
          </properties>
        </test-case>
        <test-case id="1055" name="EnemyKillsOnlyCountWhenEnemiesAreEnabled" fullname="Level5CombatMathTests.EnemyKillsOnlyCountWhenEnemiesAreEnabled" methodname="EnemyKillsOnlyCountWhenEnemiesAreEnabled" classname="Level5CombatMathTests" runstate="Runnable" seed="605854531" result="Passed" start-time="2026-08-23 23:14:29Z" end-time="2026-08-23 23:14:29Z" duration="0.000154" asserts="0">
          <properties>
            <property name="retryIteration" value="0" />
            <property name="repeatIteration" value="0" />
          </properties>
        </test-case>
        <test-case id="1050" name="EvasionBonusScalesWithTheShareOfShotsDodged" fullname="Level5CombatMathTests.EvasionBonusScalesWithTheShareOfShotsDodged" methodname="EvasionBonusScalesWithTheShareOfShotsDodged" classname="Level5CombatMathTests" runstate="Runnable" seed="2073630094" result="Passed" start-time="2026-08-23 23:14:29Z" end-time="2026-08-23 23:14:29Z" duration="0.000156" asserts="0">
          <properties>
            <property name="retryIteration" value="0" />
            <property name="repeatIteration" value="0" />
          </properties>
        </test-case>
        <test-case id="1060" name="ExperienceToNextLevelCountsDownAndNeverReadsZero" fullname="Level5CombatMathTests.ExperienceToNextLevelCountsDownAndNeverReadsZero" methodname="ExperienceToNextLevelCountsDownAndNeverReadsZero" classname="Level5CombatMathTests" runstate="Runnable" seed="190476586" result="Passed" start-time="2026-08-23 23:14:29Z" end-time="2026-08-23 23:14:29Z" duration="0.000200" asserts="0">
          <properties>
            <property name="retryIteration" value="0" />
            <property name="repeatIteration" value="0" />
          </properties>
        </test-case>
        <test-case id="1073" name="ExperienceToNextLevelNeverExceedsOneLevel" fullname="Level5CombatMathTests.ExperienceToNextLevelNeverExceedsOneLevel" methodname="ExperienceToNextLevelNeverExceedsOneLevel" classname="Level5CombatMathTests" runstate="Runnable" seed="577897962" result="Passed" start-time="2026-08-23 23:14:29Z" end-time="2026-08-23 23:14:29Z" duration="0.000608" asserts="0">
          <properties>
            <property name="retryIteration" value="0" />
            <property name="repeatIteration" value="0" />
          </properties>
        </test-case>
        <test-case id="1059" name="FloatAndIntCurvesAgree" fullname="Level5CombatMathTests.FloatAndIntCurvesAgree" methodname="FloatAndIntCurvesAgree" classname="Level5CombatMathTests" runstate="Runnable" seed="1301042227" result="Passed" start-time="2026-08-23 23:14:29Z" end-time="2026-08-23 23:14:29Z" duration="0.000257" asserts="0">
          <properties>
            <property name="retryIteration" value="0" />
            <property name="repeatIteration" value="0" />
          </properties>
        </test-case>
        <test-case id="1043" name="FullChanceAlwaysSucceeds" fullname="Level5CombatMathTests.FullChanceAlwaysSucceeds" methodname="FullChanceAlwaysSucceeds" classname="Level5CombatMathTests" runstate="Runnable" seed="384571692" result="Passed" start-time="2026-08-23 23:14:29Z" end-time="2026-08-23 23:14:29Z" duration="0.000153" asserts="0">
          <properties>
            <property name="retryIteration" value="0" />
            <property name="repeatIteration" value="0" />
          </properties>
        </test-case>
        <test-case id="1057" name="LevelIsExperienceDividedByTheCurveConstant" fullname="Level5CombatMathTests.LevelIsExperienceDividedByTheCurveConstant" methodname="LevelIsExperienceDividedByTheCurveConstant" classname="Level5CombatMathTests" runstate="Runnable" seed="1407867009" result="Passed" start-time="2026-08-23 23:14:29Z" end-time="2026-08-23 23:14:29Z" duration="0.000188" asserts="0">
          <properties>
            <property name="retryIteration" value="0" />
            <property name="repeatIteration" value="0" />
          </properties>
        </test-case>
        <test-case id="1056" name="ModeMultipliersCompound" fullname="Level5CombatMathTests.ModeMultipliersCompound" methodname="ModeMultipliersCompound" classname="Level5CombatMathTests" runstate="Runnable" seed="221591423" result="Passed" start-time="2026-08-23 23:14:29Z" end-time="2026-08-23 23:14:29Z" duration="0.000208" asserts="0">
          <properties>
            <property name="retryIteration" value="0" />
            <property name="repeatIteration" value="0" />
          </properties>
        </test-case>
        <test-case id="1061" name="ModesWithoutACustomTimerUseTheDefaultMatchLength" fullname="Level5CombatMathTests.ModesWithoutACustomTimerUseTheDefaultMatchLength" methodname="ModesWithoutACustomTimerUseTheDefaultMatchLength" classname="Level5CombatMathTests" runstate="Runnable" seed="889538626" result="Passed" start-time="2026-08-23 23:14:29Z" end-time="2026-08-23 23:14:29Z" duration="0.000149" asserts="0">
          <properties>
            <property name="retryIteration" value="0" />
            <property name="repeatIteration" value="0" />
          </properties>
        </test-case>
        <test-case id="1051" name="MoreHitsThanShotsIsClampedRatherThanGoingNegative" fullname="Level5CombatMathTests.MoreHitsThanShotsIsClampedRatherThanGoingNegative" methodname="MoreHitsThanShotsIsClampedRatherThanGoingNegative" classname="Level5CombatMathTests" runstate="Runnable" seed="1685905486" result="Passed" start-time="2026-08-23 23:14:29Z" end-time="2026-08-23 23:14:29Z" duration="0.000107" asserts="0">
          <properties>
            <property name="retryIteration" value="0" />
            <property name="repeatIteration" value="0" />
          </properties>
        </test-case>
        <test-case id="1058" name="NegativeExperienceNeverProducesANegativeLevel" fullname="Level5CombatMathTests.NegativeExperienceNeverProducesANegativeLevel" methodname="NegativeExperienceNeverProducesANegativeLevel" classname="Level5CombatMathTests" runstate="Runnable" seed="1154818584" result="Passed" start-time="2026-08-23 23:14:29Z" end-time="2026-08-23 23:14:29Z" duration="0.000134" asserts="0">
          <properties>
            <property name="retryIteration" value="0" />
            <property name="repeatIteration" value="0" />
          </properties>
        </test-case>
        <test-case id="1044" name="NinetyNinePercentIsNotCertain" fullname="Level5CombatMathTests.NinetyNinePercentIsNotCertain" methodname="NinetyNinePercentIsNotCertain" classname="Level5CombatMathTests" runstate="Runnable" seed="2006603136" result="Passed" start-time="2026-08-23 23:14:29Z" end-time="2026-08-23 23:14:29Z" duration="0.000116" asserts="0">
          <properties>
            <property name="retryIteration" value="0" />
            <property name="repeatIteration" value="0" />
          </properties>
        </test-case>
        <test-case id="1047" name="NoSniperFireAwardsNoEvasionBonus" fullname="Level5CombatMathTests.NoSniperFireAwardsNoEvasionBonus" methodname="NoSniperFireAwardsNoEvasionBonus" classname="Level5CombatMathTests" runstate="Runnable" seed="947847505" result="Passed" start-time="2026-08-23 23:14:29Z" end-time="2026-08-23 23:14:29Z" duration="0.000098" asserts="0">
          <properties>
            <property name="retryIteration" value="0" />
            <property name="repeatIteration" value="0" />
          </properties>
        </test-case>
        <test-case id="1071" name="OffsetIsNeverNegative" fullname="Level5CombatMathTests.OffsetIsNeverNegative" methodname="OffsetIsNeverNegative" classname="Level5CombatMathTests" runstate="Runnable" seed="1469040635" result="Passed" start-time="2026-08-23 23:14:29Z" end-time="2026-08-23 23:14:29Z" duration="0.000161" asserts="0">
          <properties>
            <property name="retryIteration" value="0" />
            <property name="repeatIteration" value="0" />
          </properties>
        </test-case>
        <test-case id="1067" name="PageCountRoundsUpAndDoesNotAddAnEmptyPageOnAnExactFit" fullname="Level5CombatMathTests.PageCountRoundsUpAndDoesNotAddAnEmptyPageOnAnExactFit" methodname="PageCountRoundsUpAndDoesNotAddAnEmptyPageOnAnExactFit" classname="Level5CombatMathTests" runstate="Runnable" seed="1294384010" result="Passed" start-time="2026-08-23 23:14:29Z" end-time="2026-08-23 23:14:29Z" duration="0.000185" asserts="0">
          <properties>
            <property name="retryIteration" value="0" />
            <property name="repeatIteration" value="0" />
          </properties>
        </test-case>
        <test-case id="1068" name="PagingLeftWithNoResultsStaysOnAValidPage" fullname="Level5CombatMathTests.PagingLeftWithNoResultsStaysOnAValidPage" methodname="PagingLeftWithNoResultsStaysOnAValidPage" classname="Level5CombatMathTests" runstate="Runnable" seed="318887311" result="Passed" start-time="2026-08-23 23:14:29Z" end-time="2026-08-23 23:14:29Z" duration="0.000130" asserts="0">
          <properties>
            <property name="retryIteration" value="0" />
            <property name="repeatIteration" value="0" />
          </properties>
        </test-case>
        <test-case id="1069" name="PagingWrapsAtBothEnds" fullname="Level5CombatMathTests.PagingWrapsAtBothEnds" methodname="PagingWrapsAtBothEnds" classname="Level5CombatMathTests" runstate="Runnable" seed="1061124001" result="Passed" start-time="2026-08-23 23:14:29Z" end-time="2026-08-23 23:14:29Z" duration="0.000164" asserts="0">
          <properties>
            <property name="retryIteration" value="0" />
            <property name="repeatIteration" value="0" />
          </properties>
        </test-case>
        <test-case id="1048" name="PerfectEvasionAwardsTheFullBonus" fullname="Level5CombatMathTests.PerfectEvasionAwardsTheFullBonus" methodname="PerfectEvasionAwardsTheFullBonus" classname="Level5CombatMathTests" runstate="Runnable" seed="453021285" result="Passed" start-time="2026-08-23 23:14:29Z" end-time="2026-08-23 23:14:29Z" duration="0.000099" asserts="0">
          <properties>
            <property name="retryIteration" value="0" />
            <property name="repeatIteration" value="0" />
          </properties>
        </test-case>
        <test-case id="1072" name="RequiredSceneObjectNamesAreNonEmptyAndUnique" fullname="Level5CombatMathTests.RequiredSceneObjectNamesAreNonEmptyAndUnique" methodname="RequiredSceneObjectNamesAreNonEmptyAndUnique" classname="Level5CombatMathTests" runstate="Runnable" seed="1079357540" result="Passed" start-time="2026-08-23 23:14:29Z" end-time="2026-08-23 23:14:29Z" duration="0.000624" asserts="0">
          <properties>
            <property name="retryIteration" value="0" />
            <property name="repeatIteration" value="0" />
          </properties>
        </test-case>
        <test-case id="1045" name="RollIsComparedAgainstItsOwnPercentage" fullname="Level5CombatMathTests.RollIsComparedAgainstItsOwnPercentage" methodname="RollIsComparedAgainstItsOwnPercentage" classname="Level5CombatMathTests" runstate="Runnable" seed="713016888" result="Passed" start-time="2026-08-23 23:14:29Z" end-time="2026-08-23 23:14:29Z" duration="0.000154" asserts="0">
          <properties>
            <property name="retryIteration" value="0" />
            <property name="repeatIteration" value="0" />
          </properties>
        </test-case>
        <test-case id="1063" name="TheMatchClockNeverStartsAtZero" fullname="Level5CombatMathTests.TheMatchClockNeverStartsAtZero" methodname="TheMatchClockNeverStartsAtZero" classname="Level5CombatMathTests" runstate="Runnable" seed="1714475961" result="Passed" start-time="2026-08-23 23:14:29Z" end-time="2026-08-23 23:14:29Z" duration="0.000205" asserts="0">
          <properties>
            <property name="retryIteration" value="0" />
            <property name="repeatIteration" value="0" />
          </properties>
        </test-case>
        <test-case id="1042" name="ZeroChanceNeverSucceeds" fullname="Level5CombatMathTests.ZeroChanceNeverSucceeds" methodname="ZeroChanceNeverSucceeds" classname="Level5CombatMathTests" runstate="Runnable" seed="332041166" result="Passed" start-time="2026-08-23 23:14:29Z" end-time="2026-08-23 23:14:29Z" duration="0.000187" asserts="0">
          <properties>
            <property name="retryIteration" value="0" />
            <property name="repeatIteration" value="0" />
          </properties>
        </test-case>
      </test-suite>
      <test-suite type="TestFixture" id="1074" name="Level5CombatTargetSelectorTests" fullname="Level5CombatTargetSelectorTests" classname="Level5CombatTargetSelectorTests" runstate="Runnable" testcasecount="21" result="Passed" start-time="2026-08-23 23:14:29Z" end-time="2026-08-23 23:14:29Z" duration="0.012205" total="21" passed="21" failed="0" inconclusive="0" skipped="0" asserts="0">
        <properties />
        <test-case id="1082" name="ACandidateThatIsGenuinelyBetterOverridesStickiness" fullname="Level5CombatTargetSelectorTests.ACandidateThatIsGenuinelyBetterOverridesStickiness" methodname="ACandidateThatIsGenuinelyBetterOverridesStickiness" classname="Level5CombatTargetSelectorTests" runstate="Runnable" seed="1854336715" result="Passed" start-time="2026-08-23 23:14:29Z" end-time="2026-08-23 23:14:29Z" duration="0.001926" asserts="0">
          <properties>
            <property name="retryIteration" value="0" />
            <property name="repeatIteration" value="0" />
          </properties>
        </test-case>
        <test-case id="1094" name="ActionablePoolOverloadFallsBackToTheFullPoolWhenNothingIsActionable" fullname="Level5CombatTargetSelectorTests.ActionablePoolOverloadFallsBackToTheFullPoolWhenNothingIsActionable" methodname="ActionablePoolOverloadFallsBackToTheFullPoolWhenNothingIsActionable" classname="Level5CombatTargetSelectorTests" runstate="Runnable" seed="51933525" result="Passed" start-time="2026-08-23 23:14:29Z" end-time="2026-08-23 23:14:29Z" duration="0.001223" asserts="0">
          <properties>
            <property name="retryIteration" value="0" />
            <property name="repeatIteration" value="0" />
          </properties>
        </test-case>
        <test-case id="1089" name="ActionablePoolOverloadPrefersAnActionableCandidateOverADistantReservedOne" fullname="Level5CombatTargetSelectorTests.ActionablePoolOverloadPrefersAnActionableCandidateOverADistantReservedOne" methodname="ActionablePoolOverloadPrefersAnActionableCandidateOverADistantReservedOne" classname="Level5CombatTargetSelectorTests" runstate="Runnable" seed="1122669265" result="Passed" start-time="2026-08-23 23:14:29Z" end-time="2026-08-23 23:14:29Z" duration="0.000476" asserts="0">
          <properties>
            <property name="retryIteration" value="0" />
            <property name="repeatIteration" value="0" />
          </properties>
        </test-case>
        <test-case id="1095" name="ActionablePoolOverloadReportsNoActionableThreatWhenNoCandidatesExistAtAll" fullname="Level5CombatTargetSelectorTests.ActionablePoolOverloadReportsNoActionableThreatWhenNoCandidatesExistAtAll" methodname="ActionablePoolOverloadReportsNoActionableThreatWhenNoCandidatesExistAtAll" classname="Level5CombatTargetSelectorTests" runstate="Runnable" seed="1088886741" result="Passed" start-time="2026-08-23 23:14:29Z" end-time="2026-08-23 23:14:29Z" duration="0.000204" asserts="0">
          <properties>
            <property name="retryIteration" value="0" />
            <property name="repeatIteration" value="0" />
          </properties>
        </test-case>
        <test-case id="1088" name="BodyguardCurrentThreatIsHeldAgainstANearEqualRival" fullname="Level5CombatTargetSelectorTests.BodyguardCurrentThreatIsHeldAgainstANearEqualRival" methodname="BodyguardCurrentThreatIsHeldAgainstANearEqualRival" classname="Level5CombatTargetSelectorTests" runstate="Runnable" seed="493499124" result="Passed" start-time="2026-08-23 23:14:29Z" end-time="2026-08-23 23:14:29Z" duration="0.000374" asserts="0">
          <properties>
            <property name="retryIteration" value="0" />
            <property name="repeatIteration" value="0" />
          </properties>
        </test-case>
        <test-case id="1083" name="BodyguardThreatSelectorRejectsNullAndDeadAndInactive" fullname="Level5CombatTargetSelectorTests.BodyguardThreatSelectorRejectsNullAndDeadAndInactive" methodname="BodyguardThreatSelectorRejectsNullAndDeadAndInactive" classname="Level5CombatTargetSelectorTests" runstate="Runnable" seed="727648298" result="Passed" start-time="2026-08-23 23:14:29Z" end-time="2026-08-23 23:14:29Z" duration="0.000349" asserts="0">
          <properties>
            <property name="retryIteration" value="0" />
            <property name="repeatIteration" value="0" />
          </properties>
        </test-case>
        <test-case id="1081" name="CurrentTargetIsHeldAgainstANearEqualRival" fullname="Level5CombatTargetSelectorTests.CurrentTargetIsHeldAgainstANearEqualRival" methodname="CurrentTargetIsHeldAgainstANearEqualRival" classname="Level5CombatTargetSelectorTests" runstate="Runnable" seed="1628555726" result="Passed" start-time="2026-08-23 23:14:29Z" end-time="2026-08-23 23:14:29Z" duration="0.000339" asserts="0">
          <properties>
            <property name="retryIteration" value="0" />
            <property name="repeatIteration" value="0" />
          </properties>
        </test-case>
        <test-case id="1077" name="DeadCandidatesAreRejected" fullname="Level5CombatTargetSelectorTests.DeadCandidatesAreRejected" methodname="DeadCandidatesAreRejected" classname="Level5CombatTargetSelectorTests" runstate="Runnable" seed="268196539" result="Passed" start-time="2026-08-23 23:14:29Z" end-time="2026-08-23 23:14:29Z" duration="0.000278" asserts="0">
          <properties>
            <property name="retryIteration" value="0" />
            <property name="repeatIteration" value="0" />
          </properties>
        </test-case>
        <test-case id="1079" name="DestroyedCandidateIsRejectedNotThrown" fullname="Level5CombatTargetSelectorTests.DestroyedCandidateIsRejectedNotThrown" methodname="DestroyedCandidateIsRejectedNotThrown" classname="Level5CombatTargetSelectorTests" runstate="Runnable" seed="5050231" result="Passed" start-time="2026-08-23 23:14:29Z" end-time="2026-08-23 23:14:29Z" duration="0.001205" asserts="0">
          <properties>
            <property name="retryIteration" value="0" />
            <property name="repeatIteration" value="0" />
          </properties>
        </test-case>
        <test-case id="1086" name="FirstAddedCandidateIsNotAutomaticallyChosen" fullname="Level5CombatTargetSelectorTests.FirstAddedCandidateIsNotAutomaticallyChosen" methodname="FirstAddedCandidateIsNotAutomaticallyChosen" classname="Level5CombatTargetSelectorTests" runstate="Runnable" seed="2014551579" result="Passed" start-time="2026-08-23 23:14:29Z" end-time="2026-08-23 23:14:29Z" duration="0.000480" asserts="0">
          <properties>
            <property name="retryIteration" value="0" />
            <property name="repeatIteration" value="0" />
          </properties>
        </test-case>
        <test-case id="1085" name="ImminentThreatOutranksAFarAwayReservation" fullname="Level5CombatTargetSelectorTests.ImminentThreatOutranksAFarAwayReservation" methodname="ImminentThreatOutranksAFarAwayReservation" classname="Level5CombatTargetSelectorTests" runstate="Runnable" seed="1812077732" result="Passed" start-time="2026-08-23 23:14:29Z" end-time="2026-08-23 23:14:29Z" duration="0.000377" asserts="0">
          <properties>
            <property name="retryIteration" value="0" />
            <property name="repeatIteration" value="0" />
          </properties>
        </test-case>
        <test-case id="1078" name="InactiveCandidatesAreRejected" fullname="Level5CombatTargetSelectorTests.InactiveCandidatesAreRejected" methodname="InactiveCandidatesAreRejected" classname="Level5CombatTargetSelectorTests" runstate="Runnable" seed="843344468" result="Passed" start-time="2026-08-23 23:14:29Z" end-time="2026-08-23 23:14:29Z" duration="0.000278" asserts="0">
          <properties>
            <property name="retryIteration" value="0" />
            <property name="repeatIteration" value="0" />
          </properties>
        </test-case>
        <test-case id="1092" name="IsImminentThreatIsFalseForAnUnreservedCandidateEvenWhenAdjacent" fullname="Level5CombatTargetSelectorTests.IsImminentThreatIsFalseForAnUnreservedCandidateEvenWhenAdjacent" methodname="IsImminentThreatIsFalseForAnUnreservedCandidateEvenWhenAdjacent" classname="Level5CombatTargetSelectorTests" runstate="Runnable" seed="1921590221" result="Passed" start-time="2026-08-23 23:14:29Z" end-time="2026-08-23 23:14:29Z" duration="0.000311" asserts="0">
          <properties>
            <property name="retryIteration" value="0" />
            <property name="repeatIteration" value="0" />
          </properties>
        </test-case>
        <test-case id="1091" name="IsImminentThreatIsFalseForAReservedCandidateOutsideImminentThreatRange" fullname="Level5CombatTargetSelectorTests.IsImminentThreatIsFalseForAReservedCandidateOutsideImminentThreatRange" methodname="IsImminentThreatIsFalseForAReservedCandidateOutsideImminentThreatRange" classname="Level5CombatTargetSelectorTests" runstate="Runnable" seed="970930992" result="Passed" start-time="2026-08-23 23:14:29Z" end-time="2026-08-23 23:14:29Z" duration="0.000230" asserts="0">
          <properties>
            <property name="retryIteration" value="0" />
            <property name="repeatIteration" value="0" />
          </properties>
        </test-case>
        <test-case id="1090" name="IsImminentThreatIsTrueForAReservedCandidateWithinImminentThreatRange" fullname="Level5CombatTargetSelectorTests.IsImminentThreatIsTrueForAReservedCandidateWithinImminentThreatRange" methodname="IsImminentThreatIsTrueForAReservedCandidateWithinImminentThreatRange" classname="Level5CombatTargetSelectorTests" runstate="Runnable" seed="614917474" result="Passed" start-time="2026-08-23 23:14:29Z" end-time="2026-08-23 23:14:29Z" duration="0.000239" asserts="0">
          <properties>
            <property name="retryIteration" value="0" />
            <property name="repeatIteration" value="0" />
          </properties>
        </test-case>
        <test-case id="1093" name="IsImminentThreatRejectsNullDeadAndInactiveCandidates" fullname="Level5CombatTargetSelectorTests.IsImminentThreatRejectsNullDeadAndInactiveCandidates" methodname="IsImminentThreatRejectsNullDeadAndInactiveCandidates" classname="Level5CombatTargetSelectorTests" runstate="Runnable" seed="891456384" result="Passed" start-time="2026-08-23 23:14:29Z" end-time="2026-08-23 23:14:29Z" duration="0.000300" asserts="0">
          <properties>
            <property name="retryIteration" value="0" />
            <property name="repeatIteration" value="0" />
          </properties>
        </test-case>
        <test-case id="1080" name="NearestValidCandidateWins" fullname="Level5CombatTargetSelectorTests.NearestValidCandidateWins" methodname="NearestValidCandidateWins" classname="Level5CombatTargetSelectorTests" runstate="Runnable" seed="213814574" result="Passed" start-time="2026-08-23 23:14:29Z" end-time="2026-08-23 23:14:29Z" duration="0.000342" asserts="0">
          <properties>
            <property name="retryIteration" value="0" />
            <property name="repeatIteration" value="0" />
          </properties>
        </test-case>
        <test-case id="1087" name="NoValidThreatYieldsNoTarget" fullname="Level5CombatTargetSelectorTests.NoValidThreatYieldsNoTarget" methodname="NoValidThreatYieldsNoTarget" classname="Level5CombatTargetSelectorTests" runstate="Runnable" seed="2114234708" result="Passed" start-time="2026-08-23 23:14:29Z" end-time="2026-08-23 23:14:29Z" duration="0.000173" asserts="0">
          <properties>
            <property name="retryIteration" value="0" />
            <property name="repeatIteration" value="0" />
          </properties>
        </test-case>
        <test-case id="1075" name="NullCandidateListYieldsNoTarget" fullname="Level5CombatTargetSelectorTests.NullCandidateListYieldsNoTarget" methodname="NullCandidateListYieldsNoTarget" classname="Level5CombatTargetSelectorTests" runstate="Runnable" seed="1104877247" result="Passed" start-time="2026-08-23 23:14:29Z" end-time="2026-08-23 23:14:29Z" duration="0.000123" asserts="0">
          <properties>
            <property name="retryIteration" value="0" />
            <property name="repeatIteration" value="0" />
          </properties>
        </test-case>
        <test-case id="1076" name="NullEntriesInTheListAreSkipped" fullname="Level5CombatTargetSelectorTests.NullEntriesInTheListAreSkipped" methodname="NullEntriesInTheListAreSkipped" classname="Level5CombatTargetSelectorTests" runstate="Runnable" seed="1804183474" result="Passed" start-time="2026-08-23 23:14:29Z" end-time="2026-08-23 23:14:29Z" duration="0.000175" asserts="0">
          <properties>
            <property name="retryIteration" value="0" />
            <property name="repeatIteration" value="0" />
          </properties>
        </test-case>
        <test-case id="1084" name="ReservedThreatOutranksAMerelyNearbyOne" fullname="Level5CombatTargetSelectorTests.ReservedThreatOutranksAMerelyNearbyOne" methodname="ReservedThreatOutranksAMerelyNearbyOne" classname="Level5CombatTargetSelectorTests" runstate="Runnable" seed="206623172" result="Passed" start-time="2026-08-23 23:14:29Z" end-time="2026-08-23 23:14:29Z" duration="0.000371" asserts="0">
          <properties>
            <property name="retryIteration" value="0" />
            <property name="repeatIteration" value="0" />
          </properties>
        </test-case>
      </test-suite>
      <test-suite type="TestFixture" id="1096" name="Level5CoreTests" fullname="Level5CoreTests" classname="Level5CoreTests" runstate="Runnable" testcasecount="17" result="Passed" start-time="2026-08-23 23:14:29Z" end-time="2026-08-23 23:14:29Z" duration="0.023054" total="17" passed="17" failed="0" inconclusive="0" skipped="0" asserts="0">
        <properties />
        <test-case id="1114" name="AnIdentityWithoutATokenIsNotASession" fullname="Level5CoreTests.AnIdentityWithoutATokenIsNotASession" methodname="AnIdentityWithoutATokenIsNotASession" classname="Level5CoreTests" runstate="Runnable" seed="1582141270" result="Passed" start-time="2026-08-23 23:14:29Z" end-time="2026-08-23 23:14:29Z" duration="0.000379" asserts="0">
          <properties>
            <property name="retryIteration" value="0" />
            <property name="repeatIteration" value="0" />
          </properties>
        </test-case>
        <test-case id="1111" name="AtomicFilePreservesPreviousVersionAsBackup" fullname="Level5CoreTests.AtomicFilePreservesPreviousVersionAsBackup" methodname="AtomicFilePreservesPreviousVersionAsBackup" classname="Level5CoreTests" runstate="Runnable" seed="1275845021" result="Passed" start-time="2026-08-23 23:14:29Z" end-time="2026-08-23 23:14:29Z" duration="0.012006" asserts="0">
          <properties>
            <property name="retryIteration" value="0" />
            <property name="repeatIteration" value="0" />
          </properties>
        </test-case>
        <test-case id="1112" name="AtomicFileUsesValidBackupWhenPrimaryIsMalformed" fullname="Level5CoreTests.AtomicFileUsesValidBackupWhenPrimaryIsMalformed" methodname="AtomicFileUsesValidBackupWhenPrimaryIsMalformed" classname="Level5CoreTests" runstate="Runnable" seed="1568350219" result="Passed" start-time="2026-08-23 23:14:29Z" end-time="2026-08-23 23:14:29Z" duration="0.005189" asserts="0">
          <properties>
            <property name="retryIteration" value="0" />
            <property name="repeatIteration" value="0" />
          </properties>
        </test-case>
        <test-suite type="ParameterizedMethod" id="1110" name="CampaignDecisionUsesOutcomeBeforeFinalLevel" fullname="Level5CoreTests.CampaignDecisionUsesOutcomeBeforeFinalLevel" classname="Level5CoreTests" runstate="Runnable" testcasecount="8" result="Passed" start-time="2026-08-23 23:14:29Z" end-time="2026-08-23 23:14:29Z" duration="0.002153" total="8" passed="8" failed="0" inconclusive="0" skipped="0" asserts="0">
          <properties />
          <test-case id="1102" name="CampaignDecisionUsesOutcomeBeforeFinalLevel(False,False,False,2,Advance)" fullname="Level5CoreTests.CampaignDecisionUsesOutcomeBeforeFinalLevel(False,False,False,2,Advance)" methodname="CampaignDecisionUsesOutcomeBeforeFinalLevel" classname="Level5CoreTests" runstate="Runnable" seed="153367718" result="Passed" start-time="2026-08-23 23:14:29Z" end-time="2026-08-23 23:14:29Z" duration="0.000483" asserts="0">
            <properties>
              <property name="retryIteration" value="0" />
              <property name="repeatIteration" value="0" />
            </properties>
          </test-case>
          <test-case id="1103" name="CampaignDecisionUsesOutcomeBeforeFinalLevel(True,False,False,2,Complete)" fullname="Level5CoreTests.CampaignDecisionUsesOutcomeBeforeFinalLevel(True,False,False,2,Complete)" methodname="CampaignDecisionUsesOutcomeBeforeFinalLevel" classname="Level5CoreTests" runstate="Runnable" seed="125480669" result="Passed" start-time="2026-08-23 23:14:29Z" end-time="2026-08-23 23:14:29Z" duration="0.000120" asserts="0">
            <properties>
              <property name="retryIteration" value="0" />
              <property name="repeatIteration" value="0" />
            </properties>
          </test-case>
          <test-case id="1104" name="CampaignDecisionUsesOutcomeBeforeFinalLevel(True,True,False,1,Retry)" fullname="Level5CoreTests.CampaignDecisionUsesOutcomeBeforeFinalLevel(True,True,False,1,Retry)" methodname="CampaignDecisionUsesOutcomeBeforeFinalLevel" classname="Level5CoreTests" runstate="Runnable" seed="1348167230" result="Passed" start-time="2026-08-23 23:14:29Z" end-time="2026-08-23 23:14:29Z" duration="0.000101" asserts="0">
            <properties>
              <property name="retryIteration" value="0" />
              <property name="repeatIteration" value="0" />
            </properties>
          </test-case>
          <test-case id="1105" name="CampaignDecisionUsesOutcomeBeforeFinalLevel(True,True,False,0,EndRun)" fullname="Level5CoreTests.CampaignDecisionUsesOutcomeBeforeFinalLevel(True,True,False,0,EndRun)" methodname="CampaignDecisionUsesOutcomeBeforeFinalLevel" classname="Level5CoreTests" runstate="Runnable" seed="1173023935" result="Passed" start-time="2026-08-23 23:14:29Z" end-time="2026-08-23 23:14:29Z" duration="0.000094" asserts="0">
            <properties>
              <property name="retryIteration" value="0" />
              <property name="repeatIteration" value="0" />
            </properties>
          </test-case>
          <test-case id="1106" name="CampaignDecisionUsesOutcomeBeforeFinalLevel(False,True,False,1,Retry)" fullname="Level5CoreTests.CampaignDecisionUsesOutcomeBeforeFinalLevel(False,True,False,1,Retry)" methodname="CampaignDecisionUsesOutcomeBeforeFinalLevel" classname="Level5CoreTests" runstate="Runnable" seed="2026365622" result="Passed" start-time="2026-08-23 23:14:29Z" end-time="2026-08-23 23:14:29Z" duration="0.000089" asserts="0">
            <properties>
              <property name="retryIteration" value="0" />
              <property name="repeatIteration" value="0" />
            </properties>
          </test-case>
          <test-case id="1107" name="CampaignDecisionUsesOutcomeBeforeFinalLevel(False,True,False,0,EndRun)" fullname="Level5CoreTests.CampaignDecisionUsesOutcomeBeforeFinalLevel(False,True,False,0,EndRun)" methodname="CampaignDecisionUsesOutcomeBeforeFinalLevel" classname="Level5CoreTests" runstate="Runnable" seed="623979942" result="Passed" start-time="2026-08-23 23:14:29Z" end-time="2026-08-23 23:14:29Z" duration="0.000090" asserts="0">
            <properties>
              <property name="retryIteration" value="0" />
              <property name="repeatIteration" value="0" />
            </properties>
          </test-case>
          <test-case id="1108" name="CampaignDecisionUsesOutcomeBeforeFinalLevel(False,False,True,0,Retry)" fullname="Level5CoreTests.CampaignDecisionUsesOutcomeBeforeFinalLevel(False,False,True,0,Retry)" methodname="CampaignDecisionUsesOutcomeBeforeFinalLevel" classname="Level5CoreTests" runstate="Runnable" seed="577224836" result="Passed" start-time="2026-08-23 23:14:29Z" end-time="2026-08-23 23:14:29Z" duration="0.000091" asserts="0">
            <properties>
              <property name="retryIteration" value="0" />
              <property name="repeatIteration" value="0" />
            </properties>
          </test-case>
          <test-case id="1109" name="CampaignDecisionUsesOutcomeBeforeFinalLevel(True,True,True,0,Retry)" fullname="Level5CoreTests.CampaignDecisionUsesOutcomeBeforeFinalLevel(True,True,True,0,Retry)" methodname="CampaignDecisionUsesOutcomeBeforeFinalLevel" classname="Level5CoreTests" runstate="Runnable" seed="1562317960" result="Passed" start-time="2026-08-23 23:14:29Z" end-time="2026-08-23 23:14:29Z" duration="0.000091" asserts="0">
            <properties>
              <property name="retryIteration" value="0" />
              <property name="repeatIteration" value="0" />
            </properties>
          </test-case>
        </test-suite>
        <test-case id="1113" name="ClearingTheSessionAlsoClearsTheAuthenticationFlag" fullname="Level5CoreTests.ClearingTheSessionAlsoClearsTheAuthenticationFlag" methodname="ClearingTheSessionAlsoClearsTheAuthenticationFlag" classname="Level5CoreTests" runstate="Runnable" seed="1379970704" result="Passed" start-time="2026-08-23 23:14:29Z" end-time="2026-08-23 23:14:29Z" duration="0.000273" asserts="0">
          <properties>
            <property name="retryIteration" value="0" />
            <property name="repeatIteration" value="0" />
          </properties>
        </test-case>
        <test-case id="1098" name="CompactedCpuRosterAssignsCpuRolesByRosterPosition" fullname="Level5CoreTests.CompactedCpuRosterAssignsCpuRolesByRosterPosition" methodname="CompactedCpuRosterAssignsCpuRolesByRosterPosition" classname="Level5CoreTests" runstate="Runnable" seed="1905457893" result="Passed" start-time="2026-08-23 23:14:29Z" end-time="2026-08-23 23:14:29Z" duration="0.000269" asserts="0">
          <properties>
            <property name="retryIteration" value="0" />
            <property name="repeatIteration" value="0" />
          </properties>
        </test-case>
        <test-case id="1097" name="HumanInputSlotsIgnoreCpuPlayers" fullname="Level5CoreTests.HumanInputSlotsIgnoreCpuPlayers" methodname="HumanInputSlotsIgnoreCpuPlayers" classname="Level5CoreTests" runstate="Runnable" seed="916618935" result="Passed" start-time="2026-08-23 23:14:29Z" end-time="2026-08-23 23:14:29Z" duration="0.000229" asserts="0">
          <properties>
            <property name="retryIteration" value="0" />
            <property name="repeatIteration" value="0" />
          </properties>
        </test-case>
        <test-case id="1099" name="LockdownRosterCountsItsImplicitCpu" fullname="Level5CoreTests.LockdownRosterCountsItsImplicitCpu" methodname="LockdownRosterCountsItsImplicitCpu" classname="Level5CoreTests" runstate="Runnable" seed="847825144" result="Passed" start-time="2026-08-23 23:14:29Z" end-time="2026-08-23 23:14:29Z" duration="0.000171" asserts="0">
          <properties>
            <property name="retryIteration" value="0" />
            <property name="repeatIteration" value="0" />
          </properties>
        </test-case>
        <test-case id="1101" name="MatchSessionRotatesResultIdForEachGameplayLoad" fullname="Level5CoreTests.MatchSessionRotatesResultIdForEachGameplayLoad" methodname="MatchSessionRotatesResultIdForEachGameplayLoad" classname="Level5CoreTests" runstate="Runnable" seed="1778258506" result="Passed" start-time="2026-08-23 23:14:29Z" end-time="2026-08-23 23:14:29Z" duration="0.000329" asserts="0">
          <properties>
            <property name="retryIteration" value="0" />
            <property name="repeatIteration" value="0" />
          </properties>
        </test-case>
        <test-case id="1100" name="ResultIdsAreUniqueAndKeepTheirPrefix" fullname="Level5CoreTests.ResultIdsAreUniqueAndKeepTheirPrefix" methodname="ResultIdsAreUniqueAndKeepTheirPrefix" classname="Level5CoreTests" runstate="Runnable" seed="22430499" result="Passed" start-time="2026-08-23 23:14:29Z" end-time="2026-08-23 23:14:29Z" duration="0.000339" asserts="0">
          <properties>
            <property name="retryIteration" value="0" />
            <property name="repeatIteration" value="0" />
          </properties>
        </test-case>
      </test-suite>
      <test-suite type="TestFixture" id="1115" name="Level5CpuShotSelectionTests" fullname="Level5CpuShotSelectionTests" classname="Level5CpuShotSelectionTests" runstate="Runnable" testcasecount="29" result="Passed" start-time="2026-08-23 23:14:29Z" end-time="2026-08-23 23:14:29Z" duration="0.126896" total="29" passed="29" failed="0" inconclusive="0" skipped="0" asserts="0">
        <properties />
        <test-case id="1139" name="ALevelWithoutASevenPointLineIsNeverEligible" fullname="Level5CpuShotSelectionTests.ALevelWithoutASevenPointLineIsNeverEligible" methodname="ALevelWithoutASevenPointLineIsNeverEligible" classname="Level5CpuShotSelectionTests" runstate="Runnable" seed="271469376" result="Passed" start-time="2026-08-23 23:14:29Z" end-time="2026-08-23 23:14:29Z" duration="0.000365" asserts="0">
          <properties>
            <property name="retryIteration" value="0" />
            <property name="repeatIteration" value="0" />
          </properties>
        </test-case>
        <test-case id="1145" name="ANullParticipantListProducesZeroRatherThanThrowing" fullname="Level5CpuShotSelectionTests.ANullParticipantListProducesZeroRatherThanThrowing" methodname="ANullParticipantListProducesZeroRatherThanThrowing" classname="Level5CpuShotSelectionTests" runstate="Runnable" seed="1568938800" result="Passed" start-time="2026-08-23 23:14:29Z" end-time="2026-08-23 23:14:29Z" duration="0.000518" asserts="0">
          <properties>
            <property name="retryIteration" value="0" />
            <property name="repeatIteration" value="0" />
          </properties>
        </test-case>
        <test-case id="1125" name="ArcadeDoesNotCollapseEveryCpuIntoTheSameShotRegardlessOfPreference" fullname="Level5CpuShotSelectionTests.ArcadeDoesNotCollapseEveryCpuIntoTheSameShotRegardlessOfPreference" methodname="ArcadeDoesNotCollapseEveryCpuIntoTheSameShotRegardlessOfPreference" classname="Level5CpuShotSelectionTests" runstate="Runnable" seed="1762361268" result="Passed" start-time="2026-08-23 23:14:29Z" end-time="2026-08-23 23:14:29Z" duration="0.001985" asserts="0">
          <properties>
            <property name="retryIteration" value="0" />
            <property name="repeatIteration" value="0" />
          </properties>
        </test-case>
        <test-case id="1147" name="AuthoredCpuShootersDoNotAllCollapseIntoTheSameShotKind" fullname="Level5CpuShotSelectionTests.AuthoredCpuShootersDoNotAllCollapseIntoTheSameShotKind" methodname="AuthoredCpuShootersDoNotAllCollapseIntoTheSameShotKind" classname="Level5CpuShotSelectionTests" runstate="Runnable" seed="1163551934" result="Passed" start-time="2026-08-23 23:14:29Z" end-time="2026-08-23 23:14:29Z" duration="0.097168" asserts="0">
          <properties>
            <property name="retryIteration" value="0" />
            <property name="repeatIteration" value="0" />
          </properties>
          <output><![CDATA[Asset 'johnny_dracula_animation_controller': Transition 'idle -> inair' in state 'idle' doesn't have an Exit Time or any condition, transition will be ignored
]]></output>
        </test-case>
        <test-suite type="ParameterizedMethod" id="1131" name="BelowSixteenPointDeficitTheNormalPreferenceStands" fullname="Level5CpuShotSelectionTests.BelowSixteenPointDeficitTheNormalPreferenceStands" classname="Level5CpuShotSelectionTests" runstate="Runnable" testcasecount="4" result="Passed" start-time="2026-08-23 23:14:29Z" end-time="2026-08-23 23:14:29Z" duration="0.001821" total="4" passed="4" failed="0" inconclusive="0" skipped="0" asserts="0">
          <properties />
          <test-case id="1127" name="BelowSixteenPointDeficitTheNormalPreferenceStands(0)" fullname="Level5CpuShotSelectionTests.BelowSixteenPointDeficitTheNormalPreferenceStands(0)" methodname="BelowSixteenPointDeficitTheNormalPreferenceStands" classname="Level5CpuShotSelectionTests" runstate="Runnable" seed="57045564" result="Passed" start-time="2026-08-23 23:14:29Z" end-time="2026-08-23 23:14:29Z" duration="0.000353" asserts="0">
            <properties>
              <property name="retryIteration" value="0" />
              <property name="repeatIteration" value="0" />
            </properties>
          </test-case>
          <test-case id="1128" name="BelowSixteenPointDeficitTheNormalPreferenceStands(12)" fullname="Level5CpuShotSelectionTests.BelowSixteenPointDeficitTheNormalPreferenceStands(12)" methodname="BelowSixteenPointDeficitTheNormalPreferenceStands" classname="Level5CpuShotSelectionTests" runstate="Runnable" seed="376642240" result="Passed" start-time="2026-08-23 23:14:29Z" end-time="2026-08-23 23:14:29Z" duration="0.000072" asserts="0">
            <properties>
              <property name="retryIteration" value="0" />
              <property name="repeatIteration" value="0" />
            </properties>
          </test-case>
          <test-case id="1129" name="BelowSixteenPointDeficitTheNormalPreferenceStands(13)" fullname="Level5CpuShotSelectionTests.BelowSixteenPointDeficitTheNormalPreferenceStands(13)" methodname="BelowSixteenPointDeficitTheNormalPreferenceStands" classname="Level5CpuShotSelectionTests" runstate="Runnable" seed="1312501107" result="Passed" start-time="2026-08-23 23:14:29Z" end-time="2026-08-23 23:14:29Z" duration="0.000052" asserts="0">
            <properties>
              <property name="retryIteration" value="0" />
              <property name="repeatIteration" value="0" />
            </properties>
          </test-case>
          <test-case id="1130" name="BelowSixteenPointDeficitTheNormalPreferenceStands(15)" fullname="Level5CpuShotSelectionTests.BelowSixteenPointDeficitTheNormalPreferenceStands(15)" methodname="BelowSixteenPointDeficitTheNormalPreferenceStands" classname="Level5CpuShotSelectionTests" runstate="Runnable" seed="425101103" result="Passed" start-time="2026-08-23 23:14:29Z" end-time="2026-08-23 23:14:29Z" duration="0.000049" asserts="0">
            <properties>
              <property name="retryIteration" value="0" />
              <property name="repeatIteration" value="0" />
            </properties>
          </test-case>
        </test-suite>
        <test-case id="1142" name="CpuLeadingComputesZeroDeficit" fullname="Level5CpuShotSelectionTests.CpuLeadingComputesZeroDeficit" methodname="CpuLeadingComputesZeroDeficit" classname="Level5CpuShotSelectionTests" runstate="Runnable" seed="1749643738" result="Passed" start-time="2026-08-23 23:14:29Z" end-time="2026-08-23 23:14:29Z" duration="0.000475" asserts="0">
          <properties>
            <property name="retryIteration" value="0" />
            <property name="repeatIteration" value="0" />
          </properties>
        </test-case>
        <test-case id="1141" name="CpuTrailingOneOpponentComputesThePositiveDeficit" fullname="Level5CpuShotSelectionTests.CpuTrailingOneOpponentComputesThePositiveDeficit" methodname="CpuTrailingOneOpponentComputesThePositiveDeficit" classname="Level5CpuShotSelectionTests" runstate="Runnable" seed="1450800980" result="Passed" start-time="2026-08-23 23:14:29Z" end-time="2026-08-23 23:14:29Z" duration="0.000342" asserts="0">
          <properties>
            <property name="retryIteration" value="0" />
            <property name="repeatIteration" value="0" />
          </properties>
        </test-case>
        <test-case id="1146" name="EachAuthoredCpuArchetypeCanStillSelectItsOwnShotKind" fullname="Level5CpuShotSelectionTests.EachAuthoredCpuArchetypeCanStillSelectItsOwnShotKind" methodname="EachAuthoredCpuArchetypeCanStillSelectItsOwnShotKind" classname="Level5CpuShotSelectionTests" runstate="Runnable" seed="785602328" result="Passed" start-time="2026-08-23 23:14:29Z" end-time="2026-08-23 23:14:29Z" duration="0.017183" asserts="0">
          <properties>
            <property name="retryIteration" value="0" />
            <property name="repeatIteration" value="0" />
          </properties>
        </test-case>
        <test-suite type="ParameterizedMethod" id="1122" name="EqualAccuraciesResolveToThePreferredThreeOrFourKind" fullname="Level5CpuShotSelectionTests.EqualAccuraciesResolveToThePreferredThreeOrFourKind" classname="Level5CpuShotSelectionTests" runstate="Runnable" testcasecount="2" result="Passed" start-time="2026-08-23 23:14:29Z" end-time="2026-08-23 23:14:29Z" duration="0.001241" total="2" passed="2" failed="0" inconclusive="0" skipped="0" asserts="0">
          <properties />
          <test-case id="1120" name="EqualAccuraciesResolveToThePreferredThreeOrFourKind(Three)" fullname="Level5CpuShotSelectionTests.EqualAccuraciesResolveToThePreferredThreeOrFourKind(Three)" methodname="EqualAccuraciesResolveToThePreferredThreeOrFourKind" classname="Level5CpuShotSelectionTests" runstate="Runnable" seed="1502549299" result="Passed" start-time="2026-08-23 23:14:29Z" end-time="2026-08-23 23:14:29Z" duration="0.000268" asserts="0">
            <properties>
              <property name="retryIteration" value="0" />
              <property name="repeatIteration" value="0" />
            </properties>
          </test-case>
          <test-case id="1121" name="EqualAccuraciesResolveToThePreferredThreeOrFourKind(Four)" fullname="Level5CpuShotSelectionTests.EqualAccuraciesResolveToThePreferredThreeOrFourKind(Four)" methodname="EqualAccuraciesResolveToThePreferredThreeOrFourKind" classname="Level5CpuShotSelectionTests" runstate="Runnable" seed="1701823351" result="Passed" start-time="2026-08-23 23:14:29Z" end-time="2026-08-23 23:14:29Z" duration="0.000086" asserts="0">
            <properties>
              <property name="retryIteration" value="0" />
              <property name="repeatIteration" value="0" />
            </properties>
          </test-case>
        </test-suite>
        <test-case id="1123" name="EqualAccuraciesWithSevenPreferenceChooseSevenWhenLegal" fullname="Level5CpuShotSelectionTests.EqualAccuraciesWithSevenPreferenceChooseSevenWhenLegal" methodname="EqualAccuraciesWithSevenPreferenceChooseSevenWhenLegal" classname="Level5CpuShotSelectionTests" runstate="Runnable" seed="1165556826" result="Passed" start-time="2026-08-23 23:14:29Z" end-time="2026-08-23 23:14:29Z" duration="0.000162" asserts="0">
          <properties>
            <property name="retryIteration" value="0" />
            <property name="repeatIteration" value="0" />
          </properties>
        </test-case>
        <test-case id="1124" name="EqualThreeAndFourWithSevenUnavailableFallsBackToFour" fullname="Level5CpuShotSelectionTests.EqualThreeAndFourWithSevenUnavailableFallsBackToFour" methodname="EqualThreeAndFourWithSevenUnavailableFallsBackToFour" classname="Level5CpuShotSelectionTests" runstate="Runnable" seed="399604189" result="Passed" start-time="2026-08-23 23:14:29Z" end-time="2026-08-23 23:14:29Z" duration="0.000138" asserts="0">
          <properties>
            <property name="retryIteration" value="0" />
            <property name="repeatIteration" value="0" />
          </properties>
        </test-case>
        <test-case id="1117" name="FourSpecialistChoosesFour" fullname="Level5CpuShotSelectionTests.FourSpecialistChoosesFour" methodname="FourSpecialistChoosesFour" classname="Level5CpuShotSelectionTests" runstate="Runnable" seed="929941739" result="Passed" start-time="2026-08-23 23:14:29Z" end-time="2026-08-23 23:14:29Z" duration="0.000133" asserts="0">
          <properties>
            <property name="retryIteration" value="0" />
            <property name="repeatIteration" value="0" />
          </properties>
        </test-case>
        <test-case id="1143" name="MultipleOpponentsUseTheHighestScoreRegardlessOfRosterPosition" fullname="Level5CpuShotSelectionTests.MultipleOpponentsUseTheHighestScoreRegardlessOfRosterPosition" methodname="MultipleOpponentsUseTheHighestScoreRegardlessOfRosterPosition" classname="Level5CpuShotSelectionTests" runstate="Runnable" seed="1156513228" result="Passed" start-time="2026-08-23 23:14:29Z" end-time="2026-08-23 23:14:29Z" duration="0.000415" asserts="0">
          <properties>
            <property name="retryIteration" value="0" />
[...]
          </properties>
        </test-case>
        <test-case id="1555" name="TheHighestScoreWins" fullname="Level5VersusRulesetTests.TheHighestScoreWins" methodname="TheHighestScoreWins" classname="Level5VersusRulesetTests" runstate="Runnable" seed="959169575" result="Passed" start-time="2026-08-23 23:14:34Z" end-time="2026-08-23 23:14:34Z" duration="0.000160" asserts="0">
          <properties>
            <property name="retryIteration" value="0" />
            <property name="repeatIteration" value="0" />
          </properties>
        </test-case>
        <test-case id="1562" name="TheShippedRegistryIsSoundAndNamesRealModes" fullname="Level5VersusRulesetTests.TheShippedRegistryIsSoundAndNamesRealModes" methodname="TheShippedRegistryIsSoundAndNamesRealModes" classname="Level5VersusRulesetTests" runstate="Runnable" seed="8459450" result="Passed" start-time="2026-08-23 23:14:34Z" end-time="2026-08-23 23:14:34Z" duration="0.000573" asserts="0">
          <properties>
            <property name="retryIteration" value="0" />
            <property name="repeatIteration" value="0" />
          </properties>
        </test-case>
        <test-case id="1557" name="TieBreaksComeFromTheRulesetAndCanRunTheOtherWay" fullname="Level5VersusRulesetTests.TieBreaksComeFromTheRulesetAndCanRunTheOtherWay" methodname="TieBreaksComeFromTheRulesetAndCanRunTheOtherWay" classname="Level5VersusRulesetTests" runstate="Runnable" seed="410920638" result="Passed" start-time="2026-08-23 23:14:34Z" end-time="2026-08-23 23:14:34Z" duration="0.000188" asserts="0">
          <properties>
            <property name="retryIteration" value="0" />
            <property name="repeatIteration" value="0" />
          </properties>
        </test-case>
      </test-suite>
      <test-suite type="TestFixture" id="1566" name="Level5VersusSeriesTests" fullname="Level5VersusSeriesTests" classname="Level5VersusSeriesTests" runstate="Runnable" testcasecount="20" result="Passed" start-time="2026-08-23 23:14:34Z" end-time="2026-08-23 23:14:34Z" duration="0.008367" total="20" passed="20" failed="0" inconclusive="0" skipped="0" asserts="0">
        <properties />
        <test-case id="1584" name="ACompletedSeriesRefusesEveryFurtherOperation" fullname="Level5VersusSeriesTests.ACompletedSeriesRefusesEveryFurtherOperation" methodname="ACompletedSeriesRefusesEveryFurtherOperation" classname="Level5VersusSeriesTests" runstate="Runnable" seed="606249819" result="Passed" start-time="2026-08-23 23:14:34Z" end-time="2026-08-23 23:14:34Z" duration="0.000433" asserts="0">
          <properties>
            <property name="retryIteration" value="0" />
            <property name="repeatIteration" value="0" />
          </properties>
        </test-case>
        <test-case id="1583" name="ADeclinedSeriesIsOverAndCannotBeAccepted" fullname="Level5VersusSeriesTests.ADeclinedSeriesIsOverAndCannotBeAccepted" methodname="ADeclinedSeriesIsOverAndCannotBeAccepted" classname="Level5VersusSeriesTests" runstate="Runnable" seed="1650403995" result="Passed" start-time="2026-08-23 23:14:34Z" end-time="2026-08-23 23:14:34Z" duration="0.000308" asserts="0">
          <properties>
            <property name="retryIteration" value="0" />
            <property name="repeatIteration" value="0" />
          </properties>
        </test-case>
        <test-case id="1582" name="AnInvitedSeriesPlaysNothingUntilItIsAccepted" fullname="Level5VersusSeriesTests.AnInvitedSeriesPlaysNothingUntilItIsAccepted" methodname="AnInvitedSeriesPlaysNothingUntilItIsAccepted" classname="Level5VersusSeriesTests" runstate="Runnable" seed="1748326541" result="Passed" start-time="2026-08-23 23:14:34Z" end-time="2026-08-23 23:14:34Z" duration="0.000246" asserts="0">
          <properties>
            <property name="retryIteration" value="0" />
            <property name="repeatIteration" value="0" />
          </properties>
        </test-case>
        <test-case id="1568" name="APlaylistMustBeExactlyAsLongAsTheFormat" fullname="Level5VersusSeriesTests.APlaylistMustBeExactlyAsLongAsTheFormat" methodname="APlaylistMustBeExactlyAsLongAsTheFormat" classname="Level5VersusSeriesTests" runstate="Runnable" seed="2098693992" result="Passed" start-time="2026-08-23 23:14:34Z" end-time="2026-08-23 23:14:34Z" duration="0.000302" asserts="0">
          <properties>
            <property name="retryIteration" value="0" />
            <property name="repeatIteration" value="0" />
          </properties>
        </test-case>
        <test-case id="1586" name="ASeriesCanPinTheFirstAttemptToOneParticipant" fullname="Level5VersusSeriesTests.ASeriesCanPinTheFirstAttemptToOneParticipant" methodname="ASeriesCanPinTheFirstAttemptToOneParticipant" classname="Level5VersusSeriesTests" runstate="Runnable" seed="1267573054" result="Passed" start-time="2026-08-23 23:14:34Z" end-time="2026-08-23 23:14:34Z" duration="0.000215" asserts="0">
          <properties>
            <property name="retryIteration" value="0" />
            <property name="repeatIteration" value="0" />
          </properties>
        </test-case>
        <test-case id="1580" name="ASeriesFullOfDrawsFinishesRatherThanWaitingForAWinThatCannotCome" fullname="Level5VersusSeriesTests.ASeriesFullOfDrawsFinishesRatherThanWaitingForAWinThatCannotCome" methodname="ASeriesFullOfDrawsFinishesRatherThanWaitingForAWinThatCannotCome" classname="Level5VersusSeriesTests" runstate="Runnable" seed="1621945141" result="Passed" start-time="2026-08-23 23:14:34Z" end-time="2026-08-23 23:14:34Z" duration="0.000305" asserts="0">
          <properties>
            <property name="retryIteration" value="0" />
            <property name="repeatIteration" value="0" />
          </properties>
        </test-case>
        <test-case id="1569" name="BestOf1IsSettledByTheFirstGame" fullname="Level5VersusSeriesTests.BestOf1IsSettledByTheFirstGame" methodname="BestOf1IsSettledByTheFirstGame" classname="Level5VersusSeriesTests" runstate="Runnable" seed="789940526" result="Passed" start-time="2026-08-23 23:14:34Z" end-time="2026-08-23 23:14:34Z" duration="0.000263" asserts="0">
          <properties>
            <property name="retryIteration" value="0" />
            <property name="repeatIteration" value="0" />
          </properties>
        </test-case>
        <test-case id="1570" name="BestOf3EndsAtTwoNilAndNeverActivatesGameThree" fullname="Level5VersusSeriesTests.BestOf3EndsAtTwoNilAndNeverActivatesGameThree" methodname="BestOf3EndsAtTwoNilAndNeverActivatesGameThree" classname="Level5VersusSeriesTests" runstate="Runnable" seed="220964507" result="Passed" start-time="2026-08-23 23:14:34Z" end-time="2026-08-23 23:14:34Z" duration="0.000275" asserts="0">
          <properties>
            <property name="retryIteration" value="0" />
            <property name="repeatIteration" value="0" />
          </properties>
        </test-case>
        <test-case id="1572" name="BestOf3GoesToThreeGamesWhenItIsOneAll" fullname="Level5VersusSeriesTests.BestOf3GoesToThreeGamesWhenItIsOneAll" methodname="BestOf3GoesToThreeGamesWhenItIsOneAll" classname="Level5VersusSeriesTests" runstate="Runnable" seed="1901578609" result="Passed" start-time="2026-08-23 23:14:34Z" end-time="2026-08-23 23:14:34Z" duration="0.000351" asserts="0">
          <properties>
            <property name="retryIteration" value="0" />
            <property name="repeatIteration" value="0" />
          </properties>
        </test-case>
        <test-case id="1573" name="BestOf5EndsAtThreeNil" fullname="Level5VersusSeriesTests.BestOf5EndsAtThreeNil" methodname="BestOf5EndsAtThreeNil" classname="Level5VersusSeriesTests" runstate="Runnable" seed="859155473" result="Passed" start-time="2026-08-23 23:14:34Z" end-time="2026-08-23 23:14:34Z" duration="0.000392" asserts="0">
          <properties>
            <property name="retryIteration" value="0" />
            <property name="repeatIteration" value="0" />
          </properties>
        </test-case>
        <test-case id="1574" name="BestOf5EndsAtThreeOne" fullname="Level5VersusSeriesTests.BestOf5EndsAtThreeOne" methodname="BestOf5EndsAtThreeOne" classname="Level5VersusSeriesTests" runstate="Runnable" seed="642300909" result="Passed" start-time="2026-08-23 23:14:34Z" end-time="2026-08-23 23:14:34Z" duration="0.000176" asserts="0">
          <properties>
            <property name="retryIteration" value="0" />
            <property name="repeatIteration" value="0" />
          </properties>
        </test-case>
        <test-case id="1575" name="BestOf5GoesTheDistanceAtThreeTwo" fullname="Level5VersusSeriesTests.BestOf5GoesTheDistanceAtThreeTwo" methodname="BestOf5GoesTheDistanceAtThreeTwo" classname="Level5VersusSeriesTests" runstate="Runnable" seed="847603453" result="Passed" start-time="2026-08-23 23:14:34Z" end-time="2026-08-23 23:14:34Z" duration="0.000317" asserts="0">
          <properties>
            <property name="retryIteration" value="0" />
            <property name="repeatIteration" value="0" />
          </properties>
        </test-case>
        <test-case id="1576" name="BestOf7EndsAtFourNilWithThreeGamesNeverActivated" fullname="Level5VersusSeriesTests.BestOf7EndsAtFourNilWithThreeGamesNeverActivated" methodname="BestOf7EndsAtFourNilWithThreeGamesNeverActivated" classname="Level5VersusSeriesTests" runstate="Runnable" seed="621123051" result="Passed" start-time="2026-08-23 23:14:34Z" end-time="2026-08-23 23:14:34Z" duration="0.000273" asserts="0">
          <properties>
            <property name="retryIteration" value="0" />
            <property name="repeatIteration" value="0" />
          </properties>
        </test-case>
        <test-case id="1577" name="BestOf7EndsAtFourOne" fullname="Level5VersusSeriesTests.BestOf7EndsAtFourOne" methodname="BestOf7EndsAtFourOne" classname="Level5VersusSeriesTests" runstate="Runnable" seed="585299903" result="Passed" start-time="2026-08-23 23:14:34Z" end-time="2026-08-23 23:14:34Z" duration="0.000184" asserts="0">
          <properties>
            <property name="retryIteration" value="0" />
            <property name="repeatIteration" value="0" />
          </properties>
        </test-case>
        <test-case id="1578" name="BestOf7EndsAtFourTwo" fullname="Level5VersusSeriesTests.BestOf7EndsAtFourTwo" methodname="BestOf7EndsAtFourTwo" classname="Level5VersusSeriesTests" runstate="Runnable" seed="615232707" result="Passed" start-time="2026-08-23 23:14:34Z" end-time="2026-08-23 23:14:34Z" duration="0.000308" asserts="0">
          <properties>
            <property name="retryIteration" value="0" />
            <property name="repeatIteration" value="0" />
          </properties>
        </test-case>
        <test-case id="1571" name="NoAttemptCanBeIssuedForAGameTheSeriesNoLongerNeeds" fullname="Level5VersusSeriesTests.NoAttemptCanBeIssuedForAGameTheSeriesNoLongerNeeds" methodname="NoAttemptCanBeIssuedForAGameTheSeriesNoLongerNeeds" classname="Level5VersusSeriesTests" runstate="Runnable" seed="1430790803" result="Passed" start-time="2026-08-23 23:14:34Z" end-time="2026-08-23 23:14:34Z" duration="0.000398" asserts="0">
          <properties>
            <property name="retryIteration" value="0" />
            <property name="repeatIteration" value="0" />
          </properties>
        </test-case>
        <test-case id="1567" name="OnlyOddSeriesLengthsUpToSevenExist" fullname="Level5VersusSeriesTests.OnlyOddSeriesLengthsUpToSevenExist" methodname="OnlyOddSeriesLengthsUpToSevenExist" classname="Level5VersusSeriesTests" runstate="Runnable" seed="324986159" result="Passed" start-time="2026-08-23 23:14:34Z" end-time="2026-08-23 23:14:34Z" duration="0.000467" asserts="0">
          <properties>
            <property name="retryIteration" value="0" />
            <property name="repeatIteration" value="0" />
          </properties>
        </test-case>
        <test-case id="1585" name="TheRightToAttemptFirstAlternatesBetweenGames" fullname="Level5VersusSeriesTests.TheRightToAttemptFirstAlternatesBetweenGames" methodname="TheRightToAttemptFirstAlternatesBetweenGames" classname="Level5VersusSeriesTests" runstate="Runnable" seed="634344068" result="Passed" start-time="2026-08-23 23:14:34Z" end-time="2026-08-23 23:14:34Z" duration="0.000232" asserts="0">
          <properties>
            <property name="retryIteration" value="0" />
            <property name="repeatIteration" value="0" />
          </properties>
        </test-case>
        <test-case id="1579" name="ThreeAllActivatesGameSevenAndItsWinnerTakesTheSeries" fullname="Level5VersusSeriesTests.ThreeAllActivatesGameSevenAndItsWinnerTakesTheSeries" methodname="ThreeAllActivatesGameSevenAndItsWinnerTakesTheSeries" classname="Level5VersusSeriesTests" runstate="Runnable" seed="626655611" result="Passed" start-time="2026-08-23 23:14:34Z" end-time="2026-08-23 23:14:34Z" duration="0.000481" asserts="0">
          <properties>
            <property name="retryIteration" value="0" />
            <property name="repeatIteration" value="0" />
          </properties>
        </test-case>
        <test-case id="1581" name="WithDrawsInItTheSeriesGoesToWhoeverWonMoreGames" fullname="Level5VersusSeriesTests.WithDrawsInItTheSeriesGoesToWhoeverWonMoreGames" methodname="WithDrawsInItTheSeriesGoesToWhoeverWonMoreGames" classname="Level5VersusSeriesTests" runstate="Runnable" seed="706313106" result="Passed" start-time="2026-08-23 23:14:34Z" end-time="2026-08-23 23:14:34Z" duration="0.000279" asserts="0">
          <properties>
            <property name="retryIteration" value="0" />
            <property name="repeatIteration" value="0" />
          </properties>
        </test-case>
      </test-suite>
      <test-suite type="TestFixture" id="1587" name="Level5VersusVersioningTests" fullname="Level5VersusVersioningTests" classname="Level5VersusVersioningTests" runstate="Runnable" testcasecount="9" result="Passed" start-time="2026-08-23 23:14:34Z" end-time="2026-08-23 23:14:34Z" duration="0.003992" total="9" passed="9" failed="0" inconclusive="0" skipped="0" asserts="0">
        <properties />
        <test-case id="1592" name="ABuildThatCanNoLongerScoreASeriesRefusesToIssueAnAttemptForIt" fullname="Level5VersusVersioningTests.ABuildThatCanNoLongerScoreASeriesRefusesToIssueAnAttemptForIt" methodname="ABuildThatCanNoLongerScoreASeriesRefusesToIssueAnAttemptForIt" classname="Level5VersusVersioningTests" runstate="Runnable" seed="135179628" result="Passed" start-time="2026-08-23 23:14:34Z" end-time="2026-08-23 23:14:34Z" duration="0.000453" asserts="0">
          <properties>
            <property name="retryIteration" value="0" />
            <property name="repeatIteration" value="0" />
          </properties>
        </test-case>
        <test-case id="1588" name="AnActiveSeriesKeepsTheRulesVersionItStartedUnder" fullname="Level5VersusVersioningTests.AnActiveSeriesKeepsTheRulesVersionItStartedUnder" methodname="AnActiveSeriesKeepsTheRulesVersionItStartedUnder" classname="Level5VersusVersioningTests" runstate="Runnable" seed="508764875" result="Passed" start-time="2026-08-23 23:14:34Z" end-time="2026-08-23 23:14:34Z" duration="0.000208" asserts="0">
          <properties>
            <property name="retryIteration" value="0" />
            <property name="repeatIteration" value="0" />
          </properties>
        </test-case>
        <test-case id="1593" name="AnAgedOutSeriesCanStillBeReadEvenThoughItCannotBePlayedOn" fullname="Level5VersusVersioningTests.AnAgedOutSeriesCanStillBeReadEvenThoughItCannotBePlayedOn" methodname="AnAgedOutSeriesCanStillBeReadEvenThoughItCannotBePlayedOn" classname="Level5VersusVersioningTests" runstate="Runnable" seed="2062988511" result="Passed" start-time="2026-08-23 23:14:34Z" end-time="2026-08-23 23:14:34Z" duration="0.000436" asserts="0">
          <properties>
            <property name="retryIteration" value="0" />
            <property name="repeatIteration" value="0" />
          </properties>
        </test-case>
        <test-case id="1590" name="ARestoredSeriesResolvesOnItsOwnFrozenRulesNotOnWhateverTheBuildNowThinks" fullname="Level5VersusVersioningTests.ARestoredSeriesResolvesOnItsOwnFrozenRulesNotOnWhateverTheBuildNowThinks" methodname="ARestoredSeriesResolvesOnItsOwnFrozenRulesNotOnWhateverTheBuildNowThinks" classname="Level5VersusVersioningTests" runstate="Runnable" seed="1954426568" result="Passed" start-time="2026-08-23 23:14:34Z" end-time="2026-08-23 23:14:34Z" duration="0.000363" asserts="0">
          <properties>
            <property name="retryIteration" value="0" />
            <property name="repeatIteration" value="0" />
          </properties>
        </test-case>
        <test-case id="1591" name="AResultProducedUnderTheWrongVersionIsRejected" fullname="Level5VersusVersioningTests.AResultProducedUnderTheWrongVersionIsRejected" methodname="AResultProducedUnderTheWrongVersionIsRejected" classname="Level5VersusVersioningTests" runstate="Runnable" seed="1932839542" result="Passed" start-time="2026-08-23 23:14:34Z" end-time="2026-08-23 23:14:34Z" duration="0.000299" asserts="0">
          <properties>
            <property name="retryIteration" value="0" />
            <property name="repeatIteration" value="0" />
          </properties>
        </test-case>
        <test-case id="1594" name="ASeriesNamingARulesetThisBuildNoLongerHasIsRefusedRatherThanGuessedAt" fullname="Level5VersusVersioningTests.ASeriesNamingARulesetThisBuildNoLongerHasIsRefusedRatherThanGuessedAt" methodname="ASeriesNamingARulesetThisBuildNoLongerHasIsRefusedRatherThanGuessedAt" classname="Level5VersusVersioningTests" runstate="Runnable" seed="2132242892" result="Passed" start-time="2026-08-23 23:14:34Z" end-time="2026-08-23 23:14:34Z" duration="0.000355" asserts="0">
          <properties>
            <property name="retryIteration" value="0" />
            <property name="repeatIteration" value="0" />
          </properties>
        </test-case>
        <test-case id="1595" name="TheBuildVersionAndTheRulesVersionAreSeparateNumbers" fullname="Level5VersusVersioningTests.TheBuildVersionAndTheRulesVersionAreSeparateNumbers" methodname="TheBuildVersionAndTheRulesVersionAreSeparateNumbers" classname="Level5VersusVersioningTests" runstate="Runnable" seed="1359445793" result="Passed" start-time="2026-08-23 23:14:34Z" end-time="2026-08-23 23:14:34Z" duration="0.000255" asserts="0">
          <properties>
            <property name="retryIteration" value="0" />
            <property name="repeatIteration" value="0" />
          </properties>
        </test-case>
        <test-case id="1596" name="TheSnapshotFormatCarriesItsOwnVersionSeparateFromTheRules" fullname="Level5VersusVersioningTests.TheSnapshotFormatCarriesItsOwnVersionSeparateFromTheRules" methodname="TheSnapshotFormatCarriesItsOwnVersionSeparateFromTheRules" classname="Level5VersusVersioningTests" runstate="Runnable" seed="2044502228" result="Passed" start-time="2026-08-23 23:14:34Z" end-time="2026-08-23 23:14:34Z" duration="0.000277" asserts="0">
          <properties>
            <property name="retryIteration" value="0" />
            <property name="repeatIteration" value="0" />
          </properties>
        </test-case>
        <test-case id="1589" name="UpdatingTheCatalogDoesNotTouchASeriesAlreadyUnderWay" fullname="Level5VersusVersioningTests.UpdatingTheCatalogDoesNotTouchASeriesAlreadyUnderWay" methodname="UpdatingTheCatalogDoesNotTouchASeriesAlreadyUnderWay" classname="Level5VersusVersioningTests" runstate="Runnable" seed="510565839" result="Passed" start-time="2026-08-23 23:14:34Z" end-time="2026-08-23 23:14:34Z" duration="0.000260" asserts="0">
          <properties>
            <property name="retryIteration" value="0" />
            <property name="repeatIteration" value="0" />
          </properties>
          <output><![CDATA[Saving results to: C:/Users/Patrick/AppData/LocalLow/level5/level5\TestResults.xml
]]></output>
        </test-case>
      </test-suite>
    </test-suite>
  </test-suite>
</test-run>